#
# There is insufficient memory for the Java Runtime Environment to continue.
# Native memory allocation (mmap) failed to map 51380224 bytes for committing reserved memory.
# Possible reasons:
#   The system is out of physical RAM or swap space
#   In 32 bit mode, the process size limit was hit
# Possible solutions:
#   Reduce memory load on the system
#   Increase physical memory or swap space
#   Check if swap backing store is full
#   Use 64 bit Java on a 64 bit OS
#   Decrease Java heap size (-Xmx/-Xms)
#   Decrease number of Java threads
#   Decrease Java thread stack sizes (-Xss)
#   Set larger code cache with -XX:ReservedCodeCacheSize=
# This output file may be truncated or incomplete.
#
#  Out of Memory Error (os_linux.cpp:2640), pid=33437, tid=0x00007f5e74402700
#
# JRE version: Java(TM) SE Runtime Environment (8.0_151-b12) (build 1.8.0_151-b12)
# Java VM: Java HotSpot(TM) 64-Bit Server VM (25.151-b12 mixed mode linux-amd64 compressed oops)
# Failed to write core dump. Core dumps have been disabled. To enable core dumping, try "ulimit -c unlimited" before starting Java again
#

---------------  T H R E A D  ---------------

Current thread (0x00007f5e88079000):  VMThread [stack: 0x00007f5e74302000,0x00007f5e74403000] [id=33446]

Stack: [0x00007f5e74302000,0x00007f5e74403000],  sp=0x00007f5e74401020,  free space=1020k
Native frames: (J=compiled Java code, j=interpreted, Vv=VM code, C=native code)
V  [libjvm.so+0xacb58a]  VMError::report_and_die()+0x2ba
V  [libjvm.so+0x4ff4ab]  report_vm_out_of_memory(char const*, int, unsigned long, VMErrorType, char const*)+0x8b
V  [libjvm.so+0x928113]  os::Linux::commit_memory_impl(char*, unsigned long, bool)+0x103
V  [libjvm.so+0x928669]  os::pd_commit_memory(char*, unsigned long, unsigned long, bool)+0x29
V  [libjvm.so+0x92288a]  os::commit_memory(char*, unsigned long, unsigned long, bool)+0x2a
V  [libjvm.so+0x9973e3]  PSVirtualSpace::expand_by(unsigned long)+0x53
V  [libjvm.so+0x9987e8]  PSYoungGen::resize_generation(unsigned long, unsigned long)+0xf8
V  [libjvm.so+0x997942]  PSYoungGen::resize(unsigned long, unsigned long)+0x22
V  [libjvm.so+0x994c1b]  PSScavenge::invoke_no_policy()+0xf3b
V  [libjvm.so+0x9953a1]  PSScavenge::invoke()+0x41
V  [libjvm.so+0x94c0d0]  ParallelScavengeHeap::failed_mem_allocate(unsigned long)+0x70
V  [libjvm.so+0xaccfa7]  VM_ParallelGCFailedAllocation::doit()+0x97
V  [libjvm.so+0xad4a85]  VM_Operation::evaluate()+0x55
V  [libjvm.so+0xad2e5a]  VMThread::evaluate_operation(VM_Operation*)+0xba
V  [libjvm.so+0xad31de]  VMThread::loop()+0x1ce
V  [libjvm.so+0xad3650]  VMThread::run()+0x70
V  [libjvm.so+0x92a728]  java_start(Thread*)+0x108

VM_Operation (0x00007f5e8e522b60): ParallelGCFailedAllocation, mode: safepoint, requested by thread 0x00007f5e8800d800


---------------  P R O C E S S  ---------------

Java Threads: ( => current thread )
  0x00007f5e20001000 JavaThread "HikariPool-1 connection adder" daemon [_thread_blocked, id=33464, stack(0x00007f5e6c7d3000,0x00007f5e6c8d4000)]
  0x00007f5e88f6f000 JavaThread "HikariPool-1 housekeeper" daemon [_thread_blocked, id=33463, stack(0x00007f5e6c8d4000,0x00007f5e6c9d5000)]
  0x00007f5e88548000 JavaThread "Abandoned connection cleanup thread" daemon [_thread_blocked, id=33462, stack(0x00007f5e6d455000,0x00007f5e6d556000)]
  0x00007f5e88b49800 JavaThread "mysql-cj-abandoned-connection-cleanup" daemon [_thread_blocked, id=33461, stack(0x00007f5e6d556000,0x00007f5e6d657000)]
  0x00007f5e88b35000 JavaThread "container-0" [_thread_blocked, id=33460, stack(0x00007f5e6d657000,0x00007f5e6d758000)]
  0x00007f5e88b31800 JavaThread "ContainerBackgroundProcessor[StandardEngine[Tomcat]]" daemon [_thread_blocked, id=33459, stack(0x00007f5e6d758000,0x00007f5e6d859000)]
  0x00007f5e44369000 JavaThread "localhost-startStop-1" daemon [_thread_blocked, id=33458, stack(0x00007f5e6e463000,0x00007f5e6e564000)]
  0x00007f5e88b3f000 JavaThread "Tomcat-startStop-1" daemon [_thread_blocked, id=33457, stack(0x00007f5e6f62b000,0x00007f5e6f72c000)]
  0x00007f5e880bf800 JavaThread "Service Thread" daemon [_thread_blocked, id=33452, stack(0x00007f5e6fa61000,0x00007f5e6fb62000)]
  0x00007f5e880bd000 JavaThread "C1 CompilerThread1" daemon [_thread_blocked, id=33451, stack(0x00007f5e6fb62000,0x00007f5e6fc63000)]
  0x00007f5e880ba000 JavaThread "C2 CompilerThread0" daemon [_thread_blocked, id=33450, stack(0x00007f5e6fc63000,0x00007f5e6fd64000)]
  0x00007f5e880b8800 JavaThread "Signal Dispatcher" daemon [_thread_blocked, id=33449, stack(0x00007f5e6fd64000,0x00007f5e6fe65000)]
  0x00007f5e88085800 JavaThread "Finalizer" daemon [_thread_blocked, id=33448, stack(0x00007f5e74100000,0x00007f5e74201000)]
  0x00007f5e88081000 JavaThread "Reference Handler" daemon [_thread_blocked, id=33447, stack(0x00007f5e74201000,0x00007f5e74302000)]
  0x00007f5e8800d800 JavaThread "main" [_thread_blocked, id=33442, stack(0x00007f5e8e427000,0x00007f5e8e528000)]

Other Threads:
=>0x00007f5e88079000 VMThread [stack: 0x00007f5e74302000,0x00007f5e74403000] [id=33446]
  0x00007f5e880c2800 WatcherThread [stack: 0x00007f5e6f960000,0x00007f5e6fa61000] [id=33453]

VM state:at safepoint (normal execution)

VM Mutex/Monitor currently owned by a thread:  ([mutex/lock_event])
[0x00007f5e880098b0] Threads_lock - owner thread: 0x00007f5e88079000
[0x00007f5e88009db0] Heap_lock - owner thread: 0x00007f5e8800d800

Heap:
 PSYoungGen      total 151552K, used 11752K [0x00000000eb780000, 0x00000000f5880000, 0x0000000100000000)
  eden space 139776K, 0% used [0x00000000eb780000,0x00000000eb780000,0x00000000f4000000)
  from space 11776K, 99% used [0x00000000f4000000,0x00000000f4b7a018,0x00000000f4b80000)
  to   space 12288K, 0% used [0x00000000f4b80000,0x00000000f4b80000,0x00000000f5780000)
 ParOldGen       total 55296K, used 22023K [0x00000000c2600000, 0x00000000c5c00000, 0x00000000eb780000)
  object space 55296K, 39% used [0x00000000c2600000,0x00000000c3b81d98,0x00000000c5c00000)
 Metaspace       used 48838K, capacity 50468K, committed 50776K, reserved 1093632K
  class space    used 6439K, capacity 6734K, committed 6784K, reserved 1048576K

Card table byte_map: [0x00007f5e77ff8000,0x00007f5e781e6000] byte_map_base: 0x00007f5e779e5000

Marking Bits: (ParMarkBitMap*) 0x00007f5e8d923f80
 Begin Bits: [0x00007f5e75cdc000, 0x00007f5e76c44000)
 End Bits:   [0x00007f5e76c44000, 0x00007f5e77bac000)

Polling page: 0x00007f5e8e546000

CodeCache: size=245760Kb used=13135Kb max_used=13146Kb free=232624Kb
 bounds [0x00007f5e785a6000, 0x00007f5e79296000, 0x00007f5e875a6000]
 total_blobs=4456 nmethods=3939 adapters=429
 compilation: enabled

Compilation events (10 events):
Event: 7.633 Thread 0x00007f5e880bd000 4259       1       org.hibernate.service.spi.ServiceBinding::getService (5 bytes)
Event: 7.634 Thread 0x00007f5e880bd000 nmethod 4259 0x00007f5e792803d0 code [0x00007f5e79280520, 0x00007f5e79280630]
Event: 7.634 Thread 0x00007f5e880ba000 4260       4       java.io.File::exists (43 bytes)
Event: 7.649 Thread 0x00007f5e880ba000 nmethod 4260 0x00007f5e79283a50 code [0x00007f5e79283c20, 0x00007f5e792843b8]
Event: 7.676 Thread 0x00007f5e880bd000 4261       3       java.beans.Introspector::decapitalize (68 bytes)
Event: 7.677 Thread 0x00007f5e880bd000 nmethod 4261 0x00007f5e792812d0 code [0x00007f5e792815e0, 0x00007f5e79282cd8]
Event: 7.678 Thread 0x00007f5e880ba000 4262       4       java.lang.String::<init> (15 bytes)
Event: 7.680 Thread 0x00007f5e880ba000 nmethod 4262 0x00007f5e79280f50 code [0x00007f5e792810a0, 0x00007f5e792811f8]
Event: 7.685 Thread 0x00007f5e880bd000 4264       3       jdk.internal.org.objectweb.asm.FieldWriter::getSize (262 bytes)
Event: 7.686 Thread 0x00007f5e880ba000 4263       4       java.io.UnixFileSystem::resolve (103 bytes)

GC Heap History (10 events):
Event: 2.855 GC heap after
Heap after GC invocations=8 (full 1):
 PSYoungGen      total 70656K, used 4056K [0x00000000eb780000, 0x00000000f2a80000, 0x0000000100000000)
  eden space 63488K, 0% used [0x00000000eb780000,0x00000000eb780000,0x00000000ef580000)
  from space 7168K, 56% used [0x00000000ef580000,0x00000000ef9761e0,0x00000000efc80000)
  to   space 6656K, 0% used [0x00000000f2400000,0x00000000f2400000,0x00000000f2a80000)
 ParOldGen       total 36352K, used 10083K [0x00000000c2600000, 0x00000000c4980000, 0x00000000eb780000)
  object space 36352K, 27% used [0x00000000c2600000,0x00000000c2fd8f90,0x00000000c4980000)
 Metaspace       used 23589K, capacity 24306K, committed 24448K, reserved 1071104K
  class space    used 3019K, capacity 3189K, committed 3200K, reserved 1048576K
}
Event: 4.127 GC heap before
{Heap before GC invocations=9 (full 1):
 PSYoungGen      total 70656K, used 67544K [0x00000000eb780000, 0x00000000f2a80000, 0x0000000100000000)
  eden space 63488K, 100% used [0x00000000eb780000,0x00000000ef580000,0x00000000ef580000)
  from space 7168K, 56% used [0x00000000ef580000,0x00000000ef9761e0,0x00000000efc80000)
  to   space 6656K, 0% used [0x00000000f2400000,0x00000000f2400000,0x00000000f2a80000)
 ParOldGen       total 36352K, used 10083K [0x00000000c2600000, 0x00000000c4980000, 0x00000000eb780000)
  object space 36352K, 27% used [0x00000000c2600000,0x00000000c2fd8f90,0x00000000c4980000)
 Metaspace       used 28755K, capacity 30082K, committed 30208K, reserved 1075200K
  class space    used 3728K, capacity 3999K, committed 4096K, reserved 1048576K
Event: 4.137 GC heap after
Heap after GC invocations=9 (full 1):
 PSYoungGen      total 108032K, used 6640K [0x00000000eb780000, 0x00000000f2b80000, 0x0000000100000000)
  eden space 101376K, 0% used [0x00000000eb780000,0x00000000eb780000,0x00000000f1a80000)
  from space 6656K, 99% used [0x00000000f2400000,0x00000000f2a7c290,0x00000000f2a80000)
  to   space 8704K, 0% used [0x00000000f1a80000,0x00000000f1a80000,0x00000000f2300000)
 ParOldGen       total 36352K, used 12874K [0x00000000c2600000, 0x00000000c4980000, 0x00000000eb780000)
  object space 36352K, 35% used [0x00000000c2600000,0x00000000c3292be0,0x00000000c4980000)
 Metaspace       used 28755K, capacity 30082K, committed 30208K, reserved 1075200K
  class space    used 3728K, capacity 3999K, committed 4096K, reserved 1048576K
}
Event: 4.801 GC heap before
{Heap before GC invocations=10 (full 1):
 PSYoungGen      total 108032K, used 108016K [0x00000000eb780000, 0x00000000f2b80000, 0x0000000100000000)
  eden space 101376K, 100% used [0x00000000eb780000,0x00000000f1a80000,0x00000000f1a80000)
  from space 6656K, 99% used [0x00000000f2400000,0x00000000f2a7c290,0x00000000f2a80000)
  to   space 8704K, 0% used [0x00000000f1a80000,0x00000000f1a80000,0x00000000f2300000)
 ParOldGen       total 36352K, used 12874K [0x00000000c2600000, 0x00000000c4980000, 0x00000000eb780000)
  object space 36352K, 35% used [0x00000000c2600000,0x00000000c3292be0,0x00000000c4980000)
 Metaspace       used 32799K, capacity 34116K, committed 34176K, reserved 1079296K
  class space    used 4203K, capacity 4480K, committed 4480K, reserved 1048576K
Event: 4.821 GC heap after
Heap after GC invocations=10 (full 1):
 PSYoungGen      total 110080K, used 8689K [0x00000000eb780000, 0x00000000f5780000, 0x0000000100000000)
  eden space 101376K, 0% used [0x00000000eb780000,0x00000000eb780000,0x00000000f1a80000)
  from space 8704K, 99% used [0x00000000f1a80000,0x00000000f22fc7b8,0x00000000f2300000)
  to   space 12288K, 0% used [0x00000000f4b80000,0x00000000f4b80000,0x00000000f5780000)
 ParOldGen       total 36352K, used 19075K [0x00000000c2600000, 0x00000000c4980000, 0x00000000eb780000)
  object space 36352K, 52% used [0x00000000c2600000,0x00000000c38a0d28,0x00000000c4980000)
 Metaspace       used 32799K, capacity 34116K, committed 34176K, reserved 1079296K
  class space    used 4203K, capacity 4480K, committed 4480K, reserved 1048576K
}
Event: 5.257 GC heap before
{Heap before GC invocations=11 (full 1):
 PSYoungGen      total 110080K, used 29686K [0x00000000eb780000, 0x00000000f5780000, 0x0000000100000000)
  eden space 101376K, 20% used [0x00000000eb780000,0x00000000ecc01128,0x00000000f1a80000)
  from space 8704K, 99% used [0x00000000f1a80000,0x00000000f22fc7b8,0x00000000f2300000)
  to   space 12288K, 0% used [0x00000000f4b80000,0x00000000f4b80000,0x00000000f5780000)
 ParOldGen       total 36352K, used 19075K [0x00000000c2600000, 0x00000000c4980000, 0x00000000eb780000)
  object space 36352K, 52% used [0x00000000c2600000,0x00000000c38a0d28,0x00000000c4980000)
 Metaspace       used 33866K, capacity 35290K, committed 35416K, reserved 1079296K
  class space    used 4350K, capacity 4617K, committed 4736K, reserved 1048576K
Event: 5.275 GC heap after
Heap after GC invocations=11 (full 1):
 PSYoungGen      total 152064K, used 5299K [0x00000000eb780000, 0x00000000f5880000, 0x0000000100000000)
  eden space 139776K, 0% used [0x00000000eb780000,0x00000000eb780000,0x00000000f4000000)
  from space 12288K, 43% used [0x00000000f4b80000,0x00000000f50acd88,0x00000000f5780000)
  to   space 11776K, 0% used [0x00000000f4000000,0x00000000f4000000,0x00000000f4b80000)
 ParOldGen       total 36352K, used 24308K [0x00000000c2600000, 0x00000000c4980000, 0x00000000eb780000)
  object space 36352K, 66% used [0x00000000c2600000,0x00000000c3dbd0d0,0x00000000c4980000)
 Metaspace       used 33866K, capacity 35290K, committed 35416K, reserved 1079296K
  class space    used 4350K, capacity 4617K, committed 4736K, reserved 1048576K
}
Event: 5.275 GC heap before
{Heap before GC invocations=12 (full 2):
 PSYoungGen      total 152064K, used 5299K [0x00000000eb780000, 0x00000000f5880000, 0x0000000100000000)
  eden space 139776K, 0% used [0x00000000eb780000,0x00000000eb780000,0x00000000f4000000)
  from space 12288K, 43% used [0x00000000f4b80000,0x00000000f50acd88,0x00000000f5780000)
  to   space 11776K, 0% used [0x00000000f4000000,0x00000000f4000000,0x00000000f4b80000)
 ParOldGen       total 36352K, used 24308K [0x00000000c2600000, 0x00000000c4980000, 0x00000000eb780000)
  object space 36352K, 66% used [0x00000000c2600000,0x00000000c3dbd0d0,0x00000000c4980000)
 Metaspace       used 33866K, capacity 35290K, committed 35416K, reserved 1079296K
  class space    used 4350K, capacity 4617K, committed 4736K, reserved 1048576K
Event: 5.356 GC heap after
Heap after GC invocations=12 (full 2):
 PSYoungGen      total 152064K, used 0K [0x00000000eb780000, 0x00000000f5880000, 0x0000000100000000)
  eden space 139776K, 0% used [0x00000000eb780000,0x00000000eb780000,0x00000000f4000000)
  from space 12288K, 0% used [0x00000000f4b80000,0x00000000f4b80000,0x00000000f5780000)
  to   space 11776K, 0% used [0x00000000f4000000,0x00000000f4000000,0x00000000f4b80000)
 ParOldGen       total 55296K, used 17512K [0x00000000c2600000, 0x00000000c5c00000, 0x00000000eb780000)
  object space 55296K, 31% used [0x00000000c2600000,0x00000000c371a0b8,0x00000000c5c00000)
 Metaspace       used 33866K, capacity 35290K, committed 35416K, reserved 1079296K
  class space    used 4350K, capacity 4617K, committed 4736K, reserved 1048576K
}
Event: 7.687 GC heap before
{Heap before GC invocations=13 (full 2):
 PSYoungGen      total 152064K, used 139776K [0x00000000eb780000, 0x00000000f5880000, 0x0000000100000000)
  eden space 139776K, 100% used [0x00000000eb780000,0x00000000f4000000,0x00000000f4000000)
  from space 12288K, 0% used [0x00000000f4b80000,0x00000000f4b80000,0x00000000f5780000)
  to   space 11776K, 0% used [0x00000000f4000000,0x00000000f4000000,0x00000000f4b80000)
 ParOldGen       total 55296K, used 17512K [0x00000000c2600000, 0x00000000c5c00000, 0x00000000eb780000)
  object space 55296K, 31% used [0x00000000c2600000,0x00000000c371a0b8,0x00000000c5c00000)
 Metaspace       used 48838K, capacity 50468K, committed 50776K, reserved 1093632K
  class space    used 6439K, capacity 6734K, committed 6784K, reserved 1048576K

Deoptimization events (10 events):
Event: 6.563 Thread 0x00007f5e20001000 Uncommon trap: reason=bimorphic action=maybe_recompile pc=0x00007f5e78fa4ac4 method=java.util.Hashtable.get(Ljava/lang/Object;)Ljava/lang/Object; @ 6
Event: 6.569 Thread 0x00007f5e20001000 Uncommon trap: reason=class_check action=maybe_recompile pc=0x00007f5e789327bc method=java.lang.StringCoding$StringEncoder.encode([CII)[B @ 30
Event: 6.631 Thread 0x00007f5e20001000 Uncommon trap: reason=class_check action=maybe_recompile pc=0x00007f5e789327bc method=java.lang.StringCoding$StringEncoder.encode([CII)[B @ 30
Event: 6.683 Thread 0x00007f5e20001000 Uncommon trap: reason=class_check action=maybe_recompile pc=0x00007f5e789327bc method=java.lang.StringCoding$StringEncoder.encode([CII)[B @ 30
Event: 6.722 Thread 0x00007f5e8800d800 Uncommon trap: reason=bimorphic action=maybe_recompile pc=0x00007f5e78fee044 method=java.util.AbstractList$Itr.next()Ljava/lang/Object; @ 14
Event: 6.725 Thread 0x00007f5e8800d800 Uncommon trap: reason=bimorphic action=maybe_recompile pc=0x00007f5e78fee044 method=java.util.AbstractList$Itr.next()Ljava/lang/Object; @ 14
Event: 6.725 Thread 0x00007f5e8800d800 Uncommon trap: reason=bimorphic action=maybe_recompile pc=0x00007f5e78fee044 method=java.util.AbstractList$Itr.next()Ljava/lang/Object; @ 14
Event: 6.725 Thread 0x00007f5e8800d800 Uncommon trap: reason=bimorphic action=maybe_recompile pc=0x00007f5e78fee044 method=java.util.AbstractList$Itr.next()Ljava/lang/Object; @ 14
Event: 6.825 Thread 0x00007f5e8800d800 Uncommon trap: reason=unstable_if action=reinterpret pc=0x00007f5e78e7048c method=java.lang.ClassLoader.getClassLoadingLock(Ljava/lang/String;)Ljava/lang/Object; @ 6
Event: 7.406 Thread 0x00007f5e8800d800 Uncommon trap: reason=unstable_if action=reinterpret pc=0x00007f5e78f4694c method=java.lang.Class$MethodArray.addIfNotPresent(Ljava/lang/reflect/Method;)V @ 19

Internal exceptions (10 events):
Event: 5.172 Thread 0x00007f5e8800d800 Exception <a 'java/lang/NullPointerException'> (0x00000000ec6d8688) thrown at [/HUDSON/workspace/8-2-build-linux-amd64/jdk8u151/9699/hotspot/src/share/vm/runtime/sharedRuntime.cpp, line 605]
Event: 5.172 Thread 0x00007f5e8800d800 Implicit null exception at 0x00007f5e78d2014d to 0x00007f5e78d206bc
Event: 5.172 Thread 0x00007f5e8800d800 Exception <a 'java/lang/NullPointerException'> (0x00000000ec6d9460) thrown at [/HUDSON/workspace/8-2-build-linux-amd64/jdk8u151/9699/hotspot/src/share/vm/runtime/sharedRuntime.cpp, line 605]
Event: 5.172 Thread 0x00007f5e8800d800 Implicit null exception at 0x00007f5e78d2014d to 0x00007f5e78d206bc
Event: 5.172 Thread 0x00007f5e8800d800 Exception <a 'java/lang/NullPointerException'> (0x00000000ec6da228) thrown at [/HUDSON/workspace/8-2-build-linux-amd64/jdk8u151/9699/hotspot/src/share/vm/runtime/sharedRuntime.cpp, line 605]
Event: 5.172 Thread 0x00007f5e8800d800 Implicit null exception at 0x00007f5e78d2014d to 0x00007f5e78d206bc
Event: 5.172 Thread 0x00007f5e8800d800 Exception <a 'java/lang/NullPointerException'> (0x00000000ec6dafd8) thrown at [/HUDSON/workspace/8-2-build-linux-amd64/jdk8u151/9699/hotspot/src/share/vm/runtime/sharedRuntime.cpp, line 605]
Event: 6.348 Thread 0x00007f5e8800d800 Implicit null exception at 0x00007f5e787d2376 to 0x00007f5e787d2721
Event: 6.351 Thread 0x00007f5e8800d800 Implicit null exception at 0x00007f5e78744d87 to 0x00007f5e78745039
Event: 7.526 Thread 0x00007f5e8800d800 Exception <a 'java/lang/NoSuchMethodError': java.lang.Object.lambda$andThen$1(Ljava/util/function/Function;Ljava/lang/Object;)Ljava/lang/Object;> (0x00000000f3851930) thrown at [/HUDSON/workspace/8-2-build-linux-amd64/jdk8u151/9699/hotspot/src/share/vm/in

Events (10 events):
Event: 7.682 loading class net/bytebuddy/TypeCache$SimpleKey done
Event: 7.683 loading class net/bytebuddy/ByteBuddy
Event: 7.683 loading class net/bytebuddy/ByteBuddy done
Event: 7.683 loading class net/bytebuddy/ByteBuddy
Event: 7.683 loading class net/bytebuddy/ByteBuddy done
Event: 7.683 loading class org/hibernate/proxy/pojo/bytebuddy/ByteBuddyProxyHelper
Event: 7.683 loading class org/hibernate/proxy/pojo/bytebuddy/ByteBuddyProxyHelper done
Event: 7.684 loading class org/hibernate/bytecode/internal/bytebuddy/ByteBuddyState
Event: 7.684 loading class org/hibernate/bytecode/internal/bytebuddy/ByteBuddyState done
Event: 7.686 Executing VM operation: ParallelGCFailedAllocation


Dynamic libraries:
00400000-00401000 r-xp 00000000 fe:00 801902                             /opt/java-jdk/jdk1.8.0_151/bin/java
00600000-00601000 rw-p 00000000 fe:00 801902                             /opt/java-jdk/jdk1.8.0_151/bin/java
009e6000-00a07000 rw-p 00000000 00:00 0                                  [heap]
c2600000-c5c00000 rw-p 00000000 00:00 0 
c5c00000-eb780000 ---p 00000000 00:00 0 
eb780000-f5880000 rw-p 00000000 00:00 0 
f8980000-100000000 ---p 00000000 00:00 0 
100000000-1006a0000 rw-p 00000000 00:00 0 
1006a0000-140000000 ---p 00000000 00:00 0 
7f5e20000000-7f5e20021000 rw-p 00000000 00:00 0 
7f5e20021000-7f5e24000000 ---p 00000000 00:00 0 
7f5e24000000-7f5e24021000 rw-p 00000000 00:00 0 
7f5e24021000-7f5e28000000 ---p 00000000 00:00 0 
7f5e28000000-7f5e28021000 rw-p 00000000 00:00 0 
7f5e28021000-7f5e2c000000 ---p 00000000 00:00 0 
7f5e2c000000-7f5e2c021000 rw-p 00000000 00:00 0 
7f5e2c021000-7f5e30000000 ---p 00000000 00:00 0 
7f5e30000000-7f5e30021000 rw-p 00000000 00:00 0 
7f5e30021000-7f5e34000000 ---p 00000000 00:00 0 
7f5e34000000-7f5e34021000 rw-p 00000000 00:00 0 
7f5e34021000-7f5e38000000 ---p 00000000 00:00 0 
7f5e38000000-7f5e380bd000 rw-p 00000000 00:00 0 
7f5e380bd000-7f5e3c000000 ---p 00000000 00:00 0 
7f5e3cdff000-7f5e3ceff000 rw-p 00000000 00:00 0 
7f5e3ceff000-7f5e3cfff000 ---p 00000000 00:00 0 
7f5e3cfff000-7f5e40000000 rw-p 00000000 00:00 0 
7f5e40000000-7f5e40021000 rw-p 00000000 00:00 0 
7f5e40021000-7f5e44000000 ---p 00000000 00:00 0 
7f5e44000000-7f5e44387000 rw-p 00000000 00:00 0 
7f5e44387000-7f5e48000000 ---p 00000000 00:00 0 
7f5e48000000-7f5e48c6a000 rw-p 00000000 00:00 0 
7f5e48c6a000-7f5e4c000000 ---p 00000000 00:00 0 
7f5e4c000000-7f5e4c021000 rw-p 00000000 00:00 0 
7f5e4c021000-7f5e50000000 ---p 00000000 00:00 0 
7f5e50000000-7f5e50021000 rw-p 00000000 00:00 0 
7f5e50021000-7f5e54000000 ---p 00000000 00:00 0 
7f5e54000000-7f5e55f28000 rw-p 00000000 00:00 0 
7f5e55f28000-7f5e58000000 ---p 00000000 00:00 0 
7f5e58000000-7f5e58021000 rw-p 00000000 00:00 0 
7f5e58021000-7f5e5c000000 ---p 00000000 00:00 0 
7f5e5c000000-7f5e5c021000 rw-p 00000000 00:00 0 
7f5e5c021000-7f5e60000000 ---p 00000000 00:00 0 
7f5e60000000-7f5e60021000 rw-p 00000000 00:00 0 
7f5e60021000-7f5e64000000 ---p 00000000 00:00 0 
7f5e64000000-7f5e6428f000 rw-p 00000000 00:00 0 
7f5e6428f000-7f5e68000000 ---p 00000000 00:00 0 
7f5e68000000-7f5e68021000 rw-p 00000000 00:00 0 
7f5e68021000-7f5e6c000000 ---p 00000000 00:00 0 
7f5e6c1d3000-7f5e6c3d3000 rw-p 00000000 00:00 0 
7f5e6c3d3000-7f5e6c5d3000 rw-p 00000000 00:00 0 
7f5e6c5d3000-7f5e6c7d3000 rw-p 00000000 00:00 0 
7f5e6c7d3000-7f5e6c7d6000 ---p 00000000 00:00 0 
7f5e6c7d6000-7f5e6c8d4000 rw-p 00000000 00:00 0 
7f5e6c8d4000-7f5e6c8d7000 ---p 00000000 00:00 0 
7f5e6c8d7000-7f5e6c9d5000 rw-p 00000000 00:00 0 
7f5e6c9d5000-7f5e6cbd5000 rw-p 00000000 00:00 0 
7f5e6cbd5000-7f5e6cbeb000 r-xp 00000000 fe:00 1305707                    /lib/x86_64-linux-gnu/libgcc_s.so.1
7f5e6cbeb000-7f5e6cdea000 ---p 00016000 fe:00 1305707                    /lib/x86_64-linux-gnu/libgcc_s.so.1
7f5e6cdea000-7f5e6cdeb000 r--p 00015000 fe:00 1305707                    /lib/x86_64-linux-gnu/libgcc_s.so.1
7f5e6cdeb000-7f5e6cdec000 rw-p 00016000 fe:00 1305707                    /lib/x86_64-linux-gnu/libgcc_s.so.1
7f5e6ce04000-7f5e6ce09000 r--s 0003e000 fe:00 1441800                    /opt/java-jdk/jdk1.8.0_151/jre/lib/ext/sunjce_provider.jar
7f5e6ce09000-7f5e6ce3b000 r-xp 00000000 fe:00 1183656                    /opt/java-jdk/jdk1.8.0_151/jre/lib/amd64/libsunec.so
7f5e6ce3b000-7f5e6d03a000 ---p 00032000 fe:00 1183656                    /opt/java-jdk/jdk1.8.0_151/jre/lib/amd64/libsunec.so
7f5e6d03a000-7f5e6d040000 rw-p 00031000 fe:00 1183656                    /opt/java-jdk/jdk1.8.0_151/jre/lib/amd64/libsunec.so
7f5e6d040000-7f5e6d050000 rw-p 00000000 00:00 0 
7f5e6d050000-7f5e6d052000 r--s 00009000 fe:00 1441790                    /opt/java-jdk/jdk1.8.0_151/jre/lib/ext/sunec.jar
7f5e6d052000-7f5e6d252000 rw-p 00000000 00:00 0 
7f5e6d252000-7f5e6d255000 r--s 0001a000 fe:00 1183716                    /opt/java-jdk/jdk1.8.0_151/jre/lib/jce.jar
7f5e6d255000-7f5e6d455000 rw-p 00000000 00:00 0 
7f5e6d455000-7f5e6d458000 ---p 00000000 00:00 0 
7f5e6d458000-7f5e6d556000 rw-p 00000000 00:00 0 
7f5e6d556000-7f5e6d559000 ---p 00000000 00:00 0 
7f5e6d559000-7f5e6d657000 rw-p 00000000 00:00 0 
7f5e6d657000-7f5e6d65a000 ---p 00000000 00:00 0 
7f5e6d65a000-7f5e6d758000 rw-p 00000000 00:00 0 
7f5e6d758000-7f5e6d75b000 ---p 00000000 00:00 0 
7f5e6d75b000-7f5e6d859000 rw-p 00000000 00:00 0 
7f5e6d859000-7f5e6da4f000 rw-p 00000000 00:00 0 
7f5e6da4f000-7f5e6da59000 ---p 00000000 00:00 0 
7f5e6da59000-7f5e6da5e000 r--s 002f9000 fe:00 1183633                    /opt/java-jdk/jdk1.8.0_151/jre/lib/charsets.jar
7f5e6da5e000-7f5e6dc5e000 rw-p 00000000 00:00 0 
7f5e6dc5e000-7f5e6dc63000 r--s 0009a000 fe:00 1183645                    /opt/java-jdk/jdk1.8.0_151/jre/lib/jsse.jar
7f5e6dc63000-7f5e6de63000 rw-p 00000000 00:00 0 
7f5e6de63000-7f5e6e063000 rw-p 00000000 00:00 0 
7f5e6e063000-7f5e6e263000 rw-p 00000000 00:00 0 
7f5e6e263000-7f5e6e463000 rw-p 00000000 00:00 0 
7f5e6e463000-7f5e6e466000 ---p 00000000 00:00 0 
7f5e6e466000-7f5e6e564000 rw-p 00000000 00:00 0 
7f5e6e564000-7f5e6e764000 rw-p 00000000 00:00 0 
7f5e6e764000-7f5e6e775000 r-xp 00000000 fe:00 1183703                    /opt/java-jdk/jdk1.8.0_151/jre/lib/amd64/libnio.so
7f5e6e775000-7f5e6e974000 ---p 00011000 fe:00 1183703                    /opt/java-jdk/jdk1.8.0_151/jre/lib/amd64/libnio.so
7f5e6e974000-7f5e6e975000 rw-p 00010000 fe:00 1183703                    /opt/java-jdk/jdk1.8.0_151/jre/lib/amd64/libnio.so
7f5e6e975000-7f5e6eb75000 rw-p 00000000 00:00 0 
7f5e6eb75000-7f5e6ed75000 rw-p 00000000 00:00 0 
7f5e6ed75000-7f5e6ef75000 rw-p 00000000 00:00 0 
7f5e6ef75000-7f5e6ef8c000 r-xp 00000000 fe:00 1183700                    /opt/java-jdk/jdk1.8.0_151/jre/lib/amd64/libnet.so
7f5e6ef8c000-7f5e6f18b000 ---p 00017000 fe:00 1183700                    /opt/java-jdk/jdk1.8.0_151/jre/lib/amd64/libnet.so
7f5e6f18b000-7f5e6f18c000 rw-p 00016000 fe:00 1183700                    /opt/java-jdk/jdk1.8.0_151/jre/lib/amd64/libnet.so
7f5e6f18c000-7f5e6f195000 r-xp 00000000 fe:00 1183708                    /opt/java-jdk/jdk1.8.0_151/jre/lib/amd64/libmanagement.so
7f5e6f195000-7f5e6f394000 ---p 00009000 fe:00 1183708                    /opt/java-jdk/jdk1.8.0_151/jre/lib/amd64/libmanagement.so
7f5e6f394000-7f5e6f395000 rw-p 00008000 fe:00 1183708                    /opt/java-jdk/jdk1.8.0_151/jre/lib/amd64/libmanagement.so
7f5e6f395000-7f5e6f42b000 r--s 01110000 fe:00 1441793                    /opt/java-jdk/jdk1.8.0_151/jre/lib/ext/jfxrt.jar
7f5e6f42b000-7f5e6f62b000 rw-p 00000000 00:00 0 
7f5e6f62b000-7f5e6f62e000 ---p 00000000 00:00 0 
7f5e6f62e000-7f5e6f72c000 rw-p 00000000 00:00 0 
7f5e6f72c000-7f5e6f736000 r--s 00116000 fe:00 1441799                    /opt/java-jdk/jdk1.8.0_151/jre/lib/ext/localedata.jar
7f5e6f736000-7f5e6f73d000 r--s 00000000 fe:00 393953                     /usr/lib/x86_64-linux-gnu/gconv/gconv-modules.cache
7f5e6f73d000-7f5e6f763000 r--p 00000000 fe:00 397017                     /usr/share/locale/de/LC_MESSAGES/libc.mo
7f5e6f763000-7f5e6f76d000 r--s 0005c000 fe:00 155                        /home/bzz/.m2/repository/javax/servlet/jstl/1.2/jstl-1.2.jar
7f5e6f76d000-7f5e6f780000 r--s 00244000 fe:00 1090                       /home/bzz/.m2/repository/org/eclipse/jdt/ecj/3.12.3/ecj-3.12.3.jar
7f5e6f780000-7f5e6f785000 r--s 00038000 fe:00 1085                       /home/bzz/.m2/repository/org/apache/tomcat/embed/tomcat-embed-el/8.5.37/tomcat-embed-el-8.5.37.jar
7f5e6f785000-7f5e6f787000 r--s 00002000 fe:00 167                        /home/bzz/.m2/repository/org/apache/tomcat/tomcat-annotations-api/8.5.37/tomcat-annotations-api-8.5.37.jar
7f5e6f787000-7f5e6f7b1000 r--s 002d8000 fe:00 1083                       /home/bzz/.m2/repository/org/apache/tomcat/embed/tomcat-embed-core/8.5.37/tomcat-embed-core-8.5.37.jar
7f5e6f7b1000-7f5e6f7ba000 r--s 00097000 fe:00 165                        /home/bzz/.m2/repository/org/apache/tomcat/embed/tomcat-embed-jasper/8.5.37/tomcat-embed-jasper-8.5.37.jar
7f5e6f7ba000-7f5e6f7c4000 r--s 000ec000 fe:00 1060                       /home/bzz/.m2/repository/mysql/mysql-connector-java/5.1.46/mysql-connector-java-5.1.46.jar
7f5e6f7c4000-7f5e6f7cd000 r--s 00058000 fe:00 1177387                    /home/bzz/.m2/repository/taglibs/standard/1.1.2/standard-1.1.2.jar
7f5e6f7cd000-7f5e6f7d7000 r--s 0005c000 fe:00 1177385                    /home/bzz/.m2/repository/jstl/jstl/1.2/jstl-1.2.jar
7f5e6f7d7000-7f5e6f7d9000 r--s 0000a000 fe:00 1015                       /home/bzz/.m2/repository/org/springframework/spring-aspects/5.1.6.RELEASE/spring-aspects-5.1.6.RELEASE.jar
7f5e6f7d9000-7f5e6f7db000 r--s 00009000 fe:00 854                        /home/bzz/.m2/repository/org/slf4j/slf4j-api/1.7.26/slf4j-api-1.7.26.jar
7f5e6f7db000-7f5e6f7e3000 r--s 00037000 fe:00 1013                       /home/bzz/.m2/repository/org/springframework/spring-tx/5.1.6.RELEASE/spring-tx-5.1.6.RELEASE.jar
7f5e6f7e3000-7f5e6f7e7000 r--s 0002d000 fe:00 1011                       /home/bzz/.m2/repository/org/springframework/spring-orm/5.1.6.RELEASE/spring-orm-5.1.6.RELEASE.jar
7f5e6f7e7000-7f5e6f7ff000 r--s 00106000 fe:00 1708246                    /home/bzz/.m2/repository/org/springframework/data/spring-data-commons/2.1.6.RELEASE/spring-data-commons-2.1.6.RELEASE.jar
7f5e6f7ff000-7f5e6f807000 r--s 0004f000 fe:00 1452741                    /home/bzz/.m2/repository/org/springframework/data/spring-data-jpa/2.1.6.RELEASE/spring-data-jpa-2.1.6.RELEASE.jar
7f5e6f807000-7f5e6f80a000 r--s 00010000 fe:00 1009                       /home/bzz/.m2/repository/org/hibernate/common/hibernate-commons-annotations/5.0.4.Final/hibernate-commons-annotations-5.0.4.Final.jar
7f5e6f80a000-7f5e6f80f000 r--s 0004b000 fe:00 1007                       /home/bzz/.m2/repository/org/dom4j/dom4j/2.1.1/dom4j-2.1.1.jar
7f5e6f80f000-7f5e6f812000 r--s 0002b000 fe:00 1005                       /home/bzz/.m2/repository/org/jboss/jandex/2.0.5.Final/jandex-2.0.5.Final.jar
7f5e6f812000-7f5e6f817000 r--s 00068000 fe:00 1003                       /home/bzz/.m2/repository/antlr/antlr/2.7.7/antlr-2.7.7.jar
7f5e6f817000-7f5e6f85e000 r--s 002da000 fe:00 1001                       /home/bzz/.m2/repository/net/bytebuddy/byte-buddy/1.9.12/byte-buddy-1.9.12.jar
7f5e6f85e000-7f5e6f869000 r--s 000b2000 fe:00 999                        /home/bzz/.m2/repository/org/javassist/javassist/3.23.1-GA/javassist-3.23.1-GA.jar
7f5e6f869000-7f5e6f86f000 r--s 00023000 fe:00 997                        /home/bzz/.m2/repository/javax/persistence/javax.persistence-api/2.2/javax.persistence-api-2.2.jar
7f5e6f86f000-7f5e6f8f2000 r--s 00626000 fe:00 1835970                    /home/bzz/.m2/repository/org/hibernate/hibernate-core/5.3.9.Final/hibernate-core-5.3.9.Final.jar
7f5e6f8f2000-7f5e6f8f4000 r--s 0000c000 fe:00 1708244                    /home/bzz/.m2/repository/javax/activation/javax.activation-api/1.2.0/javax.activation-api-1.2.0.jar
7f5e6f8f4000-7f5e6f8f8000 r--s 0001c000 fe:00 1574645                    /home/bzz/.m2/repository/javax/xml/bind/jaxb-api/2.3.1/jaxb-api-2.3.1.jar
7f5e6f8f8000-7f5e6f8f9000 r--s 00006000 fe:00 1452739                    /home/bzz/.m2/repository/javax/transaction/javax.transaction-api/1.3/javax.transaction-api-1.3.jar
7f5e6f8f9000-7f5e6f902000 r--s 0005a000 fe:00 995                        /home/bzz/.m2/repository/org/springframework/spring-jdbc/5.1.6.RELEASE/spring-jdbc-5.1.6.RELEASE.jar
7f5e6f902000-7f5e6f906000 r--s 00020000 fe:00 1307995                    /home/bzz/.m2/repository/com/zaxxer/HikariCP/3.2.0/HikariCP-3.2.0.jar
7f5e6f906000-7f5e6f907000 r--s 00000000 fe:00 993                        /home/bzz/.m2/repository/org/springframework/boot/spring-boot-starter-jdbc/2.1.4.RELEASE/spring-boot-starter-jdbc-2.1.4.RELEASE.jar
7f5e6f907000-7f5e6f920000 r--s 001de000 fe:00 991                        /home/bzz/.m2/repository/org/aspectj/aspectjweaver/1.9.2/aspectjweaver-1.9.2.jar
7f5e6f920000-7f5e6f93a000 r--s 000f3000 fe:00 890                        /home/bzz/.m2/repository/org/springframework/spring-context/5.1.6.RELEASE/spring-context-5.1.6.RELEASE.jar
7f5e6f93a000-7f5e6f944000 r--s 00051000 fe:00 888                        /home/bzz/.m2/repository/org/springframework/spring-aop/5.1.6.RELEASE/spring-aop-5.1.6.RELEASE.jar
7f5e6f944000-7f5e6f953000 r--s 000b5000 fe:00 886                        /home/bzz/.m2/repository/org/springframework/spring-webmvc/5.1.6.RELEASE/spring-webmvc-5.1.6.RELEASE.jar
7f5e6f953000-7f5e6f960000 r--s 00098000 fe:00 884                        /home/bzz/.m2/repository/org/springframework/spring-beans/5.1.6.RELEASE/spring-beans-5.1.6.RELEASE.jar
7f5e6f960000-7f5e6f961000 ---p 00000000 00:00 0 
7f5e6f961000-7f5e6fa61000 rw-p 00000000 00:00 0 
7f5e6fa61000-7f5e6fa64000 ---p 00000000 00:00 0 
7f5e6fa64000-7f5e6fb62000 rw-p 00000000 00:00 0 
7f5e6fb62000-7f5e6fb65000 ---p 00000000 00:00 0 
7f5e6fb65000-7f5e6fc63000 rw-p 00000000 00:00 0 
7f5e6fc63000-7f5e6fc66000 ---p 00000000 00:00 0 
7f5e6fc66000-7f5e6fd64000 rw-p 00000000 00:00 0 
7f5e6fd64000-7f5e6fd67000 ---p 00000000 00:00 0 
7f5e6fd67000-7f5e6fe65000 rw-p 00000000 00:00 0 
7f5e6fe65000-7f5e70000000 r--p 00000000 fe:00 392923                     /usr/lib/locale/locale-archive
7f5e70000000-7f5e70021000 rw-p 00000000 00:00 0 
7f5e70021000-7f5e74000000 ---p 00000000 00:00 0 
7f5e74000000-7f5e74001000 r--s 00000000 fe:00 989                        /home/bzz/.m2/repository/org/springframework/boot/spring-boot-starter-aop/2.1.4.RELEASE/spring-boot-starter-aop-2.1.4.RELEASE.jar
7f5e74001000-7f5e74002000 r--s 00000000 fe:00 987                        /home/bzz/.m2/repository/org/springframework/boot/spring-boot-starter-data-jpa/2.1.4.RELEASE/spring-boot-starter-data-jpa-2.1.4.RELEASE.jar
7f5e74002000-7f5e74007000 r--s 00040000 fe:00 892                        /home/bzz/.m2/repository/org/springframework/spring-expression/5.1.6.RELEASE/spring-expression-5.1.6.RELEASE.jar
7f5e74007000-7f5e74023000 r--s 00137000 fe:00 882                        /home/bzz/.m2/repository/org/springframework/spring-web/5.1.6.RELEASE/spring-web-5.1.6.RELEASE.jar
7f5e74023000-7f5e74025000 r--s 0000f000 fe:00 1574627                    /home/bzz/.m2/repository/com/fasterxml/classmate/1.4.0/classmate-1.4.0.jar
7f5e74025000-7f5e74027000 r--s 0000f000 fe:00 1448391                    /home/bzz/.m2/repository/org/jboss/logging/jboss-logging/3.3.2.Final/jboss-logging-3.3.2.Final.jar
7f5e74027000-7f5e7402c000 r--s 00012000 fe:00 1448387                    /home/bzz/.m2/repository/javax/validation/validation-api/2.0.1.Final/validation-api-2.0.1.Final.jar
7f5e7402c000-7f5e74049000 r--s 000fe000 fe:00 1452725                    /home/bzz/.m2/repository/org/hibernate/validator/hibernate-validator/6.0.16.Final/hibernate-validator-6.0.16.Final.jar
7f5e74049000-7f5e7404e000 r--s 0003a000 fe:00 1087                       /home/bzz/.m2/repository/org/apache/tomcat/embed/tomcat-embed-websocket/8.5.37/tomcat-embed-websocket-8.5.37.jar
7f5e7404e000-7f5e7404f000 r--s 00000000 fe:00 874                        /home/bzz/.m2/repository/org/springframework/boot/spring-boot-starter-tomcat/2.1.4.RELEASE/spring-boot-starter-tomcat-2.1.4.RELEASE.jar
7f5e7404f000-7f5e74051000 r--s 00001000 fe:00 872                        /home/bzz/.m2/repository/com/fasterxml/jackson/module/jackson-module-parameter-names/2.9.8/jackson-module-parameter-names-2.9.8.jar
7f5e74051000-7f5e74054000 r--s 00016000 fe:00 870                        /home/bzz/.m2/repository/com/fasterxml/jackson/datatype/jackson-datatype-jsr310/2.9.8/jackson-datatype-jsr310-2.9.8.jar
7f5e74054000-7f5e74056000 r--s 00007000 fe:00 868                        /home/bzz/.m2/repository/com/fasterxml/jackson/datatype/jackson-datatype-jdk8/2.9.8/jackson-datatype-jdk8-2.9.8.jar
7f5e74056000-7f5e7405a000 r--s 0004c000 fe:00 866                        /home/bzz/.m2/repository/com/fasterxml/jackson/core/jackson-core/2.9.8/jackson-core-2.9.8.jar
7f5e7405a000-7f5e7405d000 r--s 0000e000 fe:00 864                        /home/bzz/.m2/repository/com/fasterxml/jackson/core/jackson-annotations/2.9.0/jackson-annotations-2.9.0.jar
7f5e7405d000-7f5e7406f000 r--s 00137000 fe:00 1708225                    /home/bzz/.m2/repository/com/fasterxml/jackson/core/jackson-databind/2.9.8/jackson-databind-2.9.8.jar
7f5e7406f000-7f5e74070000 r--s 00000000 fe:00 862                        /home/bzz/.m2/repository/org/springframework/boot/spring-boot-starter-json/2.1.4.RELEASE/spring-boot-starter-json-2.1.4.RELEASE.jar
7f5e74070000-7f5e74077000 r--s 00043000 fe:00 860                        /home/bzz/.m2/repository/org/yaml/snakeyaml/1.23/snakeyaml-1.23.jar
7f5e74077000-7f5e74078000 r--s 00005000 fe:00 1835959                    /home/bzz/.m2/repository/org/springframework/spring-jcl/5.1.6.RELEASE/spring-jcl-5.1.6.RELEASE.jar
7f5e74078000-7f5e74090000 r--s 00124000 fe:00 1835957                    /home/bzz/.m2/repository/org/springframework/spring-core/5.1.6.RELEASE/spring-core-5.1.6.RELEASE.jar
7f5e74090000-7f5e74092000 r--s 00005000 fe:00 1574625                    /home/bzz/.m2/repository/javax/annotation/javax.annotation-api/1.3.2/javax.annotation-api-1.3.2.jar
7f5e74092000-7f5e74094000 r--s 00000000 fe:00 1177352                    /home/bzz/.m2/repository/org/slf4j/jul-to-slf4j/1.7.26/jul-to-slf4j-1.7.26.jar
7f5e74094000-7f5e7409a000 r--s 0003c000 fe:00 858                        /home/bzz/.m2/repository/org/apache/logging/log4j/log4j-api/2.11.2/log4j-api-2.11.2.jar
7f5e7409a000-7f5e7409c000 r--s 00003000 fe:00 856                        /home/bzz/.m2/repository/org/apache/logging/log4j/log4j-to-slf4j/2.11.2/log4j-to-slf4j-2.11.2.jar
7f5e7409c000-7f5e740a7000 r--s 00069000 fe:00 852                        /home/bzz/.m2/repository/ch/qos/logback/logback-core/1.2.3/logback-core-1.2.3.jar
7f5e740a7000-7f5e740ad000 r--s 00041000 fe:00 850                        /home/bzz/.m2/repository/ch/qos/logback/logback-classic/1.2.3/logback-classic-1.2.3.jar
7f5e740ad000-7f5e740ae000 r--s 00000000 fe:00 848                        /home/bzz/.m2/repository/org/springframework/boot/spring-boot-starter-logging/2.1.4.RELEASE/spring-boot-starter-logging-2.1.4.RELEASE.jar
7f5e740ae000-7f5e740d2000 r--s 00111000 fe:00 846                        /home/bzz/.m2/repository/org/springframework/boot/spring-boot-autoconfigure/2.1.4.RELEASE/spring-boot-autoconfigure-2.1.4.RELEASE.jar
7f5e740d2000-7f5e740e7000 r--s 000d4000 fe:00 844                        /home/bzz/.m2/repository/org/springframework/boot/spring-boot/2.1.4.RELEASE/spring-boot-2.1.4.RELEASE.jar
7f5e740e7000-7f5e74100000 r--s 00220000 fe:00 1308322                    /home/bzz/Schreibtisch/mysql-connector-java-8.0.18.jar
7f5e74100000-7f5e74103000 ---p 00000000 00:00 0 
7f5e74103000-7f5e74201000 rw-p 00000000 00:00 0 
7f5e74201000-7f5e74204000 ---p 00000000 00:00 0 
7f5e74204000-7f5e74302000 rw-p 00000000 00:00 0 
7f5e74302000-7f5e74303000 ---p 00000000 00:00 0 
7f5e74303000-7f5e750a0000 rw-p 00000000 00:00 0 
7f5e750a0000-7f5e75279000 r--s 03d5a000 fe:00 1183635                    /opt/java-jdk/jdk1.8.0_151/jre/lib/rt.jar
7f5e75279000-7f5e752ef000 rw-p 00000000 00:00 0 
7f5e752ef000-7f5e77bac000 rw-p 00000000 00:00 0 
7f5e77bac000-7f5e77bad000 ---p 00000000 00:00 0 
7f5e77bad000-7f5e77cad000 rw-p 00000000 00:00 0 
7f5e77cad000-7f5e77cae000 ---p 00000000 00:00 0 
7f5e77cae000-7f5e77dae000 rw-p 00000000 00:00 0 
7f5e77dae000-7f5e77daf000 ---p 00000000 00:00 0 
7f5e77daf000-7f5e77eaf000 rw-p 00000000 00:00 0 
7f5e77eaf000-7f5e77eca000 rw-p 00000000 00:00 0 
7f5e77eca000-7f5e77ff8000 ---p 00000000 00:00 0 
7f5e77ff8000-7f5e78013000 rw-p 00000000 00:00 0 
7f5e78013000-7f5e78140000 ---p 00000000 00:00 0 
7f5e78140000-7f5e78192000 rw-p 00000000 00:00 0 
7f5e78192000-7f5e781e5000 ---p 00000000 00:00 0 
7f5e781e5000-7f5e7821a000 rw-p 00000000 00:00 0 
7f5e7821a000-7f5e785a6000 ---p 00000000 00:00 0 
7f5e785a6000-7f5e79296000 rwxp 00000000 00:00 0 
7f5e79296000-7f5e875a6000 ---p 00000000 00:00 0 
7f5e875a6000-7f5e875c1000 r-xp 00000000 fe:00 1183696                    /opt/java-jdk/jdk1.8.0_151/jre/lib/amd64/libzip.so
7f5e875c1000-7f5e877c1000 ---p 0001b000 fe:00 1183696                    /opt/java-jdk/jdk1.8.0_151/jre/lib/amd64/libzip.so
7f5e877c1000-7f5e877c2000 rw-p 0001b000 fe:00 1183696                    /opt/java-jdk/jdk1.8.0_151/jre/lib/amd64/libzip.so
7f5e877c2000-7f5e877cc000 r-xp 00000000 fe:00 1305618                    /lib/x86_64-linux-gnu/libnss_files-2.24.so
7f5e877cc000-7f5e879cc000 ---p 0000a000 fe:00 1305618                    /lib/x86_64-linux-gnu/libnss_files-2.24.so
7f5e879cc000-7f5e879cd000 r--p 0000a000 fe:00 1305618                    /lib/x86_64-linux-gnu/libnss_files-2.24.so
7f5e879cd000-7f5e879ce000 rw-p 0000b000 fe:00 1305618                    /lib/x86_64-linux-gnu/libnss_files-2.24.so
7f5e879ce000-7f5e879d4000 rw-p 00000000 00:00 0 
7f5e879d4000-7f5e879df000 r-xp 00000000 fe:00 1305620                    /lib/x86_64-linux-gnu/libnss_nis-2.24.so
7f5e879df000-7f5e87bde000 ---p 0000b000 fe:00 1305620                    /lib/x86_64-linux-gnu/libnss_nis-2.24.so
7f5e87bde000-7f5e87bdf000 r--p 0000a000 fe:00 1305620                    /lib/x86_64-linux-gnu/libnss_nis-2.24.so
7f5e87bdf000-7f5e87be0000 rw-p 0000b000 fe:00 1305620                    /lib/x86_64-linux-gnu/libnss_nis-2.24.so
7f5e87be0000-7f5e87bf4000 r-xp 00000000 fe:00 1305615                    /lib/x86_64-linux-gnu/libnsl-2.24.so
7f5e87bf4000-7f5e87df4000 ---p 00014000 fe:00 1305615                    /lib/x86_64-linux-gnu/libnsl-2.24.so
7f5e87df4000-7f5e87df5000 r--p 00014000 fe:00 1305615                    /lib/x86_64-linux-gnu/libnsl-2.24.so
7f5e87df5000-7f5e87df6000 rw-p 00015000 fe:00 1305615                    /lib/x86_64-linux-gnu/libnsl-2.24.so
7f5e87df6000-7f5e87df8000 rw-p 00000000 00:00 0 
7f5e87df8000-7f5e87dff000 r-xp 00000000 fe:00 1305616                    /lib/x86_64-linux-gnu/libnss_compat-2.24.so
7f5e87dff000-7f5e87ffe000 ---p 00007000 fe:00 1305616                    /lib/x86_64-linux-gnu/libnss_compat-2.24.so
7f5e87ffe000-7f5e87fff000 r--p 00006000 fe:00 1305616                    /lib/x86_64-linux-gnu/libnss_compat-2.24.so
7f5e87fff000-7f5e88000000 rw-p 00007000 fe:00 1305616                    /lib/x86_64-linux-gnu/libnss_compat-2.24.so
7f5e88000000-7f5e8930a000 rw-p 00000000 00:00 0 
7f5e8930a000-7f5e8c000000 ---p 00000000 00:00 0 
7f5e8c000000-7f5e8c001000 r--s 00000000 fe:00 842                        /home/bzz/.m2/repository/org/springframework/boot/spring-boot-starter/2.1.4.RELEASE/spring-boot-starter-2.1.4.RELEASE.jar
7f5e8c001000-7f5e8c004000 r--s 00015000 fe:00 1453168                    /home/bzz/.m2/repository/javax/servlet/javax.servlet-api/4.0.1/javax.servlet-api-4.0.1.jar
7f5e8c004000-7f5e8c009000 r--s 00084000 fe:00 1183606                    /opt/java-jdk/jdk1.8.0_151/jre/lib/jfr.jar
7f5e8c009000-7f5e8c00e000 r--s 002f9000 fe:00 1183633                    /opt/java-jdk/jdk1.8.0_151/jre/lib/charsets.jar
7f5e8c00e000-7f5e8c013000 r--s 0009a000 fe:00 1183645                    /opt/java-jdk/jdk1.8.0_151/jre/lib/jsse.jar
7f5e8c013000-7f5e8c03e000 r-xp 00000000 fe:00 1183690                    /opt/java-jdk/jdk1.8.0_151/jre/lib/amd64/libjava.so
7f5e8c03e000-7f5e8c23d000 ---p 0002b000 fe:00 1183690                    /opt/java-jdk/jdk1.8.0_151/jre/lib/amd64/libjava.so
7f5e8c23d000-7f5e8c23f000 rw-p 0002a000 fe:00 1183690                    /opt/java-jdk/jdk1.8.0_151/jre/lib/amd64/libjava.so
7f5e8c23f000-7f5e8c24c000 r-xp 00000000 fe:00 1183695                    /opt/java-jdk/jdk1.8.0_151/jre/lib/amd64/libverify.so
7f5e8c24c000-7f5e8c44c000 ---p 0000d000 fe:00 1183695                    /opt/java-jdk/jdk1.8.0_151/jre/lib/amd64/libverify.so
7f5e8c44c000-7f5e8c44e000 rw-p 0000d000 fe:00 1183695                    /opt/java-jdk/jdk1.8.0_151/jre/lib/amd64/libverify.so
7f5e8c44e000-7f5e8c455000 r-xp 00000000 fe:00 1305625                    /lib/x86_64-linux-gnu/librt-2.24.so
7f5e8c455000-7f5e8c654000 ---p 00007000 fe:00 1305625                    /lib/x86_64-linux-gnu/librt-2.24.so
7f5e8c654000-7f5e8c655000 r--p 00006000 fe:00 1305625                    /lib/x86_64-linux-gnu/librt-2.24.so
7f5e8c655000-7f5e8c656000 rw-p 00007000 fe:00 1305625                    /lib/x86_64-linux-gnu/librt-2.24.so
7f5e8c656000-7f5e8c759000 r-xp 00000000 fe:00 1305612                    /lib/x86_64-linux-gnu/libm-2.24.so
7f5e8c759000-7f5e8c958000 ---p 00103000 fe:00 1305612                    /lib/x86_64-linux-gnu/libm-2.24.so
7f5e8c958000-7f5e8c959000 r--p 00102000 fe:00 1305612                    /lib/x86_64-linux-gnu/libm-2.24.so
7f5e8c959000-7f5e8c95a000 rw-p 00103000 fe:00 1305612                    /lib/x86_64-linux-gnu/libm-2.24.so
7f5e8c95a000-7f5e8d62d000 r-xp 00000000 fe:00 1312866                    /opt/java-jdk/jdk1.8.0_151/jre/lib/amd64/server/libjvm.so
7f5e8d62d000-7f5e8d82c000 ---p 00cd3000 fe:00 1312866                    /opt/java-jdk/jdk1.8.0_151/jre/lib/amd64/server/libjvm.so
7f5e8d82c000-7f5e8d906000 rw-p 00cd2000 fe:00 1312866                    /opt/java-jdk/jdk1.8.0_151/jre/lib/amd64/server/libjvm.so
7f5e8d906000-7f5e8d951000 rw-p 00000000 00:00 0 
7f5e8d951000-7f5e8dae6000 r-xp 00000000 fe:00 1305608                    /lib/x86_64-linux-gnu/libc-2.24.so
7f5e8dae6000-7f5e8dce6000 ---p 00195000 fe:00 1305608                    /lib/x86_64-linux-gnu/libc-2.24.so
7f5e8dce6000-7f5e8dcea000 r--p 00195000 fe:00 1305608                    /lib/x86_64-linux-gnu/libc-2.24.so
7f5e8dcea000-7f5e8dcec000 rw-p 00199000 fe:00 1305608                    /lib/x86_64-linux-gnu/libc-2.24.so
7f5e8dcec000-7f5e8dcf0000 rw-p 00000000 00:00 0 
7f5e8dcf0000-7f5e8dcf3000 r-xp 00000000 fe:00 1305611                    /lib/x86_64-linux-gnu/libdl-2.24.so
7f5e8dcf3000-7f5e8def2000 ---p 00003000 fe:00 1305611                    /lib/x86_64-linux-gnu/libdl-2.24.so
7f5e8def2000-7f5e8def3000 r--p 00002000 fe:00 1305611                    /lib/x86_64-linux-gnu/libdl-2.24.so
7f5e8def3000-7f5e8def4000 rw-p 00003000 fe:00 1305611                    /lib/x86_64-linux-gnu/libdl-2.24.so
7f5e8def4000-7f5e8df0a000 r-xp 00000000 fe:00 802619                     /opt/java-jdk/jdk1.8.0_151/lib/amd64/jli/libjli.so
7f5e8df0a000-7f5e8e109000 ---p 00016000 fe:00 802619                     /opt/java-jdk/jdk1.8.0_151/lib/amd64/jli/libjli.so
7f5e8e109000-7f5e8e10a000 rw-p 00015000 fe:00 802619                     /opt/java-jdk/jdk1.8.0_151/lib/amd64/jli/libjli.so
7f5e8e10a000-7f5e8e122000 r-xp 00000000 fe:00 1305623                    /lib/x86_64-linux-gnu/libpthread-2.24.so
7f5e8e122000-7f5e8e321000 ---p 00018000 fe:00 1305623                    /lib/x86_64-linux-gnu/libpthread-2.24.so
7f5e8e321000-7f5e8e322000 r--p 00017000 fe:00 1305623                    /lib/x86_64-linux-gnu/libpthread-2.24.so
7f5e8e322000-7f5e8e323000 rw-p 00018000 fe:00 1305623                    /lib/x86_64-linux-gnu/libpthread-2.24.so
7f5e8e323000-7f5e8e327000 rw-p 00000000 00:00 0 
7f5e8e327000-7f5e8e34a000 r-xp 00000000 fe:00 1305603                    /lib/x86_64-linux-gnu/ld-2.24.so
7f5e8e34a000-7f5e8e34b000 r--s 00000000 fe:00 840                        /home/bzz/.m2/repository/org/springframework/boot/spring-boot-starter-web/2.1.4.RELEASE/spring-boot-starter-web-2.1.4.RELEASE.jar
7f5e8e34b000-7f5e8e34e000 r--s 0001a000 fe:00 1183716                    /opt/java-jdk/jdk1.8.0_151/jre/lib/jce.jar
7f5e8e34e000-7f5e8e413000 rw-p 00000000 00:00 0 
7f5e8e413000-7f5e8e427000 rw-p 00000000 00:00 0 
7f5e8e427000-7f5e8e42a000 ---p 00000000 00:00 0 
7f5e8e42a000-7f5e8e52a000 rw-p 00000000 00:00 0 
7f5e8e52a000-7f5e8e53d000 r--s 00345000 fe:00 1183644                    /opt/java-jdk/jdk1.8.0_151/jre/lib/resources.jar
7f5e8e53d000-7f5e8e545000 rw-s 00000000 fe:00 656484                     /tmp/hsperfdata_bzz/33437
7f5e8e545000-7f5e8e546000 rw-p 00000000 00:00 0 
7f5e8e546000-7f5e8e547000 ---p 00000000 00:00 0 
7f5e8e547000-7f5e8e54a000 rw-p 00000000 00:00 0 
7f5e8e54a000-7f5e8e54b000 r--p 00023000 fe:00 1305603                    /lib/x86_64-linux-gnu/ld-2.24.so
7f5e8e54b000-7f5e8e54c000 rw-p 00024000 fe:00 1305603                    /lib/x86_64-linux-gnu/ld-2.24.so
7f5e8e54c000-7f5e8e54d000 rw-p 00000000 00:00 0 
7ffeebebc000-7ffeebedf000 rw-p 00000000 00:00 0                          [stack]
7ffeebfaa000-7ffeebfac000 r--p 00000000 00:00 0                          [vvar]
7ffeebfac000-7ffeebfae000 r-xp 00000000 00:00 0                          [vdso]
ffffffffff600000-ffffffffff601000 r-xp 00000000 00:00 0                  [vsyscall]

VM Arguments:
jvm_args: -Dfile.encoding=UTF-8 
java_command: myprojects.angriff.App
java_class_path (initial): /opt/java-jdk/jdk1.8.0_151/jre/lib/resources.jar:/opt/java-jdk/jdk1.8.0_151/jre/lib/rt.jar:/opt/java-jdk/jdk1.8.0_151/jre/lib/jsse.jar:/opt/java-jdk/jdk1.8.0_151/jre/lib/jce.jar:/opt/java-jdk/jdk1.8.0_151/jre/lib/charsets.jar:/opt/java-jdk/jdk1.8.0_151/jre/lib/jfr.jar:/opt/java-jdk/jdk1.8.0_151/jre/lib/ext/sunjce_provider.jar:/opt/java-jdk/jdk1.8.0_151/jre/lib/ext/zipfs.jar:/opt/java-jdk/jdk1.8.0_151/jre/lib/ext/jaccess.jar:/opt/java-jdk/jdk1.8.0_151/jre/lib/ext/localedata.jar:/opt/java-jdk/jdk1.8.0_151/jre/lib/ext/dnsns.jar:/opt/java-jdk/jdk1.8.0_151/jre/lib/ext/jfxrt.jar:/opt/java-jdk/jdk1.8.0_151/jre/lib/ext/sunec.jar:/opt/java-jdk/jdk1.8.0_151/jre/lib/ext/cldrdata.jar:/opt/java-jdk/jdk1.8.0_151/jre/lib/ext/sunpkcs11.jar:/opt/java-jdk/jdk1.8.0_151/jre/lib/ext/nashorn.jar:/home/bzz/workspace/jsf/angriff/target/classes:/home/bzz/Schreibtisch/mysql-connector-java-8.0.18.jar:/home/bzz/.m2/repository/javax/servlet/javax.servlet-api/4.0.1/javax.servlet-api-4.0.1.jar:/home/bzz/.m2/repository/org/springframework/boot/spring-boot-starter-web/2.1.4.RELEASE/spring-boot-starter-web-2.1.4.RELEASE.jar:/home/bzz/.m2/repository/org/springframework/boot/spring-boot-starter/2.1.4.RELEASE/spring-boot-starter-2.1.4.RELEASE.jar:/home/bzz/.m2/repository/org/springframework/boot/spring-boot/2.1.4.RELEASE/spring-boot-2.1.4.RELEASE.jar:/home/bzz/.m2/repository/org/springframework/boot/spring-boot-autoconfigure/2.1.4.RELEASE/spring-boot-autoconfigure-2.1.4.RELEASE.jar:/home/bzz/.m2/repository/org/springframework/boot/spring-boot-starter-logging/2.1.4.RELEASE/spring-boot-starter-logging-2.1.4.RELEASE.jar:/home/bzz/.m2/repository/ch/qos/logback/logback-classic/1.2.3/logback-classic-1.2.3.jar:/home/bzz/.m2/repository/ch/qos/logback/logback-core/1.2.3/logback-core-1.2.3.jar:/home/bzz/.m2/repository/org/apache/logging/log4j/log4j-to-slf4j/2.11.2/log4j-to-slf4j-2.11.2.jar:/home/bzz/.m2/repository/org/apache/logging/log4j/log4j-api/2.11.2/log4j-api-2.11.2.jar:/home/b
Launcher Type: SUN_STANDARD

Environment Variables:
PATH=/usr/local/bin:/usr/bin:/bin:/usr/local/games:/usr/games
SHELL=/bin/bash
DISPLAY=:0

Signal Handlers:
SIGSEGV: [libjvm.so+0xacbe10], sa_mask[0]=11111111011111111101111111111110, sa_flags=SA_RESTART|SA_SIGINFO
SIGBUS: [libjvm.so+0xacbe10], sa_mask[0]=11111111011111111101111111111110, sa_flags=SA_RESTART|SA_SIGINFO
SIGFPE: [libjvm.so+0x924f90], sa_mask[0]=11111111011111111101111111111110, sa_flags=SA_RESTART|SA_SIGINFO
SIGPIPE: [libjvm.so+0x924f90], sa_mask[0]=11111111011111111101111111111110, sa_flags=SA_RESTART|SA_SIGINFO
SIGXFSZ: [libjvm.so+0x924f90], sa_mask[0]=11111111011111111101111111111110, sa_flags=SA_RESTART|SA_SIGINFO
SIGILL: [libjvm.so+0x924f90], sa_mask[0]=11111111011111111101111111111110, sa_flags=SA_RESTART|SA_SIGINFO
SIGUSR1: SIG_DFL, sa_mask[0]=00000000000000000000000000000000, sa_flags=none
SIGUSR2: [libjvm.so+0x9267d0], sa_mask[0]=00100000000000000000000000000000, sa_flags=SA_RESTART|SA_SIGINFO
SIGHUP: [libjvm.so+0x927bd0], sa_mask[0]=11111111011111111101111111111110, sa_flags=SA_RESTART|SA_SIGINFO
SIGINT: [libjvm.so+0x927bd0], sa_mask[0]=11111111011111111101111111111110, sa_flags=SA_RESTART|SA_SIGINFO
SIGTERM: [libjvm.so+0x927bd0], sa_mask[0]=11111111011111111101111111111110, sa_flags=SA_RESTART|SA_SIGINFO
SIGQUIT: [libjvm.so+0x927bd0], sa_mask[0]=11111111011111111101111111111110, sa_flags=SA_RESTART|SA_SIGINFO


---------------  S Y S T E M  ---------------

OS:PRETTY_NAME="Debian GNU/Linux 9 (stretch)"
NAME="Debian GNU/Linux"
VERSION_ID="9"
VERSION="9 (stretch)"
ID=debian
HOME_URL="https://www.debian.org/"
SUPPORT_URL="https://www.debian.org/support"
BUG_REPORT_URL="https://bugs.debian.org/"

uname:Linux 4.9.0-4-amd64 #1 SMP Debian 4.9.65-3+deb9u1 (2017-12-23) x86_64
libc:glibc 2.24 NPTL 2.24 
rlimit: STACK 8192k, CORE 0k, NPROC 15658, NOFILE 1048576, AS infinity
load average:2.54 1.39 1.31

/proc/meminfo:
MemTotal:        4032220 kB
MemFree:          103412 kB
MemAvailable:       8684 kB
Buffers:             924 kB
Cached:            87156 kB
SwapCached:         2584 kB
Active:          3104940 kB
Inactive:         632952 kB
Active(anon):    3087252 kB
Inactive(anon):   618300 kB
Active(file):      17688 kB
Inactive(file):    14652 kB
Unevictable:          48 kB
Mlocked:              48 kB
SwapTotal:        524284 kB
SwapFree:              0 kB
Dirty:               228 kB
Writeback:            32 kB
AnonPages:       3648052 kB
Mapped:            68992 kB
Shmem:             55632 kB
Slab:              63808 kB
SReclaimable:      19320 kB
SUnreclaim:        44488 kB
KernelStack:       13888 kB
PageTables:        55912 kB
NFS_Unstable:          0 kB
Bounce:                0 kB
WritebackTmp:          0 kB
CommitLimit:     2540392 kB
Committed_AS:    7483372 kB
VmallocTotal:   34359738367 kB
VmallocUsed:           0 kB
VmallocChunk:          0 kB
HardwareCorrupted:     0 kB
AnonHugePages:         0 kB
ShmemHugePages:        0 kB
ShmemPmdMapped:        0 kB
HugePages_Total:       0
HugePages_Free:        0
HugePages_Rsvd:        0
HugePages_Surp:        0
Hugepagesize:       2048 kB
DirectMap4k:      141184 kB
DirectMap2M:     4052992 kB
DirectMap1G:     2097152 kB


CPU:total 3 (initial active 3) (3 cores per cpu, 1 threads per core) family 6 model 158 stepping 9, cmov, cx8, fxsr, mmx, sse, sse2, sse3, ssse3, sse4.1, sse4.2, popcnt, avx, avx2, aes, clmul, erms, 3dnowpref, lzcnt, tsc, tscinvbit, bmi1, bmi2, adx

/proc/cpuinfo:
processor	: 0
vendor_id	: GenuineIntel
cpu family	: 6
model		: 158
model name	: Intel(R) Core(TM) i7-7700HQ CPU @ 2.80GHz
stepping	: 9
microcode	: 0xb4
cpu MHz		: 2807.342
cache size	: 6144 KB
physical id	: 0
siblings	: 3
core id		: 0
cpu cores	: 3
apicid		: 0
initial apicid	: 0
fpu		: yes
fpu_exception	: yes
cpuid level	: 22
wp		: yes
flags		: fpu vme de pse tsc msr pae mce cx8 apic sep mtrr pge mca cmov pat pse36 clflush mmx fxsr sse sse2 ss ht syscall nx pdpe1gb rdtscp lm constant_tsc arch_perfmon nopl xtopology tsc_reliable nonstop_tsc eagerfpu pni pclmulqdq ssse3 fma cx16 pcid sse4_1 sse4_2 x2apic movbe popcnt tsc_deadline_timer aes xsave avx f16c rdrand hypervisor lahf_lm abm 3dnowprefetch fsgsbase tsc_adjust bmi1 avx2 smep bmi2 invpcid mpx rdseed adx smap clflushopt xsaveopt xsavec xsaves arat
bugs		:
bogomips	: 5615.47
clflush size	: 64
cache_alignment	: 64
address sizes	: 43 bits physical, 48 bits virtual
power management:

processor	: 1
vendor_id	: GenuineIntel
cpu family	: 6
model		: 158
model name	: Intel(R) Core(TM) i7-7700HQ CPU @ 2.80GHz
stepping	: 9
microcode	: 0xb4
cpu MHz		: 2807.342
cache size	: 6144 KB
physical id	: 0
siblings	: 3
core id		: 1
cpu cores	: 3
apicid		: 1
initial apicid	: 1
fpu		: yes
fpu_exception	: yes
cpuid level	: 22
wp		: yes
flags		: fpu vme de pse tsc msr pae mce cx8 apic sep mtrr pge mca cmov pat pse36 clflush mmx fxsr sse sse2 ss ht syscall nx pdpe1gb rdtscp lm constant_tsc arch_perfmon nopl xtopology tsc_reliable nonstop_tsc eagerfpu pni pclmulqdq ssse3 fma cx16 pcid sse4_1 sse4_2 x2apic movbe popcnt tsc_deadline_timer aes xsave avx f16c rdrand hypervisor lahf_lm abm 3dnowprefetch fsgsbase tsc_adjust bmi1 avx2 smep bmi2 invpcid mpx rdseed adx smap clflushopt xsaveopt xsavec xsaves arat
bugs		:
bogomips	: 5615.47
clflush size	: 64
cache_alignment	: 64
address sizes	: 43 bits physical, 48 bits virtual
power management:

processor	: 2
vendor_id	: GenuineIntel
cpu family	: 6
model		: 158
model name	: Intel(R) Core(TM) i7-7700HQ CPU @ 2.80GHz
stepping	: 9
microcode	: 0xb4
cpu MHz		: 2807.342
cache size	: 6144 KB
physical id	: 0
siblings	: 3
core id		: 2
cpu cores	: 3
apicid		: 2
initial apicid	: 2
fpu		: yes
fpu_exception	: yes
cpuid level	: 22
wp		: yes
flags		: fpu vme de pse tsc msr pae mce cx8 apic sep mtrr pge mca cmov pat pse36 clflush mmx fxsr sse sse2 ss ht syscall nx pdpe1gb rdtscp lm constant_tsc arch_perfmon nopl xtopology tsc_reliable nonstop_tsc eagerfpu pni pclmulqdq ssse3 fma cx16 pcid sse4_1 sse4_2 x2apic movbe popcnt tsc_deadline_timer aes xsave avx f16c rdrand hypervisor lahf_lm abm 3dnowprefetch fsgsbase tsc_adjust bmi1 avx2 smep bmi2 invpcid mpx rdseed adx smap clflushopt xsaveopt xsavec xsaves arat
bugs		:
bogomips	: 5615.47
clflush size	: 64
cache_alignment	: 64
address sizes	: 43 bits physical, 48 bits virtual
power management:



Memory: 4k page, physical 4032220k(103412k free), swap 524284k(0k free)

vm_info: Java HotSpot(TM) 64-Bit Server VM (25.151-b12) for linux-amd64 JRE (1.8.0_151-b12), built on Sep  5 2017 19:20:58 by "java_re" with gcc 4.3.0 20080428 (Red Hat 4.3.0-8)

time: Thu Nov  7 13:51:35 2019
elapsed time: 7 seconds (0d 0h 0m 7s)

