#
# There is insufficient memory for the Java Runtime Environment to continue.
# Native memory allocation (mmap) failed to map 25165824 bytes for committing reserved memory.
# Possible reasons:
#   The system is out of physical RAM or swap space
#   In 32 bit mode, the process size limit was hit
# Possible solutions:
#   Reduce memory load on the system
#   Increase physical memory or swap space
#   Check if swap backing store is full
#   Use 64 bit Java on a 64 bit OS
#   Decrease Java heap size (-Xmx/-Xms)
#   Decrease number of Java threads
#   Decrease Java thread stack sizes (-Xss)
#   Set larger code cache with -XX:ReservedCodeCacheSize=
# This output file may be truncated or incomplete.
#
#  Out of Memory Error (os_linux.cpp:2640), pid=33389, tid=0x00007fbb54fff700
#
# JRE version: Java(TM) SE Runtime Environment (8.0_151-b12) (build 1.8.0_151-b12)
# Java VM: Java HotSpot(TM) 64-Bit Server VM (25.151-b12 mixed mode linux-amd64 compressed oops)
# Failed to write core dump. Core dumps have been disabled. To enable core dumping, try "ulimit -c unlimited" before starting Java again
#

---------------  T H R E A D  ---------------

Current thread (0x00007fbb64079000):  VMThread [stack: 0x00007fbb54eff000,0x00007fbb55000000] [id=33399]

Stack: [0x00007fbb54eff000,0x00007fbb55000000],  sp=0x00007fbb54ffe080,  free space=1020k
Native frames: (J=compiled Java code, j=interpreted, Vv=VM code, C=native code)
V  [libjvm.so+0xacb58a]  VMError::report_and_die()+0x2ba
V  [libjvm.so+0x4ff4ab]  report_vm_out_of_memory(char const*, int, unsigned long, VMErrorType, char const*)+0x8b
V  [libjvm.so+0x928113]  os::Linux::commit_memory_impl(char*, unsigned long, bool)+0x103
V  [libjvm.so+0x928669]  os::pd_commit_memory(char*, unsigned long, unsigned long, bool)+0x29
V  [libjvm.so+0x92288a]  os::commit_memory(char*, unsigned long, unsigned long, bool)+0x2a
V  [libjvm.so+0x9973e3]  PSVirtualSpace::expand_by(unsigned long)+0x53
V  [libjvm.so+0x987ca0]  PSOldGen::expand(unsigned long)+0x170
V  [libjvm.so+0x987eab]  PSOldGen::resize(unsigned long)+0x1cb
V  [libjvm.so+0x98fbb1]  PSParallelCompact::invoke_no_policy(bool)+0x991
V  [libjvm.so+0x98fea3]  PSParallelCompact::invoke(bool)+0x63
V  [libjvm.so+0x485ee4]  CollectedHeap::collect_as_vm_thread(GCCause::Cause)+0x114
V  [libjvm.so+0xacca01]  VM_CollectForMetadataAllocation::doit()+0x161
V  [libjvm.so+0xad4a85]  VM_Operation::evaluate()+0x55
V  [libjvm.so+0xad2e5a]  VMThread::evaluate_operation(VM_Operation*)+0xba
V  [libjvm.so+0xad31de]  VMThread::loop()+0x1ce
V  [libjvm.so+0xad3650]  VMThread::run()+0x70
V  [libjvm.so+0x92a728]  java_start(Thread*)+0x108

VM_Operation (0x00007fbaff5f77a0): CollectForMetadataAllocation, mode: safepoint, requested by thread 0x00007fbb656d7800


---------------  P R O C E S S  ---------------

Java Threads: ( => current thread )
  0x00007fbb6400d800 JavaThread "DestroyJavaVM" [_thread_blocked, id=33390, stack(0x00007fbb6d1f2000,0x00007fbb6d2f3000)]
  0x00007fbb65721800 JavaThread "http-nio-8080-AsyncTimeout" daemon [_thread_blocked, id=33432, stack(0x00007fbafe8f1000,0x00007fbafe9f2000)]
  0x00007fbb65720000 JavaThread "http-nio-8080-Acceptor-0" daemon [_thread_in_native, id=33431, stack(0x00007fbafe9f2000,0x00007fbafeaf3000)]
  0x00007fbb656eb800 JavaThread "http-nio-8080-ClientPoller-1" daemon [_thread_in_native, id=33430, stack(0x00007fbafeaf3000,0x00007fbafebf4000)]
  0x00007fbb656e9800 JavaThread "http-nio-8080-ClientPoller-0" daemon [_thread_blocked, id=33429, stack(0x00007fbafebf4000,0x00007fbafecf5000)]
  0x00007fbb656e7800 JavaThread "http-nio-8080-exec-10" daemon [_thread_blocked, id=33428, stack(0x00007fbafecf5000,0x00007fbafedf6000)]
  0x00007fbb656e5800 JavaThread "http-nio-8080-exec-9" daemon [_thread_blocked, id=33427, stack(0x00007fbafedf6000,0x00007fbafeef7000)]
  0x00007fbb656e3800 JavaThread "http-nio-8080-exec-8" daemon [_thread_blocked, id=33426, stack(0x00007fbafeef7000,0x00007fbafeff8000)]
  0x00007fbb656e1800 JavaThread "http-nio-8080-exec-7" daemon [_thread_blocked, id=33425, stack(0x00007fbafeff8000,0x00007fbaff0f9000)]
  0x00007fbb656df800 JavaThread "http-nio-8080-exec-6" daemon [_thread_blocked, id=33424, stack(0x00007fbaff0f9000,0x00007fbaff1fa000)]
  0x00007fbb656dd800 JavaThread "http-nio-8080-exec-5" daemon [_thread_blocked, id=33423, stack(0x00007fbaff1fa000,0x00007fbaff2fb000)]
  0x00007fbb656db800 JavaThread "http-nio-8080-exec-4" daemon [_thread_blocked, id=33422, stack(0x00007fbaff2fb000,0x00007fbaff3fc000)]
  0x00007fbb656d9800 JavaThread "http-nio-8080-exec-3" daemon [_thread_blocked, id=33421, stack(0x00007fbaff3fc000,0x00007fbaff4fd000)]
  0x00007fbb656d7800 JavaThread "http-nio-8080-exec-2" daemon [_thread_blocked, id=33420, stack(0x00007fbaff4fd000,0x00007fbaff5fe000)]
  0x00007fbb656d6000 JavaThread "http-nio-8080-exec-1" daemon [_thread_blocked, id=33419, stack(0x00007fbaff5fe000,0x00007fbaff6ff000)]
  0x00007fbb656b6000 JavaThread "NioBlockingSelector.BlockPoller-1" daemon [_thread_blocked, id=33418, stack(0x00007fbaff6ff000,0x00007fbaff800000)]
  0x00007fbb64d0d800 JavaThread "HikariPool-1 housekeeper" daemon [_thread_blocked, id=33415, stack(0x00007fbb440f9000,0x00007fbb441fa000)]
  0x00007fbb64baa800 JavaThread "Abandoned connection cleanup thread" daemon [_thread_blocked, id=33414, stack(0x00007fbb441fa000,0x00007fbb442fb000)]
  0x00007fbb64b60000 JavaThread "mysql-cj-abandoned-connection-cleanup" daemon [_thread_blocked, id=33413, stack(0x00007fbb442fb000,0x00007fbb443fc000)]
  0x00007fbb64b2c000 JavaThread "container-0" [_thread_blocked, id=33412, stack(0x00007fbb443fc000,0x00007fbb444fd000)]
  0x00007fbb64b2a800 JavaThread "ContainerBackgroundProcessor[StandardEngine[Tomcat]]" daemon [_thread_blocked, id=33411, stack(0x00007fbb444fd000,0x00007fbb445fe000)]
  0x00007fbb640bf800 JavaThread "Service Thread" daemon [_thread_blocked, id=33405, stack(0x00007fbb5475e000,0x00007fbb5485f000)]
  0x00007fbb640bd000 JavaThread "C1 CompilerThread1" daemon [_thread_blocked, id=33404, stack(0x00007fbb5485f000,0x00007fbb54960000)]
  0x00007fbb640ba000 JavaThread "C2 CompilerThread0" daemon [_thread_blocked, id=33403, stack(0x00007fbb54960000,0x00007fbb54a61000)]
  0x00007fbb640b8800 JavaThread "Signal Dispatcher" daemon [_thread_blocked, id=33402, stack(0x00007fbb54a61000,0x00007fbb54b62000)]
  0x00007fbb64085800 JavaThread "Finalizer" daemon [_thread_blocked, id=33401, stack(0x00007fbb54cfd000,0x00007fbb54dfe000)]
  0x00007fbb64081000 JavaThread "Reference Handler" daemon [_thread_blocked, id=33400, stack(0x00007fbb54dfe000,0x00007fbb54eff000)]

Other Threads:
=>0x00007fbb64079000 VMThread [stack: 0x00007fbb54eff000,0x00007fbb55000000] [id=33399]
  0x00007fbb640c2800 WatcherThread [stack: 0x00007fbb5465d000,0x00007fbb5475e000] [id=33406]

VM state:at safepoint (normal execution)

VM Mutex/Monitor currently owned by a thread:  ([mutex/lock_event])
[0x00007fbb64009230] ExpandHeap_lock - owner thread: 0x00007fbb64079000
[0x00007fbb640098b0] Threads_lock - owner thread: 0x00007fbb64079000
[0x00007fbb64009db0] Heap_lock - owner thread: 0x00007fbb656d7800

Heap:
 PSYoungGen      total 176128K, used 0K [0x00000000eb780000, 0x00000000f7700000, 0x0000000100000000)
  eden space 164864K, 0% used [0x00000000eb780000,0x00000000eb780000,0x00000000f5880000)
  from space 11264K, 0% used [0x00000000f6c00000,0x00000000f6c00000,0x00000000f7700000)
  to   space 15360K, 0% used [0x00000000f5900000,0x00000000f5900000,0x00000000f6800000)
 ParOldGen       total 58368K, used 30714K [0x00000000c2600000, 0x00000000c5f00000, 0x00000000eb780000)
  object space 58368K, 52% used [0x00000000c2600000,0x00000000c43fead0,0x00000000c5f00000)
 Metaspace       used 57052K, capacity 58936K, committed 58968K, reserved 1099776K
  class space    used 7662K, capacity 8014K, committed 8024K, reserved 1048576K

Card table byte_map: [0x00007fbb69dd6000,0x00007fbb69fc4000] byte_map_base: 0x00007fbb697c3000

Marking Bits: (ParMarkBitMap*) 0x00007fbb6c6eef80
 Begin Bits: [0x00007fbb46130000, 0x00007fbb47098000)
 End Bits:   [0x00007fbb47098000, 0x00007fbb48000000)

Polling page: 0x00007fbb6d311000

CodeCache: size=245760Kb used=13370Kb max_used=13534Kb free=232389Kb
 bounds [0x00007fbb55000000, 0x00007fbb55d60000, 0x00007fbb64000000]
 total_blobs=4822 nmethods=4269 adapters=465
 compilation: enabled

Compilation events (10 events):
Event: 49.869 Thread 0x00007fbb640bd000 4855       3       java.util.stream.ReduceOps::makeRef (42 bytes)
Event: 49.869 Thread 0x00007fbb640bd000 nmethod 4855 0x00007fbb551d32d0 code [0x00007fbb551d3480, 0x00007fbb551d39c8]
Event: 49.869 Thread 0x00007fbb640bd000 4854       3       java.util.stream.ReduceOps$3ReducingSink::begin (14 bytes)
Event: 49.869 Thread 0x00007fbb640bd000 nmethod 4854 0x00007fbb55267810 code [0x00007fbb55267980, 0x00007fbb55267bc8]
Event: 49.869 Thread 0x00007fbb640bd000 4856       1       org.hibernate.validator.internal.metadata.aggregated.CascadingMetaDataBuilder::isCascading (5 bytes)
Event: 49.869 Thread 0x00007fbb640bd000 nmethod 4856 0x00007fbb55533950 code [0x00007fbb55533aa0, 0x00007fbb55533bb0]
Event: 49.876 Thread 0x00007fbb640bd000 4857       1       sun.nio.ch.EPollArrayWrapper::interrupted (5 bytes)
Event: 49.876 Thread 0x00007fbb640bd000 nmethod 4857 0x00007fbb55239850 code [0x00007fbb552399a0, 0x00007fbb55239ab0]
Event: 49.942 Thread 0x00007fbb640bd000 4858   !   3       java.util.jar.JarFile::getBytes (96 bytes)
Event: 49.942 Thread 0x00007fbb640bd000 nmethod 4858 0x00007fbb55b52650 code [0x00007fbb55b52840, 0x00007fbb55b52f98]

GC Heap History (10 events):
Event: 4.103 GC heap after
Heap after GC invocations=10 (full 1):
 PSYoungGen      total 106496K, used 8688K [0x00000000eb780000, 0x00000000f4f80000, 0x0000000100000000)
  eden space 97792K, 0% used [0x00000000eb780000,0x00000000eb780000,0x00000000f1700000)
  from space 8704K, 99% used [0x00000000f1700000,0x00000000f1f7c378,0x00000000f1f80000)
  to   space 12288K, 0% used [0x00000000f4380000,0x00000000f4380000,0x00000000f4f80000)
 ParOldGen       total 38400K, used 19972K [0x00000000c2600000, 0x00000000c4b80000, 0x00000000eb780000)
  object space 38400K, 52% used [0x00000000c2600000,0x00000000c3981058,0x00000000c4b80000)
 Metaspace       used 32772K, capacity 34080K, committed 34176K, reserved 1079296K
  class space    used 4198K, capacity 4478K, committed 4480K, reserved 1048576K
}
Event: 4.338 GC heap before
{Heap before GC invocations=11 (full 1):
 PSYoungGen      total 106496K, used 33701K [0x00000000eb780000, 0x00000000f4f80000, 0x0000000100000000)
  eden space 97792K, 25% used [0x00000000eb780000,0x00000000ecfed2b0,0x00000000f1700000)
  from space 8704K, 99% used [0x00000000f1700000,0x00000000f1f7c378,0x00000000f1f80000)
  to   space 12288K, 0% used [0x00000000f4380000,0x00000000f4380000,0x00000000f4f80000)
 ParOldGen       total 38400K, used 19972K [0x00000000c2600000, 0x00000000c4b80000, 0x00000000eb780000)
  object space 38400K, 52% used [0x00000000c2600000,0x00000000c3981058,0x00000000c4b80000)
 Metaspace       used 33903K, capacity 35282K, committed 35416K, reserved 1079296K
  class space    used 4350K, capacity 4617K, committed 4696K, reserved 1048576K
Event: 4.349 GC heap after
Heap after GC invocations=11 (full 1):
 PSYoungGen      total 143872K, used 5098K [0x00000000eb780000, 0x00000000f5180000, 0x0000000100000000)
  eden space 131584K, 0% used [0x00000000eb780000,0x00000000eb780000,0x00000000f3800000)
  from space 12288K, 41% used [0x00000000f4380000,0x00000000f487a880,0x00000000f4f80000)
  to   space 11776K, 0% used [0x00000000f3800000,0x00000000f3800000,0x00000000f4380000)
 ParOldGen       total 38400K, used 25785K [0x00000000c2600000, 0x00000000c4b80000, 0x00000000eb780000)
  object space 38400K, 67% used [0x00000000c2600000,0x00000000c3f2e410,0x00000000c4b80000)
 Metaspace       used 33903K, capacity 35282K, committed 35416K, reserved 1079296K
  class space    used 4350K, capacity 4617K, committed 4696K, reserved 1048576K
}
Event: 4.349 GC heap before
{Heap before GC invocations=12 (full 2):
 PSYoungGen      total 143872K, used 5098K [0x00000000eb780000, 0x00000000f5180000, 0x0000000100000000)
  eden space 131584K, 0% used [0x00000000eb780000,0x00000000eb780000,0x00000000f3800000)
  from space 12288K, 41% used [0x00000000f4380000,0x00000000f487a880,0x00000000f4f80000)
  to   space 11776K, 0% used [0x00000000f3800000,0x00000000f3800000,0x00000000f4380000)
 ParOldGen       total 38400K, used 25785K [0x00000000c2600000, 0x00000000c4b80000, 0x00000000eb780000)
  object space 38400K, 67% used [0x00000000c2600000,0x00000000c3f2e410,0x00000000c4b80000)
 Metaspace       used 33903K, capacity 35282K, committed 35416K, reserved 1079296K
  class space    used 4350K, capacity 4617K, committed 4696K, reserved 1048576K
Event: 4.414 GC heap after
Heap after GC invocations=12 (full 2):
 PSYoungGen      total 143872K, used 0K [0x00000000eb780000, 0x00000000f5180000, 0x0000000100000000)
  eden space 131584K, 0% used [0x00000000eb780000,0x00000000eb780000,0x00000000f3800000)
  from space 12288K, 0% used [0x00000000f4380000,0x00000000f4380000,0x00000000f4f80000)
  to   space 11776K, 0% used [0x00000000f3800000,0x00000000f3800000,0x00000000f4380000)
 ParOldGen       total 58368K, used 17854K [0x00000000c2600000, 0x00000000c5f00000, 0x00000000eb780000)
  object space 58368K, 30% used [0x00000000c2600000,0x00000000c376fa50,0x00000000c5f00000)
 Metaspace       used 33903K, capacity 35282K, committed 35416K, reserved 1079296K
  class space    used 4350K, capacity 4617K, committed 4696K, reserved 1048576K
}
Event: 6.031 GC heap before
{Heap before GC invocations=13 (full 2):
 PSYoungGen      total 143872K, used 131584K [0x00000000eb780000, 0x00000000f5180000, 0x0000000100000000)
  eden space 131584K, 100% used [0x00000000eb780000,0x00000000f3800000,0x00000000f3800000)
  from space 12288K, 0% used [0x00000000f4380000,0x00000000f4380000,0x00000000f4f80000)
  to   space 11776K, 0% used [0x00000000f3800000,0x00000000f3800000,0x00000000f4380000)
 ParOldGen       total 58368K, used 17854K [0x00000000c2600000, 0x00000000c5f00000, 0x00000000eb780000)
  object space 58368K, 30% used [0x00000000c2600000,0x00000000c376fa50,0x00000000c5f00000)
 Metaspace       used 47960K, capacity 49576K, committed 50008K, reserved 1093632K
  class space    used 6312K, capacity 6632K, committed 6744K, reserved 1048576K
Event: 6.046 GC heap after
Heap after GC invocations=13 (full 2):
 PSYoungGen      total 143360K, used 11775K [0x00000000eb780000, 0x00000000f7a80000, 0x0000000100000000)
  eden space 131584K, 0% used [0x00000000eb780000,0x00000000eb780000,0x00000000f3800000)
  from space 11776K, 99% used [0x00000000f3800000,0x00000000f437ff00,0x00000000f4380000)
  to   space 14848K, 0% used [0x00000000f6c00000,0x00000000f6c00000,0x00000000f7a80000)
 ParOldGen       total 58368K, used 21617K [0x00000000c2600000, 0x00000000c5f00000, 0x00000000eb780000)
  object space 58368K, 37% used [0x00000000c2600000,0x00000000c3b1c6b8,0x00000000c5f00000)
 Metaspace       used 47960K, capacity 49576K, committed 50008K, reserved 1093632K
  class space    used 6312K, capacity 6632K, committed 6744K, reserved 1048576K
}
Event: 49.948 GC heap before
{Heap before GC invocations=14 (full 2):
 PSYoungGen      total 143360K, used 131197K [0x00000000eb780000, 0x00000000f7a80000, 0x0000000100000000)
  eden space 131584K, 90% used [0x00000000eb780000,0x00000000f2c1f7c8,0x00000000f3800000)
  from space 11776K, 99% used [0x00000000f3800000,0x00000000f437ff00,0x00000000f4380000)
  to   space 14848K, 0% used [0x00000000f6c00000,0x00000000f6c00000,0x00000000f7a80000)
 ParOldGen       total 58368K, used 21617K [0x00000000c2600000, 0x00000000c5f00000, 0x00000000eb780000)
  object space 58368K, 37% used [0x00000000c2600000,0x00000000c3b1c6b8,0x00000000c5f00000)
 Metaspace       used 57052K, capacity 58936K, committed 58968K, reserved 1099776K
  class space    used 7662K, capacity 8014K, committed 8024K, reserved 1048576K
Event: 50.019 GC heap after
Heap after GC invocations=14 (full 2):
 PSYoungGen      total 176128K, used 11201K [0x00000000eb780000, 0x00000000f7700000, 0x0000000100000000)
  eden space 164864K, 0% used [0x00000000eb780000,0x00000000eb780000,0x00000000f5880000)
  from space 11264K, 99% used [0x00000000f6c00000,0x00000000f76f0688,0x00000000f7700000)
  to   space 15360K, 0% used [0x00000000f5900000,0x00000000f5900000,0x00000000f6800000)
 ParOldGen       total 58368K, used 26858K [0x00000000c2600000, 0x00000000c5f00000, 0x00000000eb780000)
  object space 58368K, 46% used [0x00000000c2600000,0x00000000c403aa28,0x00000000c5f00000)
 Metaspace       used 57052K, capacity 58936K, committed 58968K, reserved 1099776K
  class space    used 7662K, capacity 8014K, committed 8024K, reserved 1048576K
}
Event: 50.023 GC heap before
{Heap before GC invocations=15 (full 3):
 PSYoungGen      total 176128K, used 11201K [0x00000000eb780000, 0x00000000f7700000, 0x0000000100000000)
  eden space 164864K, 0% used [0x00000000eb780000,0x00000000eb780000,0x00000000f5880000)
  from space 11264K, 99% used [0x00000000f6c00000,0x00000000f76f0688,0x00000000f7700000)
  to   space 15360K, 0% used [0x00000000f5900000,0x00000000f5900000,0x00000000f6800000)
 ParOldGen       total 58368K, used 26858K [0x00000000c2600000, 0x00000000c5f00000, 0x00000000eb780000)
  object space 58368K, 46% used [0x00000000c2600000,0x00000000c403aa28,0x00000000c5f00000)
 Metaspace       used 57052K, capacity 58936K, committed 58968K, reserved 1099776K
  class space    used 7662K, capacity 8014K, committed 8024K, reserved 1048576K

Deoptimization events (10 events):
Event: 6.562 Thread 0x00007fbb6400d800 Uncommon trap: reason=class_check action=maybe_recompile pc=0x00007fbb55bc55a0 method=org.springframework.beans.factory.support.AbstractBeanFactory.isTypeMatch(Ljava/lang/String;Lorg/springframework/core/ResolvableType;)Z @ 47
Event: 6.564 Thread 0x00007fbb6400d800 Uncommon trap: reason=class_check action=maybe_recompile pc=0x00007fbb55bc55a0 method=org.springframework.beans.factory.support.AbstractBeanFactory.isTypeMatch(Ljava/lang/String;Lorg/springframework/core/ResolvableType;)Z @ 47
Event: 6.566 Thread 0x00007fbb6400d800 Uncommon trap: reason=class_check action=maybe_recompile pc=0x00007fbb55bc55a0 method=org.springframework.beans.factory.support.AbstractBeanFactory.isTypeMatch(Ljava/lang/String;Lorg/springframework/core/ResolvableType;)Z @ 47
Event: 6.709 Thread 0x00007fbb6400d800 Uncommon trap: reason=unstable_if action=reinterpret pc=0x00007fbb555730d4 method=org.springframework.beans.factory.support.AbstractBeanFactory.isTypeMatch(Ljava/lang/String;Lorg/springframework/core/ResolvableType;)Z @ 26
Event: 6.951 Thread 0x00007fbb6400d800 Uncommon trap: reason=null_check action=make_not_entrant pc=0x00007fbb55b0d4a0 method=org.springframework.util.ClassUtils.isAssignable(Ljava/lang/Class;Ljava/lang/Class;)Z @ 14
Event: 7.013 Thread 0x00007fbb6400d800 Uncommon trap: reason=unstable_if action=reinterpret pc=0x00007fbb55221d00 method=java.util.concurrent.ConcurrentHashMap.putVal(Ljava/lang/Object;Ljava/lang/Object;Z)Ljava/lang/Object; @ 331
Event: 7.014 Thread 0x00007fbb6400d800 Uncommon trap: reason=unstable_if action=reinterpret pc=0x00007fbb55992694 method=java.util.concurrent.ConcurrentHashMap.get(Ljava/lang/Object;)Ljava/lang/Object; @ 86
Event: 7.086 Thread 0x00007fbb6400d800 Uncommon trap: reason=unstable_if action=reinterpret pc=0x00007fbb553d828c method=java.util.concurrent.ConcurrentHashMap.transfer([Ljava/util/concurrent/ConcurrentHashMap$Node;[Ljava/util/concurrent/ConcurrentHashMap$Node;)V @ 356
Event: 7.086 Thread 0x00007fbb6400d800 Uncommon trap: reason=unstable_if action=reinterpret pc=0x00007fbb553b0140 method=java.util.concurrent.ConcurrentHashMap.transfer([Ljava/util/concurrent/ConcurrentHashMap$Node;[Ljava/util/concurrent/ConcurrentHashMap$Node;)V @ 356
Event: 49.403 Thread 0x00007fbb656d7800 Uncommon trap: reason=null_check action=make_not_entrant pc=0x00007fbb55d36ac8 method=org.springframework.core.annotation.AnnotatedElementUtils.searchWithFindSemantics(Ljava/lang/reflect/AnnotatedElement;Ljava/util/Set;Ljava/lang/String;Ljava/lang/Class;L

Internal exceptions (10 events):
Event: 6.557 Thread 0x00007fbb6400d800 Exception <a 'java/lang/ClassNotFoundException': org/springframework/web/servlet/config/annotation/DelegatingWebMvcConfigurationCustomizer> (0x00000000ee36d9a0) thrown at [/HUDSON/workspace/8-2-build-linux-amd64/jdk8u151/9699/hotspot/src/share/vm/classfil
Event: 6.558 Thread 0x00007fbb6400d800 Exception <a 'java/lang/ClassNotFoundException': org/springframework/web/servlet/config/annotation/DelegatingWebMvcConfiguration$$EnhancerBySpringCGLIB$$3352225eCustomizer> (0x00000000ee3962f8) thrown at [/HUDSON/workspace/8-2-build-linux-amd64/jdk8u151/9
Event: 6.558 Thread 0x00007fbb6400d800 Exception <a 'java/lang/ClassNotFoundException': org/springframework/context/annotation/ConfigurationClassEnhancer$EnhancedConfigurationCustomizer> (0x00000000ee3d2ff0) thrown at [/HUDSON/workspace/8-2-build-linux-amd64/jdk8u151/9699/hotspot/src/share/vm/
Event: 6.558 Thread 0x00007fbb6400d800 Exception <a 'java/lang/ClassNotFoundException': org/springframework/beans/factory/BeanFactoryAwareCustomizer> (0x00000000ee3e7f78) thrown at [/HUDSON/workspace/8-2-build-linux-amd64/jdk8u151/9699/hotspot/src/share/vm/classfile/systemDictionary.cpp, line 
Event: 6.559 Thread 0x00007fbb6400d800 Exception <a 'java/lang/ClassNotFoundException': org/springframework/beans/factory/AwareCustomizer> (0x00000000ee3fb7a0) thrown at [/HUDSON/workspace/8-2-build-linux-amd64/jdk8u151/9699/hotspot/src/share/vm/classfile/systemDictionary.cpp, line 210]
Event: 6.559 Thread 0x00007fbb6400d800 Exception <a 'java/lang/ClassNotFoundException': org/springframework/context/ApplicationContextAwareCustomizer> (0x00000000ee410a78) thrown at [/HUDSON/workspace/8-2-build-linux-amd64/jdk8u151/9699/hotspot/src/share/vm/classfile/systemDictionary.cpp, line
Event: 6.559 Thread 0x00007fbb6400d800 Exception <a 'java/lang/ClassNotFoundException': org/springframework/beans/factory/AwareCustomizer> (0x00000000ee424278) thrown at [/HUDSON/workspace/8-2-build-linux-amd64/jdk8u151/9699/hotspot/src/share/vm/classfile/systemDictionary.cpp, line 210]
Event: 6.559 Thread 0x00007fbb6400d800 Exception <a 'java/lang/ClassNotFoundException': org/springframework/web/context/ServletContextAwareCustomizer> (0x00000000ee4394f0) thrown at [/HUDSON/workspace/8-2-build-linux-amd64/jdk8u151/9699/hotspot/src/share/vm/classfile/systemDictionary.cpp, line
Event: 6.559 Thread 0x00007fbb6400d800 Exception <a 'java/lang/ClassNotFoundException': org/springframework/beans/factory/AwareCustomizer> (0x00000000ee44c760) thrown at [/HUDSON/workspace/8-2-build-linux-amd64/jdk8u151/9699/hotspot/src/share/vm/classfile/systemDictionary.cpp, line 210]
Event: 49.402 Thread 0x00007fbb656d7800 Implicit null exception at 0x00007fbb55d30fa3 to 0x00007fbb55d36a89

Events (10 events):
Event: 49.941 loading class org/eclipse/jdt/internal/compiler/env/INameEnvironment done
Event: 49.942 loading class org/eclipse/jdt/internal/compiler/IProblemFactory
Event: 49.942 loading class org/eclipse/jdt/internal/compiler/IProblemFactory done
Event: 49.943 Thread 0x00007fbb640bd000 flushing nmethod 0x00007fbb55176bd0
Event: 49.944 Thread 0x00007fbb640bd000 flushing nmethod 0x00007fbb55177c90
Event: 49.944 loading class org/eclipse/jdt/internal/compiler/ICompilerRequestor
Event: 49.944 loading class org/eclipse/jdt/internal/compiler/ICompilerRequestor done
Event: 49.944 loading class org/eclipse/jdt/internal/compiler/impl/CompilerOptions
Event: 49.944 loading class org/eclipse/jdt/internal/compiler/impl/CompilerOptions done
Event: 49.948 Executing VM operation: CollectForMetadataAllocation


Dynamic libraries:
00400000-00401000 r-xp 00000000 fe:00 801902                             /opt/java-jdk/jdk1.8.0_151/bin/java
00600000-00601000 rw-p 00000000 fe:00 801902                             /opt/java-jdk/jdk1.8.0_151/bin/java
0110d000-0112e000 rw-p 00000000 00:00 0                                  [heap]
c2600000-c5f00000 rw-p 00000000 00:00 0 
c7700000-eb780000 ---p 00000000 00:00 0 
eb780000-f7700000 rw-p 00000000 00:00 0 
f7700000-f7a80000 ---p 00000000 00:00 0 
f7a80000-100000000 ---p 00000000 00:00 0 
100000000-1007d6000 rw-p 00000000 00:00 0 
1007d6000-140000000 ---p 00000000 00:00 0 
7fbaf0000000-7fbaf0163000 rw-p 00000000 00:00 0 
7fbaf0163000-7fbaf4000000 ---p 00000000 00:00 0 
7fbaf4000000-7fbaf4021000 rw-p 00000000 00:00 0 
7fbaf4021000-7fbaf8000000 ---p 00000000 00:00 0 
7fbaf8000000-7fbaf8021000 rw-p 00000000 00:00 0 
7fbaf8021000-7fbafc000000 ---p 00000000 00:00 0 
7fbafe6f1000-7fbafe8b1000 rw-p 00000000 00:00 0 
7fbafe8b1000-7fbafe8f1000 ---p 00000000 00:00 0 
7fbafe8f1000-7fbafe8f4000 ---p 00000000 00:00 0 
7fbafe8f4000-7fbafe9f2000 rw-p 00000000 00:00 0 
7fbafe9f2000-7fbafe9f5000 ---p 00000000 00:00 0 
7fbafe9f5000-7fbafeaf3000 rw-p 00000000 00:00 0 
7fbafeaf3000-7fbafeaf6000 ---p 00000000 00:00 0 
7fbafeaf6000-7fbafebf4000 rw-p 00000000 00:00 0 
7fbafebf4000-7fbafebf7000 ---p 00000000 00:00 0 
7fbafebf7000-7fbafecf5000 rw-p 00000000 00:00 0 
7fbafecf5000-7fbafecf8000 ---p 00000000 00:00 0 
7fbafecf8000-7fbafedf6000 rw-p 00000000 00:00 0 
7fbafedf6000-7fbafedf9000 ---p 00000000 00:00 0 
7fbafedf9000-7fbafeef7000 rw-p 00000000 00:00 0 
7fbafeef7000-7fbafeefa000 ---p 00000000 00:00 0 
7fbafeefa000-7fbafeff8000 rw-p 00000000 00:00 0 
7fbafeff8000-7fbafeffb000 ---p 00000000 00:00 0 
7fbafeffb000-7fbaff0f9000 rw-p 00000000 00:00 0 
7fbaff0f9000-7fbaff0fc000 ---p 00000000 00:00 0 
7fbaff0fc000-7fbaff1fa000 rw-p 00000000 00:00 0 
7fbaff1fa000-7fbaff1fd000 ---p 00000000 00:00 0 
7fbaff1fd000-7fbaff2fb000 rw-p 00000000 00:00 0 
7fbaff2fb000-7fbaff2fe000 ---p 00000000 00:00 0 
7fbaff2fe000-7fbaff3fc000 rw-p 00000000 00:00 0 
7fbaff3fc000-7fbaff3ff000 ---p 00000000 00:00 0 
7fbaff3ff000-7fbaff4fd000 rw-p 00000000 00:00 0 
7fbaff4fd000-7fbaff500000 ---p 00000000 00:00 0 
7fbaff500000-7fbaff5fe000 rw-p 00000000 00:00 0 
7fbaff5fe000-7fbaff601000 ---p 00000000 00:00 0 
7fbaff601000-7fbaff6ff000 rw-p 00000000 00:00 0 
7fbaff6ff000-7fbaff702000 ---p 00000000 00:00 0 
7fbaff702000-7fbaff800000 rw-p 00000000 00:00 0 
7fbaff800000-7fbaffa00000 rw-p 00000000 00:00 0 
7fbaffa00000-7fbaffc00000 rw-p 00000000 00:00 0 
7fbaffc00000-7fbaffe00000 rw-p 00000000 00:00 0 
7fbaffe00000-7fbb00000000 rw-p 00000000 00:00 0 
7fbb00000000-7fbb00021000 rw-p 00000000 00:00 0 
7fbb00021000-7fbb04000000 ---p 00000000 00:00 0 
7fbb04000000-7fbb04024000 rw-p 00000000 00:00 0 
7fbb04024000-7fbb08000000 ---p 00000000 00:00 0 
7fbb08000000-7fbb08021000 rw-p 00000000 00:00 0 
7fbb08021000-7fbb0c000000 ---p 00000000 00:00 0 
7fbb0c000000-7fbb0c021000 rw-p 00000000 00:00 0 
7fbb0c021000-7fbb10000000 ---p 00000000 00:00 0 
7fbb10000000-7fbb10021000 rw-p 00000000 00:00 0 
7fbb10021000-7fbb14000000 ---p 00000000 00:00 0 
7fbb14000000-7fbb14021000 rw-p 00000000 00:00 0 
7fbb14021000-7fbb18000000 ---p 00000000 00:00 0 
7fbb18000000-7fbb180cc000 rw-p 00000000 00:00 0 
7fbb180cc000-7fbb1c000000 ---p 00000000 00:00 0 
7fbb1c0a0000-7fbb1c2a0000 rw-p 00000000 00:00 0 
7fbb1c2a0000-7fbb1c4a0000 rw-p 00000000 00:00 0 
7fbb1c4a0000-7fbb1c4a3000 ---p 00000000 00:00 0 
7fbb1c4a3000-7fbb1c5a1000 rw-p 00000000 00:00 0 
7fbb1c5a1000-7fbb1c7a1000 rw-p 00000000 00:00 0 
7fbb1c7a1000-7fbb1c7b7000 r-xp 00000000 fe:00 1305707                    /lib/x86_64-linux-gnu/libgcc_s.so.1
7fbb1c7b7000-7fbb1c9b6000 ---p 00016000 fe:00 1305707                    /lib/x86_64-linux-gnu/libgcc_s.so.1
7fbb1c9b6000-7fbb1c9b7000 r--p 00015000 fe:00 1305707                    /lib/x86_64-linux-gnu/libgcc_s.so.1
7fbb1c9b7000-7fbb1c9b8000 rw-p 00016000 fe:00 1305707                    /lib/x86_64-linux-gnu/libgcc_s.so.1
7fbb1c9b8000-7fbb1c9ea000 r-xp 00000000 fe:00 1183656                    /opt/java-jdk/jdk1.8.0_151/jre/lib/amd64/libsunec.so
7fbb1c9ea000-7fbb1cbe9000 ---p 00032000 fe:00 1183656                    /opt/java-jdk/jdk1.8.0_151/jre/lib/amd64/libsunec.so
7fbb1cbe9000-7fbb1cbef000 rw-p 00031000 fe:00 1183656                    /opt/java-jdk/jdk1.8.0_151/jre/lib/amd64/libsunec.so
7fbb1cbef000-7fbb1cdff000 rw-p 00000000 00:00 0 
7fbb1cdff000-7fbb1cfff000 rw-p 00000000 00:00 0 
7fbb1cfff000-7fbb20000000 rw-p 00000000 00:00 0 
7fbb20000000-7fbb20021000 rw-p 00000000 00:00 0 
7fbb20021000-7fbb24000000 ---p 00000000 00:00 0 
7fbb24000000-7fbb245a9000 rw-p 00000000 00:00 0 
7fbb245a9000-7fbb28000000 ---p 00000000 00:00 0 
7fbb28000000-7fbb28e84000 rw-p 00000000 00:00 0 
7fbb28e84000-7fbb2c000000 ---p 00000000 00:00 0 
7fbb2c000000-7fbb2c021000 rw-p 00000000 00:00 0 
7fbb2c021000-7fbb30000000 ---p 00000000 00:00 0 
7fbb30000000-7fbb30021000 rw-p 00000000 00:00 0 
7fbb30021000-7fbb34000000 ---p 00000000 00:00 0 
7fbb34000000-7fbb35bdd000 rw-p 00000000 00:00 0 
7fbb35bdd000-7fbb38000000 ---p 00000000 00:00 0 
7fbb38000000-7fbb38021000 rw-p 00000000 00:00 0 
7fbb38021000-7fbb3c000000 ---p 00000000 00:00 0 
7fbb3c000000-7fbb3c021000 rw-p 00000000 00:00 0 
7fbb3c021000-7fbb40000000 ---p 00000000 00:00 0 
7fbb40000000-7fbb40290000 rw-p 00000000 00:00 0 
7fbb40290000-7fbb44000000 ---p 00000000 00:00 0 
7fbb440f9000-7fbb440fc000 ---p 00000000 00:00 0 
7fbb440fc000-7fbb441fa000 rw-p 00000000 00:00 0 
7fbb441fa000-7fbb441fd000 ---p 00000000 00:00 0 
7fbb441fd000-7fbb442fb000 rw-p 00000000 00:00 0 
7fbb442fb000-7fbb442fe000 ---p 00000000 00:00 0 
7fbb442fe000-7fbb443fc000 rw-p 00000000 00:00 0 
7fbb443fc000-7fbb443ff000 ---p 00000000 00:00 0 
7fbb443ff000-7fbb444fd000 rw-p 00000000 00:00 0 
7fbb444fd000-7fbb44500000 ---p 00000000 00:00 0 
7fbb44500000-7fbb445fe000 rw-p 00000000 00:00 0 
7fbb445fe000-7fbb447fe000 rw-p 00000000 00:00 0 
7fbb447fe000-7fbb449fe000 rw-p 00000000 00:00 0 
7fbb449fe000-7fbb44bfe000 rw-p 00000000 00:00 0 
7fbb44bfe000-7fbb44dfe000 rw-p 00000000 00:00 0 
7fbb44dfe000-7fbb44ffe000 rw-p 00000000 00:00 0 
7fbb44ffe000-7fbb451fe000 rw-p 00000000 00:00 0 
7fbb451fe000-7fbb45201000 ---p 00000000 00:00 0 
7fbb45201000-7fbb452ff000 rw-p 00000000 00:00 0 
7fbb452ff000-7fbb454ff000 rw-p 00000000 00:00 0 
7fbb454ff000-7fbb45510000 r-xp 00000000 fe:00 1183703                    /opt/java-jdk/jdk1.8.0_151/jre/lib/amd64/libnio.so
7fbb45510000-7fbb4570f000 ---p 00011000 fe:00 1183703                    /opt/java-jdk/jdk1.8.0_151/jre/lib/amd64/libnio.so
7fbb4570f000-7fbb45710000 rw-p 00010000 fe:00 1183703                    /opt/java-jdk/jdk1.8.0_151/jre/lib/amd64/libnio.so
7fbb45710000-7fbb45910000 rw-p 00000000 00:00 0 
7fbb45910000-7fbb45b10000 rw-p 00000000 00:00 0 
7fbb45b10000-7fbb45d10000 rw-p 00000000 00:00 0 
7fbb45d10000-7fbb45d27000 r-xp 00000000 fe:00 1183700                    /opt/java-jdk/jdk1.8.0_151/jre/lib/amd64/libnet.so
7fbb45d27000-7fbb45f26000 ---p 00017000 fe:00 1183700                    /opt/java-jdk/jdk1.8.0_151/jre/lib/amd64/libnet.so
7fbb45f26000-7fbb45f27000 rw-p 00016000 fe:00 1183700                    /opt/java-jdk/jdk1.8.0_151/jre/lib/amd64/libnet.so
7fbb45f27000-7fbb45f30000 r-xp 00000000 fe:00 1183708                    /opt/java-jdk/jdk1.8.0_151/jre/lib/amd64/libmanagement.so
7fbb45f30000-7fbb4612f000 ---p 00009000 fe:00 1183708                    /opt/java-jdk/jdk1.8.0_151/jre/lib/amd64/libmanagement.so
7fbb4612f000-7fbb46130000 rw-p 00008000 fe:00 1183708                    /opt/java-jdk/jdk1.8.0_151/jre/lib/amd64/libmanagement.so
7fbb46130000-7fbb48000000 rw-p 00000000 00:00 0 
7fbb48000000-7fbb48038000 rw-p 00000000 00:00 0 
7fbb48038000-7fbb4c000000 ---p 00000000 00:00 0 
7fbb4c000000-7fbb4c021000 rw-p 00000000 00:00 0 
7fbb4c021000-7fbb50000000 ---p 00000000 00:00 0 
7fbb50000000-7fbb50021000 rw-p 00000000 00:00 0 
7fbb50021000-7fbb54000000 ---p 00000000 00:00 0 
7fbb5401c000-7fbb54021000 r--s 0003e000 fe:00 1441800                    /opt/java-jdk/jdk1.8.0_151/jre/lib/ext/sunjce_provider.jar
7fbb54021000-7fbb54023000 r--s 00009000 fe:00 1441790                    /opt/java-jdk/jdk1.8.0_151/jre/lib/ext/sunec.jar
7fbb54023000-7fbb54026000 r--s 0001a000 fe:00 1183716                    /opt/java-jdk/jdk1.8.0_151/jre/lib/jce.jar
7fbb54026000-7fbb5402b000 r--s 002f9000 fe:00 1183633                    /opt/java-jdk/jdk1.8.0_151/jre/lib/charsets.jar
7fbb5402b000-7fbb54030000 r--s 0009a000 fe:00 1183645                    /opt/java-jdk/jdk1.8.0_151/jre/lib/jsse.jar
7fbb54030000-7fbb540c6000 r--s 01110000 fe:00 1441793                    /opt/java-jdk/jdk1.8.0_151/jre/lib/ext/jfxrt.jar
7fbb540c6000-7fbb542c6000 rw-p 00000000 00:00 0 
7fbb542c6000-7fbb542c9000 ---p 00000000 00:00 0 
7fbb542c9000-7fbb543c7000 rw-p 00000000 00:00 0 
7fbb543c7000-7fbb543d1000 r--s 00116000 fe:00 1441799                    /opt/java-jdk/jdk1.8.0_151/jre/lib/ext/localedata.jar
7fbb543d1000-7fbb543d8000 r--s 00000000 fe:00 393953                     /usr/lib/x86_64-linux-gnu/gconv/gconv-modules.cache
7fbb543d8000-7fbb543fe000 r--p 00000000 fe:00 397017                     /usr/share/locale/de/LC_MESSAGES/libc.mo
7fbb543fe000-7fbb54408000 r--s 0005c000 fe:00 155                        /home/bzz/.m2/repository/javax/servlet/jstl/1.2/jstl-1.2.jar
7fbb54408000-7fbb5441b000 r--s 00244000 fe:00 1090                       /home/bzz/.m2/repository/org/eclipse/jdt/ecj/3.12.3/ecj-3.12.3.jar
7fbb5441b000-7fbb54420000 r--s 00038000 fe:00 1085                       /home/bzz/.m2/repository/org/apache/tomcat/embed/tomcat-embed-el/8.5.37/tomcat-embed-el-8.5.37.jar
7fbb54420000-7fbb54422000 r--s 00002000 fe:00 167                        /home/bzz/.m2/repository/org/apache/tomcat/tomcat-annotations-api/8.5.37/tomcat-annotations-api-8.5.37.jar
7fbb54422000-7fbb5444c000 r--s 002d8000 fe:00 1083                       /home/bzz/.m2/repository/org/apache/tomcat/embed/tomcat-embed-core/8.5.37/tomcat-embed-core-8.5.37.jar
7fbb5444c000-7fbb54455000 r--s 00097000 fe:00 165                        /home/bzz/.m2/repository/org/apache/tomcat/embed/tomcat-embed-jasper/8.5.37/tomcat-embed-jasper-8.5.37.jar
7fbb54455000-7fbb5445f000 r--s 000ec000 fe:00 1060                       /home/bzz/.m2/repository/mysql/mysql-connector-java/5.1.46/mysql-connector-java-5.1.46.jar
7fbb5445f000-7fbb54468000 r--s 00058000 fe:00 1177387                    /home/bzz/.m2/repository/taglibs/standard/1.1.2/standard-1.1.2.jar
7fbb54468000-7fbb54472000 r--s 0005c000 fe:00 1177385                    /home/bzz/.m2/repository/jstl/jstl/1.2/jstl-1.2.jar
7fbb54472000-7fbb54474000 r--s 0000a000 fe:00 1015                       /home/bzz/.m2/repository/org/springframework/spring-aspects/5.1.6.RELEASE/spring-aspects-5.1.6.RELEASE.jar
7fbb54474000-7fbb54476000 r--s 00009000 fe:00 854                        /home/bzz/.m2/repository/org/slf4j/slf4j-api/1.7.26/slf4j-api-1.7.26.jar
7fbb54476000-7fbb5447e000 r--s 00037000 fe:00 1013                       /home/bzz/.m2/repository/org/springframework/spring-tx/5.1.6.RELEASE/spring-tx-5.1.6.RELEASE.jar
7fbb5447e000-7fbb54482000 r--s 0002d000 fe:00 1011                       /home/bzz/.m2/repository/org/springframework/spring-orm/5.1.6.RELEASE/spring-orm-5.1.6.RELEASE.jar
7fbb54482000-7fbb5449a000 r--s 00106000 fe:00 1708246                    /home/bzz/.m2/repository/org/springframework/data/spring-data-commons/2.1.6.RELEASE/spring-data-commons-2.1.6.RELEASE.jar
7fbb5449a000-7fbb544a2000 r--s 0004f000 fe:00 1452741                    /home/bzz/.m2/repository/org/springframework/data/spring-data-jpa/2.1.6.RELEASE/spring-data-jpa-2.1.6.RELEASE.jar
7fbb544a2000-7fbb544a5000 r--s 00010000 fe:00 1009                       /home/bzz/.m2/repository/org/hibernate/common/hibernate-commons-annotations/5.0.4.Final/hibernate-commons-annotations-5.0.4.Final.jar
7fbb544a5000-7fbb544aa000 r--s 0004b000 fe:00 1007                       /home/bzz/.m2/repository/org/dom4j/dom4j/2.1.1/dom4j-2.1.1.jar
7fbb544aa000-7fbb544ad000 r--s 0002b000 fe:00 1005                       /home/bzz/.m2/repository/org/jboss/jandex/2.0.5.Final/jandex-2.0.5.Final.jar
7fbb544ad000-7fbb544b2000 r--s 00068000 fe:00 1003                       /home/bzz/.m2/repository/antlr/antlr/2.7.7/antlr-2.7.7.jar
7fbb544b2000-7fbb544f9000 r--s 002da000 fe:00 1001                       /home/bzz/.m2/repository/net/bytebuddy/byte-buddy/1.9.12/byte-buddy-1.9.12.jar
7fbb544f9000-7fbb54504000 r--s 000b2000 fe:00 999                        /home/bzz/.m2/repository/org/javassist/javassist/3.23.1-GA/javassist-3.23.1-GA.jar
7fbb54504000-7fbb5450a000 r--s 00023000 fe:00 997                        /home/bzz/.m2/repository/javax/persistence/javax.persistence-api/2.2/javax.persistence-api-2.2.jar
7fbb5450a000-7fbb5458d000 r--s 00626000 fe:00 1835970                    /home/bzz/.m2/repository/org/hibernate/hibernate-core/5.3.9.Final/hibernate-core-5.3.9.Final.jar
7fbb5458d000-7fbb5458f000 r--s 0000c000 fe:00 1708244                    /home/bzz/.m2/repository/javax/activation/javax.activation-api/1.2.0/javax.activation-api-1.2.0.jar
7fbb5458f000-7fbb54593000 r--s 0001c000 fe:00 1574645                    /home/bzz/.m2/repository/javax/xml/bind/jaxb-api/2.3.1/jaxb-api-2.3.1.jar
7fbb54593000-7fbb54594000 r--s 00006000 fe:00 1452739                    /home/bzz/.m2/repository/javax/transaction/javax.transaction-api/1.3/javax.transaction-api-1.3.jar
7fbb54594000-7fbb5459d000 r--s 0005a000 fe:00 995                        /home/bzz/.m2/repository/org/springframework/spring-jdbc/5.1.6.RELEASE/spring-jdbc-5.1.6.RELEASE.jar
7fbb5459d000-7fbb545a1000 r--s 00020000 fe:00 1307995                    /home/bzz/.m2/repository/com/zaxxer/HikariCP/3.2.0/HikariCP-3.2.0.jar
7fbb545a1000-7fbb545a2000 r--s 00000000 fe:00 993                        /home/bzz/.m2/repository/org/springframework/boot/spring-boot-starter-jdbc/2.1.4.RELEASE/spring-boot-starter-jdbc-2.1.4.RELEASE.jar
7fbb545a2000-7fbb545bb000 r--s 001de000 fe:00 991                        /home/bzz/.m2/repository/org/aspectj/aspectjweaver/1.9.2/aspectjweaver-1.9.2.jar
7fbb545bb000-7fbb545bc000 r--s 00000000 fe:00 989                        /home/bzz/.m2/repository/org/springframework/boot/spring-boot-starter-aop/2.1.4.RELEASE/spring-boot-starter-aop-2.1.4.RELEASE.jar
7fbb545bc000-7fbb545bd000 r--s 00000000 fe:00 987                        /home/bzz/.m2/repository/org/springframework/boot/spring-boot-starter-data-jpa/2.1.4.RELEASE/spring-boot-starter-data-jpa-2.1.4.RELEASE.jar
7fbb545bd000-7fbb545c2000 r--s 00040000 fe:00 892                        /home/bzz/.m2/repository/org/springframework/spring-expression/5.1.6.RELEASE/spring-expression-5.1.6.RELEASE.jar
7fbb545c2000-7fbb545dc000 r--s 000f3000 fe:00 890                        /home/bzz/.m2/repository/org/springframework/spring-context/5.1.6.RELEASE/spring-context-5.1.6.RELEASE.jar
7fbb545dc000-7fbb545e6000 r--s 00051000 fe:00 888                        /home/bzz/.m2/repository/org/springframework/spring-aop/5.1.6.RELEASE/spring-aop-5.1.6.RELEASE.jar
7fbb545e6000-7fbb545f5000 r--s 000b5000 fe:00 886                        /home/bzz/.m2/repository/org/springframework/spring-webmvc/5.1.6.RELEASE/spring-webmvc-5.1.6.RELEASE.jar
7fbb545f5000-7fbb54602000 r--s 00098000 fe:00 884                        /home/bzz/.m2/repository/org/springframework/spring-beans/5.1.6.RELEASE/spring-beans-5.1.6.RELEASE.jar
7fbb54602000-7fbb5461e000 r--s 00137000 fe:00 882                        /home/bzz/.m2/repository/org/springframework/spring-web/5.1.6.RELEASE/spring-web-5.1.6.RELEASE.jar
7fbb5461e000-7fbb54620000 r--s 0000f000 fe:00 1574627                    /home/bzz/.m2/repository/com/fasterxml/classmate/1.4.0/classmate-1.4.0.jar
7fbb54620000-7fbb54622000 r--s 0000f000 fe:00 1448391                    /home/bzz/.m2/repository/org/jboss/logging/jboss-logging/3.3.2.Final/jboss-logging-3.3.2.Final.jar
7fbb54622000-7fbb54627000 r--s 00012000 fe:00 1448387                    /home/bzz/.m2/repository/javax/validation/validation-api/2.0.1.Final/validation-api-2.0.1.Final.jar
7fbb54627000-7fbb54644000 r--s 000fe000 fe:00 1452725                    /home/bzz/.m2/repository/org/hibernate/validator/hibernate-validator/6.0.16.Final/hibernate-validator-6.0.16.Final.jar
7fbb54644000-7fbb54649000 r--s 0003a000 fe:00 1087                       /home/bzz/.m2/repository/org/apache/tomcat/embed/tomcat-embed-websocket/8.5.37/tomcat-embed-websocket-8.5.37.jar
7fbb54649000-7fbb5464b000 r--s 00001000 fe:00 872                        /home/bzz/.m2/repository/com/fasterxml/jackson/module/jackson-module-parameter-names/2.9.8/jackson-module-parameter-names-2.9.8.jar
7fbb5464b000-7fbb5465d000 r--s 00137000 fe:00 1708225                    /home/bzz/.m2/repository/com/fasterxml/jackson/core/jackson-databind/2.9.8/jackson-databind-2.9.8.jar
7fbb5465d000-7fbb5465e000 ---p 00000000 00:00 0 
7fbb5465e000-7fbb5475e000 rw-p 00000000 00:00 0 
7fbb5475e000-7fbb54761000 ---p 00000000 00:00 0 
7fbb54761000-7fbb5485f000 rw-p 00000000 00:00 0 
7fbb5485f000-7fbb54862000 ---p 00000000 00:00 0 
7fbb54862000-7fbb54960000 rw-p 00000000 00:00 0 
7fbb54960000-7fbb54963000 ---p 00000000 00:00 0 
7fbb54963000-7fbb54a61000 rw-p 00000000 00:00 0 
7fbb54a61000-7fbb54a64000 ---p 00000000 00:00 0 
7fbb54a64000-7fbb54b62000 rw-p 00000000 00:00 0 
7fbb54b62000-7fbb54cfd000 r--p 00000000 fe:00 392923                     /usr/lib/locale/locale-archive
7fbb54cfd000-7fbb54d00000 ---p 00000000 00:00 0 
7fbb54d00000-7fbb54dfe000 rw-p 00000000 00:00 0 
7fbb54dfe000-7fbb54e01000 ---p 00000000 00:00 0 
7fbb54e01000-7fbb54eff000 rw-p 00000000 00:00 0 
7fbb54eff000-7fbb54f00000 ---p 00000000 00:00 0 
7fbb54f00000-7fbb55000000 rw-p 00000000 00:00 0 
7fbb55000000-7fbb55d60000 rwxp 00000000 00:00 0 
7fbb55d60000-7fbb64000000 ---p 00000000 00:00 0 
7fbb64000000-7fbb65733000 rw-p 00000000 00:00 0 
7fbb65733000-7fbb68000000 ---p 00000000 00:00 0 
7fbb68000000-7fbb68001000 r--s 00000000 fe:00 874                        /home/bzz/.m2/repository/org/springframework/boot/spring-boot-starter-tomcat/2.1.4.RELEASE/spring-boot-starter-tomcat-2.1.4.RELEASE.jar
7fbb68001000-7fbb68004000 r--s 00016000 fe:00 870                        /home/bzz/.m2/repository/com/fasterxml/jackson/datatype/jackson-datatype-jsr310/2.9.8/jackson-datatype-jsr310-2.9.8.jar
7fbb68004000-7fbb68006000 r--s 00007000 fe:00 868                        /home/bzz/.m2/repository/com/fasterxml/jackson/datatype/jackson-datatype-jdk8/2.9.8/jackson-datatype-jdk8-2.9.8.jar
7fbb68006000-7fbb6800a000 r--s 0004c000 fe:00 866                        /home/bzz/.m2/repository/com/fasterxml/jackson/core/jackson-core/2.9.8/jackson-core-2.9.8.jar
7fbb6800a000-7fbb6800d000 r--s 0000e000 fe:00 864                        /home/bzz/.m2/repository/com/fasterxml/jackson/core/jackson-annotations/2.9.0/jackson-annotations-2.9.0.jar
7fbb6800d000-7fbb6800e000 r--s 00000000 fe:00 862                        /home/bzz/.m2/repository/org/springframework/boot/spring-boot-starter-json/2.1.4.RELEASE/spring-boot-starter-json-2.1.4.RELEASE.jar
7fbb6800e000-7fbb68015000 r--s 00043000 fe:00 860                        /home/bzz/.m2/repository/org/yaml/snakeyaml/1.23/snakeyaml-1.23.jar
7fbb68015000-7fbb68016000 r--s 00005000 fe:00 1835959                    /home/bzz/.m2/repository/org/springframework/spring-jcl/5.1.6.RELEASE/spring-jcl-5.1.6.RELEASE.jar
7fbb68016000-7fbb6802e000 r--s 00124000 fe:00 1835957                    /home/bzz/.m2/repository/org/springframework/spring-core/5.1.6.RELEASE/spring-core-5.1.6.RELEASE.jar
7fbb6802e000-7fbb68030000 r--s 00005000 fe:00 1574625                    /home/bzz/.m2/repository/javax/annotation/javax.annotation-api/1.3.2/javax.annotation-api-1.3.2.jar
7fbb68030000-7fbb68032000 r--s 00000000 fe:00 1177352                    /home/bzz/.m2/repository/org/slf4j/jul-to-slf4j/1.7.26/jul-to-slf4j-1.7.26.jar
7fbb68032000-7fbb68038000 r--s 0003c000 fe:00 858                        /home/bzz/.m2/repository/org/apache/logging/log4j/log4j-api/2.11.2/log4j-api-2.11.2.jar
7fbb68038000-7fbb6803a000 r--s 00003000 fe:00 856                        /home/bzz/.m2/repository/org/apache/logging/log4j/log4j-to-slf4j/2.11.2/log4j-to-slf4j-2.11.2.jar
7fbb6803a000-7fbb68045000 r--s 00069000 fe:00 852                        /home/bzz/.m2/repository/ch/qos/logback/logback-core/1.2.3/logback-core-1.2.3.jar
7fbb68045000-7fbb6804b000 r--s 00041000 fe:00 850                        /home/bzz/.m2/repository/ch/qos/logback/logback-classic/1.2.3/logback-classic-1.2.3.jar
7fbb6804b000-7fbb6804c000 r--s 00000000 fe:00 848                        /home/bzz/.m2/repository/org/springframework/boot/spring-boot-starter-logging/2.1.4.RELEASE/spring-boot-starter-logging-2.1.4.RELEASE.jar
7fbb6804c000-7fbb68070000 r--s 00111000 fe:00 846                        /home/bzz/.m2/repository/org/springframework/boot/spring-boot-autoconfigure/2.1.4.RELEASE/spring-boot-autoconfigure-2.1.4.RELEASE.jar
7fbb68070000-7fbb68085000 r--s 000d4000 fe:00 844                        /home/bzz/.m2/repository/org/springframework/boot/spring-boot/2.1.4.RELEASE/spring-boot-2.1.4.RELEASE.jar
7fbb68085000-7fbb68086000 r--s 00000000 fe:00 842                        /home/bzz/.m2/repository/org/springframework/boot/spring-boot-starter/2.1.4.RELEASE/spring-boot-starter-2.1.4.RELEASE.jar
7fbb68086000-7fbb68089000 r--s 00015000 fe:00 1453168                    /home/bzz/.m2/repository/javax/servlet/javax.servlet-api/4.0.1/javax.servlet-api-4.0.1.jar
7fbb68089000-7fbb680a2000 r--s 00220000 fe:00 1308322                    /home/bzz/Schreibtisch/mysql-connector-java-8.0.18.jar
7fbb680a2000-7fbb680a7000 r--s 00084000 fe:00 1183606                    /opt/java-jdk/jdk1.8.0_151/jre/lib/jfr.jar
7fbb680a7000-7fbb680ac000 r--s 002f9000 fe:00 1183633                    /opt/java-jdk/jdk1.8.0_151/jre/lib/charsets.jar
7fbb680ac000-7fbb680b1000 r--s 0009a000 fe:00 1183645                    /opt/java-jdk/jdk1.8.0_151/jre/lib/jsse.jar
7fbb680b1000-7fbb68d4e000 rw-p 00000000 00:00 0 
7fbb68d4e000-7fbb68f27000 r--s 03d5a000 fe:00 1183635                    /opt/java-jdk/jdk1.8.0_151/jre/lib/rt.jar
7fbb68f27000-7fbb68f9d000 rw-p 00000000 00:00 0 
7fbb68f9d000-7fbb6998a000 rw-p 00000000 00:00 0 
7fbb6998a000-7fbb6998b000 ---p 00000000 00:00 0 
7fbb6998b000-7fbb69a8b000 rw-p 00000000 00:00 0 
7fbb69a8b000-7fbb69a8c000 ---p 00000000 00:00 0 
7fbb69a8c000-7fbb69b8c000 rw-p 00000000 00:00 0 
7fbb69b8c000-7fbb69b8d000 ---p 00000000 00:00 0 
7fbb69b8d000-7fbb69c8d000 rw-p 00000000 00:00 0 
7fbb69c8d000-7fbb69caa000 rw-p 00000000 00:00 0 
7fbb69caa000-7fbb69dd6000 ---p 00000000 00:00 0 
7fbb69dd6000-7fbb69df3000 rw-p 00000000 00:00 0 
7fbb69df3000-7fbb69f1e000 ---p 00000000 00:00 0 
7fbb69f1e000-7fbb69f7f000 rw-p 00000000 00:00 0 
7fbb69f7f000-7fbb69f81000 ---p 00000000 00:00 0 
7fbb69f81000-7fbb69fc3000 ---p 00000000 00:00 0 
7fbb69fc3000-7fbb69ffa000 rw-p 00000000 00:00 0 
7fbb69ffa000-7fbb6a384000 ---p 00000000 00:00 0 
7fbb6a384000-7fbb6a39f000 r-xp 00000000 fe:00 1183696                    /opt/java-jdk/jdk1.8.0_151/jre/lib/amd64/libzip.so
7fbb6a39f000-7fbb6a59f000 ---p 0001b000 fe:00 1183696                    /opt/java-jdk/jdk1.8.0_151/jre/lib/amd64/libzip.so
7fbb6a59f000-7fbb6a5a0000 rw-p 0001b000 fe:00 1183696                    /opt/java-jdk/jdk1.8.0_151/jre/lib/amd64/libzip.so
7fbb6a5a0000-7fbb6a5aa000 r-xp 00000000 fe:00 1305618                    /lib/x86_64-linux-gnu/libnss_files-2.24.so
7fbb6a5aa000-7fbb6a7aa000 ---p 0000a000 fe:00 1305618                    /lib/x86_64-linux-gnu/libnss_files-2.24.so
7fbb6a7aa000-7fbb6a7ab000 r--p 0000a000 fe:00 1305618                    /lib/x86_64-linux-gnu/libnss_files-2.24.so
7fbb6a7ab000-7fbb6a7ac000 rw-p 0000b000 fe:00 1305618                    /lib/x86_64-linux-gnu/libnss_files-2.24.so
7fbb6a7ac000-7fbb6a7b2000 rw-p 00000000 00:00 0 
7fbb6a7b2000-7fbb6a7bd000 r-xp 00000000 fe:00 1305620                    /lib/x86_64-linux-gnu/libnss_nis-2.24.so
7fbb6a7bd000-7fbb6a9bc000 ---p 0000b000 fe:00 1305620                    /lib/x86_64-linux-gnu/libnss_nis-2.24.so
7fbb6a9bc000-7fbb6a9bd000 r--p 0000a000 fe:00 1305620                    /lib/x86_64-linux-gnu/libnss_nis-2.24.so
7fbb6a9bd000-7fbb6a9be000 rw-p 0000b000 fe:00 1305620                    /lib/x86_64-linux-gnu/libnss_nis-2.24.so
7fbb6a9be000-7fbb6a9d2000 r-xp 00000000 fe:00 1305615                    /lib/x86_64-linux-gnu/libnsl-2.24.so
7fbb6a9d2000-7fbb6abd2000 ---p 00014000 fe:00 1305615                    /lib/x86_64-linux-gnu/libnsl-2.24.so
7fbb6abd2000-7fbb6abd3000 r--p 00014000 fe:00 1305615                    /lib/x86_64-linux-gnu/libnsl-2.24.so
7fbb6abd3000-7fbb6abd4000 rw-p 00015000 fe:00 1305615                    /lib/x86_64-linux-gnu/libnsl-2.24.so
7fbb6abd4000-7fbb6abd6000 rw-p 00000000 00:00 0 
7fbb6abd6000-7fbb6abdd000 r-xp 00000000 fe:00 1305616                    /lib/x86_64-linux-gnu/libnss_compat-2.24.so
7fbb6abdd000-7fbb6addc000 ---p 00007000 fe:00 1305616                    /lib/x86_64-linux-gnu/libnss_compat-2.24.so
7fbb6addc000-7fbb6addd000 r--p 00006000 fe:00 1305616                    /lib/x86_64-linux-gnu/libnss_compat-2.24.so
7fbb6addd000-7fbb6adde000 rw-p 00007000 fe:00 1305616                    /lib/x86_64-linux-gnu/libnss_compat-2.24.so
7fbb6adde000-7fbb6ae09000 r-xp 00000000 fe:00 1183690                    /opt/java-jdk/jdk1.8.0_151/jre/lib/amd64/libjava.so
7fbb6ae09000-7fbb6b008000 ---p 0002b000 fe:00 1183690                    /opt/java-jdk/jdk1.8.0_151/jre/lib/amd64/libjava.so
7fbb6b008000-7fbb6b00a000 rw-p 0002a000 fe:00 1183690                    /opt/java-jdk/jdk1.8.0_151/jre/lib/amd64/libjava.so
7fbb6b00a000-7fbb6b017000 r-xp 00000000 fe:00 1183695                    /opt/java-jdk/jdk1.8.0_151/jre/lib/amd64/libverify.so
7fbb6b017000-7fbb6b217000 ---p 0000d000 fe:00 1183695                    /opt/java-jdk/jdk1.8.0_151/jre/lib/amd64/libverify.so
7fbb6b217000-7fbb6b219000 rw-p 0000d000 fe:00 1183695                    /opt/java-jdk/jdk1.8.0_151/jre/lib/amd64/libverify.so
7fbb6b219000-7fbb6b220000 r-xp 00000000 fe:00 1305625                    /lib/x86_64-linux-gnu/librt-2.24.so
7fbb6b220000-7fbb6b41f000 ---p 00007000 fe:00 1305625                    /lib/x86_64-linux-gnu/librt-2.24.so
7fbb6b41f000-7fbb6b420000 r--p 00006000 fe:00 1305625                    /lib/x86_64-linux-gnu/librt-2.24.so
7fbb6b420000-7fbb6b421000 rw-p 00007000 fe:00 1305625                    /lib/x86_64-linux-gnu/librt-2.24.so
7fbb6b421000-7fbb6b524000 r-xp 00000000 fe:00 1305612                    /lib/x86_64-linux-gnu/libm-2.24.so
7fbb6b524000-7fbb6b723000 ---p 00103000 fe:00 1305612                    /lib/x86_64-linux-gnu/libm-2.24.so
7fbb6b723000-7fbb6b724000 r--p 00102000 fe:00 1305612                    /lib/x86_64-linux-gnu/libm-2.24.so
7fbb6b724000-7fbb6b725000 rw-p 00103000 fe:00 1305612                    /lib/x86_64-linux-gnu/libm-2.24.so
7fbb6b725000-7fbb6c3f8000 r-xp 00000000 fe:00 1312866                    /opt/java-jdk/jdk1.8.0_151/jre/lib/amd64/server/libjvm.so
7fbb6c3f8000-7fbb6c5f7000 ---p 00cd3000 fe:00 1312866                    /opt/java-jdk/jdk1.8.0_151/jre/lib/amd64/server/libjvm.so
7fbb6c5f7000-7fbb6c6d1000 rw-p 00cd2000 fe:00 1312866                    /opt/java-jdk/jdk1.8.0_151/jre/lib/amd64/server/libjvm.so
7fbb6c6d1000-7fbb6c71c000 rw-p 00000000 00:00 0 
7fbb6c71c000-7fbb6c8b1000 r-xp 00000000 fe:00 1305608                    /lib/x86_64-linux-gnu/libc-2.24.so
7fbb6c8b1000-7fbb6cab1000 ---p 00195000 fe:00 1305608                    /lib/x86_64-linux-gnu/libc-2.24.so
7fbb6cab1000-7fbb6cab5000 r--p 00195000 fe:00 1305608                    /lib/x86_64-linux-gnu/libc-2.24.so
7fbb6cab5000-7fbb6cab7000 rw-p 00199000 fe:00 1305608                    /lib/x86_64-linux-gnu/libc-2.24.so
7fbb6cab7000-7fbb6cabb000 rw-p 00000000 00:00 0 
7fbb6cabb000-7fbb6cabe000 r-xp 00000000 fe:00 1305611                    /lib/x86_64-linux-gnu/libdl-2.24.so
7fbb6cabe000-7fbb6ccbd000 ---p 00003000 fe:00 1305611                    /lib/x86_64-linux-gnu/libdl-2.24.so
7fbb6ccbd000-7fbb6ccbe000 r--p 00002000 fe:00 1305611                    /lib/x86_64-linux-gnu/libdl-2.24.so
7fbb6ccbe000-7fbb6ccbf000 rw-p 00003000 fe:00 1305611                    /lib/x86_64-linux-gnu/libdl-2.24.so
7fbb6ccbf000-7fbb6ccd5000 r-xp 00000000 fe:00 802619                     /opt/java-jdk/jdk1.8.0_151/lib/amd64/jli/libjli.so
7fbb6ccd5000-7fbb6ced4000 ---p 00016000 fe:00 802619                     /opt/java-jdk/jdk1.8.0_151/lib/amd64/jli/libjli.so
7fbb6ced4000-7fbb6ced5000 rw-p 00015000 fe:00 802619                     /opt/java-jdk/jdk1.8.0_151/lib/amd64/jli/libjli.so
7fbb6ced5000-7fbb6ceed000 r-xp 00000000 fe:00 1305623                    /lib/x86_64-linux-gnu/libpthread-2.24.so
7fbb6ceed000-7fbb6d0ec000 ---p 00018000 fe:00 1305623                    /lib/x86_64-linux-gnu/libpthread-2.24.so
7fbb6d0ec000-7fbb6d0ed000 r--p 00017000 fe:00 1305623                    /lib/x86_64-linux-gnu/libpthread-2.24.so
7fbb6d0ed000-7fbb6d0ee000 rw-p 00018000 fe:00 1305623                    /lib/x86_64-linux-gnu/libpthread-2.24.so
7fbb6d0ee000-7fbb6d0f2000 rw-p 00000000 00:00 0 
7fbb6d0f2000-7fbb6d115000 r-xp 00000000 fe:00 1305603                    /lib/x86_64-linux-gnu/ld-2.24.so
7fbb6d115000-7fbb6d116000 r--s 00000000 fe:00 840                        /home/bzz/.m2/repository/org/springframework/boot/spring-boot-starter-web/2.1.4.RELEASE/spring-boot-starter-web-2.1.4.RELEASE.jar
7fbb6d116000-7fbb6d119000 r--s 0001a000 fe:00 1183716                    /opt/java-jdk/jdk1.8.0_151/jre/lib/jce.jar
7fbb6d119000-7fbb6d1de000 rw-p 00000000 00:00 0 
7fbb6d1de000-7fbb6d1f2000 rw-p 00000000 00:00 0 
7fbb6d1f2000-7fbb6d1f5000 ---p 00000000 00:00 0 
7fbb6d1f5000-7fbb6d2f5000 rw-p 00000000 00:00 0 
7fbb6d2f5000-7fbb6d308000 r--s 00345000 fe:00 1183644                    /opt/java-jdk/jdk1.8.0_151/jre/lib/resources.jar
7fbb6d308000-7fbb6d310000 rw-s 00000000 fe:00 656484                     /tmp/hsperfdata_bzz/33389
7fbb6d310000-7fbb6d311000 rw-p 00000000 00:00 0 
7fbb6d311000-7fbb6d312000 ---p 00000000 00:00 0 
7fbb6d312000-7fbb6d315000 rw-p 00000000 00:00 0 
7fbb6d315000-7fbb6d316000 r--p 00023000 fe:00 1305603                    /lib/x86_64-linux-gnu/ld-2.24.so
7fbb6d316000-7fbb6d317000 rw-p 00024000 fe:00 1305603                    /lib/x86_64-linux-gnu/ld-2.24.so
7fbb6d317000-7fbb6d318000 rw-p 00000000 00:00 0 
7ffef5d50000-7ffef5d73000 rw-p 00000000 00:00 0                          [stack]
7ffef5dd3000-7ffef5dd5000 r--p 00000000 00:00 0                          [vvar]
7ffef5dd5000-7ffef5dd7000 r-xp 00000000 00:00 0                          [vdso]
ffffffffff600000-ffffffffff601000 r-xp 00000000 00:00 0                  [vsyscall]

VM Arguments:
jvm_args: -Dfile.encoding=UTF-8 
java_command: myprojects.angriff.App
java_class_path (initial): /opt/java-jdk/jdk1.8.0_151/jre/lib/resources.jar:/opt/java-jdk/jdk1.8.0_151/jre/lib/rt.jar:/opt/java-jdk/jdk1.8.0_151/jre/lib/jsse.jar:/opt/java-jdk/jdk1.8.0_151/jre/lib/jce.jar:/opt/java-jdk/jdk1.8.0_151/jre/lib/charsets.jar:/opt/java-jdk/jdk1.8.0_151/jre/lib/jfr.jar:/opt/java-jdk/jdk1.8.0_151/jre/lib/ext/sunjce_provider.jar:/opt/java-jdk/jdk1.8.0_151/jre/lib/ext/zipfs.jar:/opt/java-jdk/jdk1.8.0_151/jre/lib/ext/jaccess.jar:/opt/java-jdk/jdk1.8.0_151/jre/lib/ext/localedata.jar:/opt/java-jdk/jdk1.8.0_151/jre/lib/ext/dnsns.jar:/opt/java-jdk/jdk1.8.0_151/jre/lib/ext/jfxrt.jar:/opt/java-jdk/jdk1.8.0_151/jre/lib/ext/sunec.jar:/opt/java-jdk/jdk1.8.0_151/jre/lib/ext/cldrdata.jar:/opt/java-jdk/jdk1.8.0_151/jre/lib/ext/sunpkcs11.jar:/opt/java-jdk/jdk1.8.0_151/jre/lib/ext/nashorn.jar:/home/bzz/workspace/jsf/angriff/target/classes:/home/bzz/Schreibtisch/mysql-connector-java-8.0.18.jar:/home/bzz/.m2/repository/javax/servlet/javax.servlet-api/4.0.1/javax.servlet-api-4.0.1.jar:/home/bzz/.m2/repository/org/springframework/boot/spring-boot-starter-web/2.1.4.RELEASE/spring-boot-starter-web-2.1.4.RELEASE.jar:/home/bzz/.m2/repository/org/springframework/boot/spring-boot-starter/2.1.4.RELEASE/spring-boot-starter-2.1.4.RELEASE.jar:/home/bzz/.m2/repository/org/springframework/boot/spring-boot/2.1.4.RELEASE/spring-boot-2.1.4.RELEASE.jar:/home/bzz/.m2/repository/org/springframework/boot/spring-boot-autoconfigure/2.1.4.RELEASE/spring-boot-autoconfigure-2.1.4.RELEASE.jar:/home/bzz/.m2/repository/org/springframework/boot/spring-boot-starter-logging/2.1.4.RELEASE/spring-boot-starter-logging-2.1.4.RELEASE.jar:/home/bzz/.m2/repository/ch/qos/logback/logback-classic/1.2.3/logback-classic-1.2.3.jar:/home/bzz/.m2/repository/ch/qos/logback/logback-core/1.2.3/logback-core-1.2.3.jar:/home/bzz/.m2/repository/org/apache/logging/log4j/log4j-to-slf4j/2.11.2/log4j-to-slf4j-2.11.2.jar:/home/bzz/.m2/repository/org/apache/logging/log4j/log4j-api/2.11.2/log4j-api-2.11.2.jar:/home/b
Launcher Type: SUN_STANDARD

Environment Variables:
PATH=/usr/local/bin:/usr/bin:/bin:/usr/local/games:/usr/games
SHELL=/bin/bash
DISPLAY=:0

Signal Handlers:
SIGSEGV: [libjvm.so+0xacbe10], sa_mask[0]=11111111011111111101111111111110, sa_flags=SA_RESTART|SA_SIGINFO
SIGBUS: [libjvm.so+0xacbe10], sa_mask[0]=11111111011111111101111111111110, sa_flags=SA_RESTART|SA_SIGINFO
SIGFPE: [libjvm.so+0x924f90], sa_mask[0]=11111111011111111101111111111110, sa_flags=SA_RESTART|SA_SIGINFO
SIGPIPE: [libjvm.so+0x924f90], sa_mask[0]=11111111011111111101111111111110, sa_flags=SA_RESTART|SA_SIGINFO
SIGXFSZ: [libjvm.so+0x924f90], sa_mask[0]=11111111011111111101111111111110, sa_flags=SA_RESTART|SA_SIGINFO
SIGILL: [libjvm.so+0x924f90], sa_mask[0]=11111111011111111101111111111110, sa_flags=SA_RESTART|SA_SIGINFO
SIGUSR1: SIG_DFL, sa_mask[0]=00000000000000000000000000000000, sa_flags=none
SIGUSR2: [libjvm.so+0x9267d0], sa_mask[0]=00100000000000000000000000000000, sa_flags=SA_RESTART|SA_SIGINFO
SIGHUP: [libjvm.so+0x927bd0], sa_mask[0]=11111111011111111101111111111110, sa_flags=SA_RESTART|SA_SIGINFO
SIGINT: [libjvm.so+0x927bd0], sa_mask[0]=11111111011111111101111111111110, sa_flags=SA_RESTART|SA_SIGINFO
SIGTERM: [libjvm.so+0x927bd0], sa_mask[0]=11111111011111111101111111111110, sa_flags=SA_RESTART|SA_SIGINFO
SIGQUIT: [libjvm.so+0x927bd0], sa_mask[0]=11111111011111111101111111111110, sa_flags=SA_RESTART|SA_SIGINFO


---------------  S Y S T E M  ---------------

OS:PRETTY_NAME="Debian GNU/Linux 9 (stretch)"
NAME="Debian GNU/Linux"
VERSION_ID="9"
VERSION="9 (stretch)"
ID=debian
HOME_URL="https://www.debian.org/"
SUPPORT_URL="https://www.debian.org/support"
BUG_REPORT_URL="https://bugs.debian.org/"

uname:Linux 4.9.0-4-amd64 #1 SMP Debian 4.9.65-3+deb9u1 (2017-12-23) x86_64
libc:glibc 2.24 NPTL 2.24 
rlimit: STACK 8192k, CORE 0k, NPROC 15658, NOFILE 1048576, AS infinity
load average:2.38 1.29 1.28

/proc/meminfo:
MemTotal:        4032220 kB
MemFree:          112092 kB
MemAvailable:       6064 kB
Buffers:             492 kB
Cached:            65212 kB
SwapCached:         2604 kB
Active:          3103556 kB
Inactive:         626064 kB
Active(anon):    3098532 kB
Inactive(anon):   621256 kB
Active(file):       5024 kB
Inactive(file):     4808 kB
Unevictable:          48 kB
Mlocked:              48 kB
SwapTotal:        524284 kB
SwapFree:              0 kB
Dirty:                84 kB
Writeback:             0 kB
AnonPages:       3662276 kB
Mapped:            54812 kB
Shmem:             55640 kB
Slab:              63700 kB
SReclaimable:      19228 kB
SUnreclaim:        44472 kB
KernelStack:       14080 kB
PageTables:        55964 kB
NFS_Unstable:          0 kB
Bounce:                0 kB
WritebackTmp:          0 kB
CommitLimit:     2540392 kB
Committed_AS:    7539384 kB
VmallocTotal:   34359738367 kB
VmallocUsed:           0 kB
VmallocChunk:          0 kB
HardwareCorrupted:     0 kB
AnonHugePages:         0 kB
ShmemHugePages:        0 kB
ShmemPmdMapped:        0 kB
HugePages_Total:       0
HugePages_Free:        0
HugePages_Rsvd:        0
HugePages_Surp:        0
Hugepagesize:       2048 kB
DirectMap4k:      141184 kB
DirectMap2M:     4052992 kB
DirectMap1G:     2097152 kB


CPU:total 3 (initial active 3) (3 cores per cpu, 1 threads per core) family 6 model 158 stepping 9, cmov, cx8, fxsr, mmx, sse, sse2, sse3, ssse3, sse4.1, sse4.2, popcnt, avx, avx2, aes, clmul, erms, 3dnowpref, lzcnt, tsc, tscinvbit, bmi1, bmi2, adx

/proc/cpuinfo:
processor	: 0
vendor_id	: GenuineIntel
cpu family	: 6
model		: 158
model name	: Intel(R) Core(TM) i7-7700HQ CPU @ 2.80GHz
stepping	: 9
microcode	: 0xb4
cpu MHz		: 2807.342
cache size	: 6144 KB
physical id	: 0
siblings	: 3
core id		: 0
cpu cores	: 3
apicid		: 0
initial apicid	: 0
fpu		: yes
fpu_exception	: yes
cpuid level	: 22
wp		: yes
flags		: fpu vme de pse tsc msr pae mce cx8 apic sep mtrr pge mca cmov pat pse36 clflush mmx fxsr sse sse2 ss ht syscall nx pdpe1gb rdtscp lm constant_tsc arch_perfmon nopl xtopology tsc_reliable nonstop_tsc eagerfpu pni pclmulqdq ssse3 fma cx16 pcid sse4_1 sse4_2 x2apic movbe popcnt tsc_deadline_timer aes xsave avx f16c rdrand hypervisor lahf_lm abm 3dnowprefetch fsgsbase tsc_adjust bmi1 avx2 smep bmi2 invpcid mpx rdseed adx smap clflushopt xsaveopt xsavec xsaves arat
bugs		:
bogomips	: 5615.47
clflush size	: 64
cache_alignment	: 64
address sizes	: 43 bits physical, 48 bits virtual
power management:

processor	: 1
vendor_id	: GenuineIntel
cpu family	: 6
model		: 158
model name	: Intel(R) Core(TM) i7-7700HQ CPU @ 2.80GHz
stepping	: 9
microcode	: 0xb4
cpu MHz		: 2807.342
cache size	: 6144 KB
physical id	: 0
siblings	: 3
core id		: 1
cpu cores	: 3
apicid		: 1
initial apicid	: 1
fpu		: yes
fpu_exception	: yes
cpuid level	: 22
wp		: yes
flags		: fpu vme de pse tsc msr pae mce cx8 apic sep mtrr pge mca cmov pat pse36 clflush mmx fxsr sse sse2 ss ht syscall nx pdpe1gb rdtscp lm constant_tsc arch_perfmon nopl xtopology tsc_reliable nonstop_tsc eagerfpu pni pclmulqdq ssse3 fma cx16 pcid sse4_1 sse4_2 x2apic movbe popcnt tsc_deadline_timer aes xsave avx f16c rdrand hypervisor lahf_lm abm 3dnowprefetch fsgsbase tsc_adjust bmi1 avx2 smep bmi2 invpcid mpx rdseed adx smap clflushopt xsaveopt xsavec xsaves arat
bugs		:
bogomips	: 5615.47
clflush size	: 64
cache_alignment	: 64
address sizes	: 43 bits physical, 48 bits virtual
power management:

processor	: 2
vendor_id	: GenuineIntel
cpu family	: 6
model		: 158
model name	: Intel(R) Core(TM) i7-7700HQ CPU @ 2.80GHz
stepping	: 9
microcode	: 0xb4
cpu MHz		: 2807.342
cache size	: 6144 KB
physical id	: 0
siblings	: 3
core id		: 2
cpu cores	: 3
apicid		: 2
initial apicid	: 2
fpu		: yes
fpu_exception	: yes
cpuid level	: 22
wp		: yes
flags		: fpu vme de pse tsc msr pae mce cx8 apic sep mtrr pge mca cmov pat pse36 clflush mmx fxsr sse sse2 ss ht syscall nx pdpe1gb rdtscp lm constant_tsc arch_perfmon nopl xtopology tsc_reliable nonstop_tsc eagerfpu pni pclmulqdq ssse3 fma cx16 pcid sse4_1 sse4_2 x2apic movbe popcnt tsc_deadline_timer aes xsave avx f16c rdrand hypervisor lahf_lm abm 3dnowprefetch fsgsbase tsc_adjust bmi1 avx2 smep bmi2 invpcid mpx rdseed adx smap clflushopt xsaveopt xsavec xsaves arat
bugs		:
bogomips	: 5615.47
clflush size	: 64
cache_alignment	: 64
address sizes	: 43 bits physical, 48 bits virtual
power management:



Memory: 4k page, physical 4032220k(112092k free), swap 524284k(0k free)

vm_info: Java HotSpot(TM) 64-Bit Server VM (25.151-b12) for linux-amd64 JRE (1.8.0_151-b12), built on Sep  5 2017 19:20:58 by "java_re" with gcc 4.3.0 20080428 (Red Hat 4.3.0-8)

time: Thu Nov  7 13:51:17 2019
elapsed time: 50 seconds (0d 0h 0m 50s)

