#
# There is insufficient memory for the Java Runtime Environment to continue.
# Native memory allocation (mmap) failed to map 86507520 bytes for committing reserved memory.
# Possible reasons:
#   The system is out of physical RAM or swap space
#   In 32 bit mode, the process size limit was hit
# Possible solutions:
#   Reduce memory load on the system
#   Increase physical memory or swap space
#   Check if swap backing store is full
#   Use 64 bit Java on a 64 bit OS
#   Decrease Java heap size (-Xmx/-Xms)
#   Decrease number of Java threads
#   Decrease Java thread stack sizes (-Xss)
#   Set larger code cache with -XX:ReservedCodeCacheSize=
# This output file may be truncated or incomplete.
#
#  Out of Memory Error (os_linux.cpp:2640), pid=32997, tid=0x00007f25c47f7700
#
# JRE version: Java(TM) SE Runtime Environment (8.0_151-b12) (build 1.8.0_151-b12)
# Java VM: Java HotSpot(TM) 64-Bit Server VM (25.151-b12 mixed mode linux-amd64 compressed oops)
# Failed to write core dump. Core dumps have been disabled. To enable core dumping, try "ulimit -c unlimited" before starting Java again
#

---------------  T H R E A D  ---------------

Current thread (0x00007f25d4079000):  VMThread [stack: 0x00007f25c46f7000,0x00007f25c47f8000] [id=33006]

Stack: [0x00007f25c46f7000,0x00007f25c47f8000],  sp=0x00007f25c47f6020,  free space=1020k
Native frames: (J=compiled Java code, j=interpreted, Vv=VM code, C=native code)
V  [libjvm.so+0xacb58a]  VMError::report_and_die()+0x2ba
V  [libjvm.so+0x4ff4ab]  report_vm_out_of_memory(char const*, int, unsigned long, VMErrorType, char const*)+0x8b
V  [libjvm.so+0x928113]  os::Linux::commit_memory_impl(char*, unsigned long, bool)+0x103
V  [libjvm.so+0x928669]  os::pd_commit_memory(char*, unsigned long, unsigned long, bool)+0x29
V  [libjvm.so+0x92288a]  os::commit_memory(char*, unsigned long, unsigned long, bool)+0x2a
V  [libjvm.so+0x9973e3]  PSVirtualSpace::expand_by(unsigned long)+0x53
V  [libjvm.so+0x9987e8]  PSYoungGen::resize_generation(unsigned long, unsigned long)+0xf8
V  [libjvm.so+0x997942]  PSYoungGen::resize(unsigned long, unsigned long)+0x22
V  [libjvm.so+0x994c1b]  PSScavenge::invoke_no_policy()+0xf3b
V  [libjvm.so+0x9953a1]  PSScavenge::invoke()+0x41
V  [libjvm.so+0x94c0d0]  ParallelScavengeHeap::failed_mem_allocate(unsigned long)+0x70
V  [libjvm.so+0xaccfa7]  VM_ParallelGCFailedAllocation::doit()+0x97
V  [libjvm.so+0xad4a85]  VM_Operation::evaluate()+0x55
V  [libjvm.so+0xad2e5a]  VMThread::evaluate_operation(VM_Operation*)+0xba
V  [libjvm.so+0xad31de]  VMThread::loop()+0x1ce
V  [libjvm.so+0xad3650]  VMThread::run()+0x70
V  [libjvm.so+0x92a728]  java_start(Thread*)+0x108

VM_Operation (0x00007f25dca76ce0): ParallelGCFailedAllocation, mode: safepoint, requested by thread 0x00007f25d400d800


---------------  P R O C E S S  ---------------

Java Threads: ( => current thread )
  0x00007f2570001000 JavaThread "HikariPool-1 connection adder" daemon [_thread_blocked, id=33024, stack(0x00007f2577bfe000,0x00007f2577cff000)]
  0x00007f25d4d11800 JavaThread "HikariPool-1 housekeeper" daemon [_thread_blocked, id=33023, stack(0x00007f2577cff000,0x00007f2577e00000)]
  0x00007f25d4acd000 JavaThread "Abandoned connection cleanup thread" daemon [_thread_blocked, id=33022, stack(0x00007f258c8fc000,0x00007f258c9fd000)]
  0x00007f25d48eb000 JavaThread "mysql-cj-abandoned-connection-cleanup" daemon [_thread_blocked, id=33021, stack(0x00007f258c9fd000,0x00007f258cafe000)]
  0x00007f25d4cb7000 JavaThread "container-0" [_thread_blocked, id=33020, stack(0x00007f258cafe000,0x00007f258cbff000)]
  0x00007f25d4cb5800 JavaThread "ContainerBackgroundProcessor[StandardEngine[Tomcat]]" daemon [_thread_blocked, id=33019, stack(0x00007f25bc0ac000,0x00007f25bc1ad000)]
  0x00007f2594365000 JavaThread "localhost-startStop-1" daemon [_thread_blocked, id=33018, stack(0x00007f25bc9b7000,0x00007f25bcab8000)]
  0x00007f25d4cbb000 JavaThread "Tomcat-startStop-1" daemon [_thread_blocked, id=33017, stack(0x00007f25bdb7f000,0x00007f25bdc80000)]
  0x00007f25d40bf800 JavaThread "Service Thread" daemon [_thread_blocked, id=33012, stack(0x00007f25be02f000,0x00007f25be130000)]
  0x00007f25d40bd000 JavaThread "C1 CompilerThread1" daemon [_thread_blocked, id=33011, stack(0x00007f25c4057000,0x00007f25c4158000)]
  0x00007f25d40ba000 JavaThread "C2 CompilerThread0" daemon [_thread_blocked, id=33010, stack(0x00007f25c4158000,0x00007f25c4259000)]
  0x00007f25d40b8800 JavaThread "Signal Dispatcher" daemon [_thread_blocked, id=33009, stack(0x00007f25c4259000,0x00007f25c435a000)]
  0x00007f25d4085800 JavaThread "Finalizer" daemon [_thread_blocked, id=33008, stack(0x00007f25c44f5000,0x00007f25c45f6000)]
  0x00007f25d4081000 JavaThread "Reference Handler" daemon [_thread_blocked, id=33007, stack(0x00007f25c45f6000,0x00007f25c46f7000)]
  0x00007f25d400d800 JavaThread "main" [_thread_blocked, id=33002, stack(0x00007f25dc97b000,0x00007f25dca7c000)]

Other Threads:
=>0x00007f25d4079000 VMThread [stack: 0x00007f25c46f7000,0x00007f25c47f8000] [id=33006]
  0x00007f25d40c2800 WatcherThread [stack: 0x00007f25bdf2e000,0x00007f25be02f000] [id=33014]

VM state:at safepoint (normal execution)

VM Mutex/Monitor currently owned by a thread:  ([mutex/lock_event])
[0x00007f25d40098b0] Threads_lock - owner thread: 0x00007f25d4079000
[0x00007f25d4009db0] Heap_lock - owner thread: 0x00007f25d400d800

Heap:
 PSYoungGen      total 193536K, used 13299K [0x00000000eb780000, 0x00000000f8480000, 0x0000000100000000)
  eden space 180224K, 0% used [0x00000000eb780000,0x00000000eb780000,0x00000000f6780000)
  from space 13312K, 99% used [0x00000000f6780000,0x00000000f747ce88,0x00000000f7480000)
  to   space 12288K, 0% used [0x00000000f7480000,0x00000000f7480000,0x00000000f8080000)
 ParOldGen       total 47104K, used 26079K [0x00000000c2600000, 0x00000000c5400000, 0x00000000eb780000)
  object space 47104K, 55% used [0x00000000c2600000,0x00000000c3f77f98,0x00000000c5400000)
 Metaspace       used 52127K, capacity 53818K, committed 54232K, reserved 1095680K
  class space    used 7032K, capacity 7361K, committed 7424K, reserved 1048576K

Card table byte_map: [0x00007f25d955f000,0x00007f25d974d000] byte_map_base: 0x00007f25d8f4c000

Marking Bits: (ParMarkBitMap*) 0x00007f25dbe77f80
 Begin Bits: [0x00007f25be130000, 0x00007f25bf098000)
 End Bits:   [0x00007f25bf098000, 0x00007f25c0000000)

Polling page: 0x00007f25dca9a000

CodeCache: size=245760Kb used=13002Kb max_used=13284Kb free=232757Kb
 bounds [0x00007f25c5000000, 0x00007f25c5d10000, 0x00007f25d4000000]
 total_blobs=4606 nmethods=4065 adapters=453
 compilation: enabled

Compilation events (10 events):
Event: 8.840 Thread 0x00007f25d40bd000 4520       2       org.springframework.cglib.reflect.FastClassEmitter$1::transform (11 bytes)
Event: 8.883 Thread 0x00007f25d40bd000 nmethod 4520 0x00007f25c51fa110 code [0x00007f25c51fa2a0, 0x00007f25c51fa618]
Event: 8.883 Thread 0x00007f25d40bd000 4521       2       org.springframework.cglib.reflect.FastClassEmitter$3::processCase (25 bytes)
Event: 8.883 Thread 0x00007f25d40bd000 nmethod 4521 0x00007f25c5a01d10 code [0x00007f25c5a01ec0, 0x00007f25c5a02108]
Event: 8.883 Thread 0x00007f25d40bd000 4522       2       org.springframework.cglib.core.EmitUtils$11::transform (11 bytes)
Event: 8.883 Thread 0x00007f25d40bd000 nmethod 4522 0x00007f25c579c4d0 code [0x00007f25c579c640, 0x00007f25c579c7e8]
Event: 8.883 Thread 0x00007f25d40bd000 4523       2       org.springframework.cglib.core.EmitUtils$12::processCase (37 bytes)
Event: 8.884 Thread 0x00007f25d40bd000 nmethod 4523 0x00007f25c51b6350 code [0x00007f25c51b64c0, 0x00007f25c51b66d8]
Event: 8.884 Thread 0x00007f25d40bd000 4524       2       org.springframework.cglib.core.EmitUtils::access$800 (12 bytes)
Event: 8.884 Thread 0x00007f25d40bd000 nmethod 4524 0x00007f25c5585050 code [0x00007f25c55851c0, 0x00007f25c5585308]

GC Heap History (10 events):
Event: 2.353 GC heap after
Heap after GC invocations=8 (full 1):
 PSYoungGen      total 70144K, used 0K [0x00000000eb780000, 0x00000000f4080000, 0x0000000100000000)
  eden space 61952K, 0% used [0x00000000eb780000,0x00000000eb780000,0x00000000ef400000)
  from space 8192K, 0% used [0x00000000ef400000,0x00000000ef400000,0x00000000efc00000)
  to   space 8192K, 0% used [0x00000000f3880000,0x00000000f3880000,0x00000000f4080000)
 ParOldGen       total 25600K, used 4676K [0x00000000c2600000, 0x00000000c3f00000, 0x00000000eb780000)
  object space 25600K, 18% used [0x00000000c2600000,0x00000000c2a91270,0x00000000c3f00000)
 Metaspace       used 20667K, capacity 21160K, committed 21248K, reserved 1067008K
  class space    used 2665K, capacity 2814K, committed 2816K, reserved 1048576K
}
Event: 2.960 GC heap before
{Heap before GC invocations=9 (full 1):
 PSYoungGen      total 70144K, used 61952K [0x00000000eb780000, 0x00000000f4080000, 0x0000000100000000)
  eden space 61952K, 100% used [0x00000000eb780000,0x00000000ef400000,0x00000000ef400000)
  from space 8192K, 0% used [0x00000000ef400000,0x00000000ef400000,0x00000000efc00000)
  to   space 8192K, 0% used [0x00000000f3880000,0x00000000f3880000,0x00000000f4080000)
 ParOldGen       total 25600K, used 4676K [0x00000000c2600000, 0x00000000c3f00000, 0x00000000eb780000)
  object space 25600K, 18% used [0x00000000c2600000,0x00000000c2a91270,0x00000000c3f00000)
 Metaspace       used 23539K, capacity 24254K, committed 24448K, reserved 1071104K
  class space    used 3012K, capacity 3189K, committed 3200K, reserved 1048576K
Event: 2.975 GC heap after
Heap after GC invocations=9 (full 1):
 PSYoungGen      total 122368K, used 3941K [0x00000000eb780000, 0x00000000f3c80000, 0x0000000100000000)
  eden space 118272K, 0% used [0x00000000eb780000,0x00000000eb780000,0x00000000f2b00000)
  from space 4096K, 96% used [0x00000000f3880000,0x00000000f3c595c8,0x00000000f3c80000)
  to   space 7680K, 0% used [0x00000000f2d80000,0x00000000f2d80000,0x00000000f3500000)
 ParOldGen       total 25600K, used 4684K [0x00000000c2600000, 0x00000000c3f00000, 0x00000000eb780000)
  object space 25600K, 18% used [0x00000000c2600000,0x00000000c2a93270,0x00000000c3f00000)
 Metaspace       used 23539K, capacity 24254K, committed 24448K, reserved 1071104K
  class space    used 3012K, capacity 3189K, committed 3200K, reserved 1048576K
}
Event: 4.785 GC heap before
{Heap before GC invocations=10 (full 1):
 PSYoungGen      total 122368K, used 122204K [0x00000000eb780000, 0x00000000f3c80000, 0x0000000100000000)
  eden space 118272K, 99% used [0x00000000eb780000,0x00000000f2afdc38,0x00000000f2b00000)
  from space 4096K, 96% used [0x00000000f3880000,0x00000000f3c595c8,0x00000000f3c80000)
  to   space 7680K, 0% used [0x00000000f2d80000,0x00000000f2d80000,0x00000000f3500000)
 ParOldGen       total 25600K, used 4684K [0x00000000c2600000, 0x00000000c3f00000, 0x00000000eb780000)
  object space 25600K, 18% used [0x00000000c2600000,0x00000000c2a93270,0x00000000c3f00000)
 Metaspace       used 31858K, capacity 33112K, committed 33408K, reserved 1079296K
  class space    used 4098K, capacity 4362K, committed 4480K, reserved 1048576K
Event: 4.816 GC heap after
Heap after GC invocations=10 (full 1):
 PSYoungGen      total 128512K, used 7662K [0x00000000eb780000, 0x00000000f8080000, 0x0000000100000000)
  eden space 120832K, 0% used [0x00000000eb780000,0x00000000eb780000,0x00000000f2d80000)
  from space 7680K, 99% used [0x00000000f2d80000,0x00000000f34fb8b0,0x00000000f3500000)
  to   space 12288K, 0% used [0x00000000f7480000,0x00000000f7480000,0x00000000f8080000)
 ParOldGen       total 25600K, used 13235K [0x00000000c2600000, 0x00000000c3f00000, 0x00000000eb780000)
  object space 25600K, 51% used [0x00000000c2600000,0x00000000c32ecf40,0x00000000c3f00000)
 Metaspace       used 31858K, capacity 33112K, committed 33408K, reserved 1079296K
  class space    used 4098K, capacity 4362K, committed 4480K, reserved 1048576K
}
Event: 5.597 GC heap before
{Heap before GC invocations=11 (full 1):
 PSYoungGen      total 128512K, used 77369K [0x00000000eb780000, 0x00000000f8080000, 0x0000000100000000)
  eden space 120832K, 57% used [0x00000000eb780000,0x00000000efb92c98,0x00000000f2d80000)
  from space 7680K, 99% used [0x00000000f2d80000,0x00000000f34fb8b0,0x00000000f3500000)
  to   space 12288K, 0% used [0x00000000f7480000,0x00000000f7480000,0x00000000f8080000)
 ParOldGen       total 25600K, used 13235K [0x00000000c2600000, 0x00000000c3f00000, 0x00000000eb780000)
  object space 25600K, 51% used [0x00000000c2600000,0x00000000c32ecf40,0x00000000c3f00000)
 Metaspace       used 33862K, capacity 35238K, committed 35416K, reserved 1079296K
  class space    used 4352K, capacity 4617K, committed 4736K, reserved 1048576K
Event: 5.617 GC heap after
Heap after GC invocations=11 (full 1):
 PSYoungGen      total 192512K, used 9593K [0x00000000eb780000, 0x00000000f8480000, 0x0000000100000000)
  eden space 180224K, 0% used [0x00000000eb780000,0x00000000eb780000,0x00000000f6780000)
  from space 12288K, 78% used [0x00000000f7480000,0x00000000f7dde688,0x00000000f8080000)
  to   space 13312K, 0% used [0x00000000f6780000,0x00000000f6780000,0x00000000f7480000)
 ParOldGen       total 25600K, used 15468K [0x00000000c2600000, 0x00000000c3f00000, 0x00000000eb780000)
  object space 25600K, 60% used [0x00000000c2600000,0x00000000c351b288,0x00000000c3f00000)
 Metaspace       used 33862K, capacity 35238K, committed 35416K, reserved 1079296K
  class space    used 4352K, capacity 4617K, committed 4736K, reserved 1048576K
}
Event: 5.617 GC heap before
{Heap before GC invocations=12 (full 2):
 PSYoungGen      total 192512K, used 9593K [0x00000000eb780000, 0x00000000f8480000, 0x0000000100000000)
  eden space 180224K, 0% used [0x00000000eb780000,0x00000000eb780000,0x00000000f6780000)
  from space 12288K, 78% used [0x00000000f7480000,0x00000000f7dde688,0x00000000f8080000)
  to   space 13312K, 0% used [0x00000000f6780000,0x00000000f6780000,0x00000000f7480000)
 ParOldGen       total 25600K, used 15468K [0x00000000c2600000, 0x00000000c3f00000, 0x00000000eb780000)
  object space 25600K, 60% used [0x00000000c2600000,0x00000000c351b288,0x00000000c3f00000)
 Metaspace       used 33862K, capacity 35238K, committed 35416K, reserved 1079296K
  class space    used 4352K, capacity 4617K, committed 4736K, reserved 1048576K
Event: 5.747 GC heap after
Heap after GC invocations=12 (full 2):
 PSYoungGen      total 192512K, used 0K [0x00000000eb780000, 0x00000000f8480000, 0x0000000100000000)
  eden space 180224K, 0% used [0x00000000eb780000,0x00000000eb780000,0x00000000f6780000)
  from space 12288K, 0% used [0x00000000f7480000,0x00000000f7480000,0x00000000f8080000)
  to   space 13312K, 0% used [0x00000000f6780000,0x00000000f6780000,0x00000000f7480000)
 ParOldGen       total 47104K, used 19203K [0x00000000c2600000, 0x00000000c5400000, 0x00000000eb780000)
  object space 47104K, 40% used [0x00000000c2600000,0x00000000c38c0e00,0x00000000c5400000)
 Metaspace       used 33862K, capacity 35238K, committed 35416K, reserved 1079296K
  class space    used 4352K, capacity 4617K, committed 4736K, reserved 1048576K
}
Event: 8.926 GC heap before
{Heap before GC invocations=13 (full 2):
 PSYoungGen      total 192512K, used 180224K [0x00000000eb780000, 0x00000000f8480000, 0x0000000100000000)
  eden space 180224K, 100% used [0x00000000eb780000,0x00000000f6780000,0x00000000f6780000)
  from space 12288K, 0% used [0x00000000f7480000,0x00000000f7480000,0x00000000f8080000)
  to   space 13312K, 0% used [0x00000000f6780000,0x00000000f6780000,0x00000000f7480000)
 ParOldGen       total 47104K, used 19203K [0x00000000c2600000, 0x00000000c5400000, 0x00000000eb780000)
  object space 47104K, 40% used [0x00000000c2600000,0x00000000c38c0e00,0x00000000c5400000)
 Metaspace       used 52127K, capacity 53818K, committed 54232K, reserved 1095680K
  class space    used 7032K, capacity 7361K, committed 7424K, reserved 1048576K

Deoptimization events (10 events):
Event: 7.721 Thread 0x00007f25d400d800 Uncommon trap: reason=unstable_if action=reinterpret pc=0x00007f25c5951dc8 method=java.lang.Class$MethodArray.addIfNotPresent(Ljava/lang/reflect/Method;)V @ 19
Event: 7.987 Thread 0x00007f25d400d800 Uncommon trap: reason=bimorphic action=maybe_recompile pc=0x00007f25c5c88404 method=java.util.AbstractList$Itr.next()Ljava/lang/Object; @ 14
Event: 7.987 Thread 0x00007f25d400d800 Uncommon trap: reason=bimorphic action=maybe_recompile pc=0x00007f25c5c88404 method=java.util.AbstractList$Itr.next()Ljava/lang/Object; @ 14
Event: 7.987 Thread 0x00007f25d400d800 Uncommon trap: reason=bimorphic action=maybe_recompile pc=0x00007f25c5c88404 method=java.util.AbstractList$Itr.next()Ljava/lang/Object; @ 14
Event: 7.987 Thread 0x00007f25d400d800 Uncommon trap: reason=bimorphic action=maybe_recompile pc=0x00007f25c5c88404 method=java.util.AbstractList$Itr.next()Ljava/lang/Object; @ 14
Event: 8.473 Thread 0x00007f25d400d800 Uncommon trap: reason=unstable_if action=reinterpret pc=0x00007f25c5bf03a0 method=java.lang.String$CaseInsensitiveComparator.compare(Ljava/lang/String;Ljava/lang/String;)I @ 70
Event: 8.618 Thread 0x00007f25d400d800 Uncommon trap: reason=class_check action=maybe_recompile pc=0x00007f25c51231b0 method=org.springframework.beans.factory.support.AbstractBeanFactory.isTypeMatch(Ljava/lang/String;Lorg/springframework/core/ResolvableType;)Z @ 47
Event: 8.621 Thread 0x00007f25d400d800 Uncommon trap: reason=class_check action=maybe_recompile pc=0x00007f25c51231b0 method=org.springframework.beans.factory.support.AbstractBeanFactory.isTypeMatch(Ljava/lang/String;Lorg/springframework/core/ResolvableType;)Z @ 47
Event: 8.627 Thread 0x00007f25d400d800 Uncommon trap: reason=class_check action=maybe_recompile pc=0x00007f25c51231b0 method=org.springframework.beans.factory.support.AbstractBeanFactory.isTypeMatch(Ljava/lang/String;Lorg/springframework/core/ResolvableType;)Z @ 47
Event: 8.631 Thread 0x00007f25d400d800 Uncommon trap: reason=class_check action=maybe_recompile pc=0x00007f25c51231b0 method=org.springframework.beans.factory.support.AbstractBeanFactory.isTypeMatch(Ljava/lang/String;Lorg/springframework/core/ResolvableType;)Z @ 47

Internal exceptions (10 events):
Event: 8.610 Thread 0x00007f25d400d800 Exception <a 'java/lang/ClassNotFoundException': org/springframework/web/servlet/config/annotation/WebMvcConfigurationSupportCustomizer> (0x00000000f629a718) thrown at [/HUDSON/workspace/8-2-build-linux-amd64/jdk8u151/9699/hotspot/src/share/vm/classfile/s
Event: 8.612 Thread 0x00007f25d400d800 Exception <a 'java/lang/ClassNotFoundException': org/springframework/web/servlet/config/annotation/DelegatingWebMvcConfigurationCustomizer> (0x00000000f62c7468) thrown at [/HUDSON/workspace/8-2-build-linux-amd64/jdk8u151/9699/hotspot/src/share/vm/classfil
Event: 8.613 Thread 0x00007f25d400d800 Exception <a 'java/lang/ClassNotFoundException': org/springframework/web/servlet/config/annotation/DelegatingWebMvcConfiguration$$EnhancerBySpringCGLIB$$2c827914Customizer> (0x00000000f62ef730) thrown at [/HUDSON/workspace/8-2-build-linux-amd64/jdk8u151/9
Event: 8.614 Thread 0x00007f25d400d800 Exception <a 'java/lang/ClassNotFoundException': org/springframework/context/annotation/ConfigurationClassEnhancer$EnhancedConfigurationCustomizer> (0x00000000f632bd98) thrown at [/HUDSON/workspace/8-2-build-linux-amd64/jdk8u151/9699/hotspot/src/share/vm/
Event: 8.614 Thread 0x00007f25d400d800 Exception <a 'java/lang/ClassNotFoundException': org/springframework/beans/factory/BeanFactoryAwareCustomizer> (0x00000000f6340690) thrown at [/HUDSON/workspace/8-2-build-linux-amd64/jdk8u151/9699/hotspot/src/share/vm/classfile/systemDictionary.cpp, line 
Event: 8.615 Thread 0x00007f25d400d800 Exception <a 'java/lang/ClassNotFoundException': org/springframework/beans/factory/AwareCustomizer> (0x00000000f6353828) thrown at [/HUDSON/workspace/8-2-build-linux-amd64/jdk8u151/9699/hotspot/src/share/vm/classfile/systemDictionary.cpp, line 210]
Event: 8.615 Thread 0x00007f25d400d800 Exception <a 'java/lang/ClassNotFoundException': org/springframework/context/ApplicationContextAwareCustomizer> (0x00000000f6368470) thrown at [/HUDSON/workspace/8-2-build-linux-amd64/jdk8u151/9699/hotspot/src/share/vm/classfile/systemDictionary.cpp, line
Event: 8.616 Thread 0x00007f25d400d800 Exception <a 'java/lang/ClassNotFoundException': org/springframework/beans/factory/AwareCustomizer> (0x00000000f637b5e0) thrown at [/HUDSON/workspace/8-2-build-linux-amd64/jdk8u151/9699/hotspot/src/share/vm/classfile/systemDictionary.cpp, line 210]
Event: 8.616 Thread 0x00007f25d400d800 Exception <a 'java/lang/ClassNotFoundException': org/springframework/web/context/ServletContextAwareCustomizer> (0x00000000f63901c8) thrown at [/HUDSON/workspace/8-2-build-linux-amd64/jdk8u151/9699/hotspot/src/share/vm/classfile/systemDictionary.cpp, line
Event: 8.617 Thread 0x00007f25d400d800 Exception <a 'java/lang/ClassNotFoundException': org/springframework/beans/factory/AwareCustomizer> (0x00000000f63a2da8) thrown at [/HUDSON/workspace/8-2-build-linux-amd64/jdk8u151/9699/hotspot/src/share/vm/classfile/systemDictionary.cpp, line 210]

Events (10 events):
Event: 8.912 loading class org/springframework/web/bind/annotation/ResponseStatus done
Event: 8.915 loading class org/springframework/web/cors/CorsConfiguration
Event: 8.915 loading class org/springframework/web/cors/CorsConfiguration done
Event: 8.920 loading class org/springframework/http/HttpMethod
Event: 8.920 loading class org/springframework/http/HttpMethod done
Event: 8.922 loading class org/springframework/web/servlet/mvc/method/RequestMappingInfoHandlerMapping$HttpOptionsHandler
Event: 8.922 loading class org/springframework/web/servlet/mvc/method/RequestMappingInfoHandlerMapping$HttpOptionsHandler done
Event: 8.924 loading class org/springframework/http/HttpHeaders
Event: 8.924 loading class org/springframework/http/HttpHeaders done
Event: 8.925 Executing VM operation: ParallelGCFailedAllocation


Dynamic libraries:
00400000-00401000 r-xp 00000000 fe:00 801902                             /opt/java-jdk/jdk1.8.0_151/bin/java
00600000-00601000 rw-p 00000000 fe:00 801902                             /opt/java-jdk/jdk1.8.0_151/bin/java
00eb1000-00ed2000 rw-p 00000000 00:00 0                                  [heap]
c2600000-c5400000 rw-p 00000000 00:00 0 
c5400000-eb780000 ---p 00000000 00:00 0 
eb780000-f8480000 rw-p 00000000 00:00 0 
fd700000-100000000 ---p 00000000 00:00 0 
100000000-100740000 rw-p 00000000 00:00 0 
100740000-140000000 ---p 00000000 00:00 0 
7f2568000000-7f2568021000 rw-p 00000000 00:00 0 
7f2568021000-7f256c000000 ---p 00000000 00:00 0 
7f2570000000-7f2570021000 rw-p 00000000 00:00 0 
7f2570021000-7f2574000000 ---p 00000000 00:00 0 
7f25771fe000-7f25773be000 rw-p 00000000 00:00 0 
7f25773be000-7f25773fe000 ---p 00000000 00:00 0 
7f25773fe000-7f25775fe000 rw-p 00000000 00:00 0 
7f25775fe000-7f25777fe000 rw-p 00000000 00:00 0 
7f25777fe000-7f25779fe000 rw-p 00000000 00:00 0 
7f25779fe000-7f2577bfe000 rw-p 00000000 00:00 0 
7f2577bfe000-7f2577c01000 ---p 00000000 00:00 0 
7f2577c01000-7f2577cff000 rw-p 00000000 00:00 0 
7f2577cff000-7f2577d02000 ---p 00000000 00:00 0 
7f2577d02000-7f2577e00000 rw-p 00000000 00:00 0 
7f2577e00000-7f2578000000 rw-p 00000000 00:00 0 
7f2578000000-7f2578021000 rw-p 00000000 00:00 0 
7f2578021000-7f257c000000 ---p 00000000 00:00 0 
7f257c000000-7f257c021000 rw-p 00000000 00:00 0 
7f257c021000-7f2580000000 ---p 00000000 00:00 0 
7f2580000000-7f2580021000 rw-p 00000000 00:00 0 
7f2580021000-7f2584000000 ---p 00000000 00:00 0 
7f2584000000-7f2584021000 rw-p 00000000 00:00 0 
7f2584021000-7f2588000000 ---p 00000000 00:00 0 
7f2588000000-7f25880c0000 rw-p 00000000 00:00 0 
7f25880c0000-7f258c000000 ---p 00000000 00:00 0 
7f258c09e000-7f258c0b4000 r-xp 00000000 fe:00 1305707                    /lib/x86_64-linux-gnu/libgcc_s.so.1
7f258c0b4000-7f258c2b3000 ---p 00016000 fe:00 1305707                    /lib/x86_64-linux-gnu/libgcc_s.so.1
7f258c2b3000-7f258c2b4000 r--p 00015000 fe:00 1305707                    /lib/x86_64-linux-gnu/libgcc_s.so.1
7f258c2b4000-7f258c2b5000 rw-p 00016000 fe:00 1305707                    /lib/x86_64-linux-gnu/libgcc_s.so.1
7f258c2b5000-7f258c2e7000 r-xp 00000000 fe:00 1183656                    /opt/java-jdk/jdk1.8.0_151/jre/lib/amd64/libsunec.so
7f258c2e7000-7f258c4e6000 ---p 00032000 fe:00 1183656                    /opt/java-jdk/jdk1.8.0_151/jre/lib/amd64/libsunec.so
7f258c4e6000-7f258c4ec000 rw-p 00031000 fe:00 1183656                    /opt/java-jdk/jdk1.8.0_151/jre/lib/amd64/libsunec.so
7f258c4ec000-7f258c6fc000 rw-p 00000000 00:00 0 
7f258c6fc000-7f258c8fc000 rw-p 00000000 00:00 0 
7f258c8fc000-7f258c8ff000 ---p 00000000 00:00 0 
7f258c8ff000-7f258c9fd000 rw-p 00000000 00:00 0 
7f258c9fd000-7f258ca00000 ---p 00000000 00:00 0 
7f258ca00000-7f258cafe000 rw-p 00000000 00:00 0 
7f258cafe000-7f258cb01000 ---p 00000000 00:00 0 
7f258cb01000-7f258cbff000 rw-p 00000000 00:00 0 
7f258cbff000-7f258cdf5000 rw-p 00000000 00:00 0 
7f258cdf5000-7f258cdff000 ---p 00000000 00:00 0 
7f258cdff000-7f258cfff000 rw-p 00000000 00:00 0 
7f258cfff000-7f2590000000 rw-p 00000000 00:00 0 
7f2590000000-7f2590021000 rw-p 00000000 00:00 0 
7f2590021000-7f2594000000 ---p 00000000 00:00 0 
7f2594000000-7f2594366000 rw-p 00000000 00:00 0 
7f2594366000-7f2598000000 ---p 00000000 00:00 0 
7f2598000000-7f2598af4000 rw-p 00000000 00:00 0 
7f2598af4000-7f259c000000 ---p 00000000 00:00 0 
7f259c000000-7f259c021000 rw-p 00000000 00:00 0 
7f259c021000-7f25a0000000 ---p 00000000 00:00 0 
7f25a0000000-7f25a0021000 rw-p 00000000 00:00 0 
7f25a0021000-7f25a4000000 ---p 00000000 00:00 0 
7f25a4000000-7f25a589c000 rw-p 00000000 00:00 0 
7f25a589c000-7f25a8000000 ---p 00000000 00:00 0 
7f25a8000000-7f25a8021000 rw-p 00000000 00:00 0 
7f25a8021000-7f25ac000000 ---p 00000000 00:00 0 
7f25ac000000-7f25ac021000 rw-p 00000000 00:00 0 
7f25ac021000-7f25b0000000 ---p 00000000 00:00 0 
7f25b0000000-7f25b0021000 rw-p 00000000 00:00 0 
7f25b0021000-7f25b4000000 ---p 00000000 00:00 0 
7f25b4000000-7f25b42b7000 rw-p 00000000 00:00 0 
7f25b42b7000-7f25b8000000 ---p 00000000 00:00 0 
7f25b8000000-7f25b8021000 rw-p 00000000 00:00 0 
7f25b8021000-7f25bc000000 ---p 00000000 00:00 0 
7f25bc0a2000-7f25bc0a7000 r--s 0003e000 fe:00 1441800                    /opt/java-jdk/jdk1.8.0_151/jre/lib/ext/sunjce_provider.jar
7f25bc0a7000-7f25bc0a9000 r--s 00009000 fe:00 1441790                    /opt/java-jdk/jdk1.8.0_151/jre/lib/ext/sunec.jar
7f25bc0a9000-7f25bc0ac000 r--s 0001a000 fe:00 1183716                    /opt/java-jdk/jdk1.8.0_151/jre/lib/jce.jar
7f25bc0ac000-7f25bc0af000 ---p 00000000 00:00 0 
7f25bc0af000-7f25bc1ad000 rw-p 00000000 00:00 0 
7f25bc1ad000-7f25bc1b2000 r--s 002f9000 fe:00 1183633                    /opt/java-jdk/jdk1.8.0_151/jre/lib/charsets.jar
7f25bc1b2000-7f25bc1b7000 r--s 0009a000 fe:00 1183645                    /opt/java-jdk/jdk1.8.0_151/jre/lib/jsse.jar
7f25bc1b7000-7f25bc3b7000 rw-p 00000000 00:00 0 
7f25bc3b7000-7f25bc5b7000 rw-p 00000000 00:00 0 
7f25bc5b7000-7f25bc7b7000 rw-p 00000000 00:00 0 
7f25bc7b7000-7f25bc9b7000 rw-p 00000000 00:00 0 
7f25bc9b7000-7f25bc9ba000 ---p 00000000 00:00 0 
7f25bc9ba000-7f25bcab8000 rw-p 00000000 00:00 0 
7f25bcab8000-7f25bccb8000 rw-p 00000000 00:00 0 
7f25bccb8000-7f25bccc9000 r-xp 00000000 fe:00 1183703                    /opt/java-jdk/jdk1.8.0_151/jre/lib/amd64/libnio.so
7f25bccc9000-7f25bcec8000 ---p 00011000 fe:00 1183703                    /opt/java-jdk/jdk1.8.0_151/jre/lib/amd64/libnio.so
7f25bcec8000-7f25bcec9000 rw-p 00010000 fe:00 1183703                    /opt/java-jdk/jdk1.8.0_151/jre/lib/amd64/libnio.so
7f25bcec9000-7f25bd0c9000 rw-p 00000000 00:00 0 
7f25bd0c9000-7f25bd2c9000 rw-p 00000000 00:00 0 
7f25bd2c9000-7f25bd4c9000 rw-p 00000000 00:00 0 
7f25bd4c9000-7f25bd55f000 r--s 01110000 fe:00 1441793                    /opt/java-jdk/jdk1.8.0_151/jre/lib/ext/jfxrt.jar
7f25bd55f000-7f25bd576000 r-xp 00000000 fe:00 1183700                    /opt/java-jdk/jdk1.8.0_151/jre/lib/amd64/libnet.so
7f25bd576000-7f25bd775000 ---p 00017000 fe:00 1183700                    /opt/java-jdk/jdk1.8.0_151/jre/lib/amd64/libnet.so
7f25bd775000-7f25bd776000 rw-p 00016000 fe:00 1183700                    /opt/java-jdk/jdk1.8.0_151/jre/lib/amd64/libnet.so
7f25bd776000-7f25bd77f000 r-xp 00000000 fe:00 1183708                    /opt/java-jdk/jdk1.8.0_151/jre/lib/amd64/libmanagement.so
7f25bd77f000-7f25bd97e000 ---p 00009000 fe:00 1183708                    /opt/java-jdk/jdk1.8.0_151/jre/lib/amd64/libmanagement.so
7f25bd97e000-7f25bd97f000 rw-p 00008000 fe:00 1183708                    /opt/java-jdk/jdk1.8.0_151/jre/lib/amd64/libmanagement.so
7f25bd97f000-7f25bdb7f000 rw-p 00000000 00:00 0 
7f25bdb7f000-7f25bdb82000 ---p 00000000 00:00 0 
7f25bdb82000-7f25bdc80000 rw-p 00000000 00:00 0 
7f25bdc80000-7f25bdc8a000 r--s 00116000 fe:00 1441799                    /opt/java-jdk/jdk1.8.0_151/jre/lib/ext/localedata.jar
7f25bdc8a000-7f25bdc91000 r--s 00000000 fe:00 393953                     /usr/lib/x86_64-linux-gnu/gconv/gconv-modules.cache
7f25bdc91000-7f25bdcb7000 r--p 00000000 fe:00 397017                     /usr/share/locale/de/LC_MESSAGES/libc.mo
7f25bdcb7000-7f25bdcc1000 r--s 0005c000 fe:00 155                        /home/bzz/.m2/repository/javax/servlet/jstl/1.2/jstl-1.2.jar
7f25bdcc1000-7f25bdcd4000 r--s 00244000 fe:00 1090                       /home/bzz/.m2/repository/org/eclipse/jdt/ecj/3.12.3/ecj-3.12.3.jar
7f25bdcd4000-7f25bdcd9000 r--s 00038000 fe:00 1085                       /home/bzz/.m2/repository/org/apache/tomcat/embed/tomcat-embed-el/8.5.37/tomcat-embed-el-8.5.37.jar
7f25bdcd9000-7f25bdcdb000 r--s 00002000 fe:00 167                        /home/bzz/.m2/repository/org/apache/tomcat/tomcat-annotations-api/8.5.37/tomcat-annotations-api-8.5.37.jar
7f25bdcdb000-7f25bdd05000 r--s 002d8000 fe:00 1083                       /home/bzz/.m2/repository/org/apache/tomcat/embed/tomcat-embed-core/8.5.37/tomcat-embed-core-8.5.37.jar
7f25bdd05000-7f25bdd0e000 r--s 00097000 fe:00 165                        /home/bzz/.m2/repository/org/apache/tomcat/embed/tomcat-embed-jasper/8.5.37/tomcat-embed-jasper-8.5.37.jar
7f25bdd0e000-7f25bdd18000 r--s 000ec000 fe:00 1060                       /home/bzz/.m2/repository/mysql/mysql-connector-java/5.1.46/mysql-connector-java-5.1.46.jar
7f25bdd18000-7f25bdd21000 r--s 00058000 fe:00 1177387                    /home/bzz/.m2/repository/taglibs/standard/1.1.2/standard-1.1.2.jar
7f25bdd21000-7f25bdd2b000 r--s 0005c000 fe:00 1177385                    /home/bzz/.m2/repository/jstl/jstl/1.2/jstl-1.2.jar
7f25bdd2b000-7f25bdd2d000 r--s 0000a000 fe:00 1015                       /home/bzz/.m2/repository/org/springframework/spring-aspects/5.1.6.RELEASE/spring-aspects-5.1.6.RELEASE.jar
7f25bdd2d000-7f25bdd2f000 r--s 00009000 fe:00 854                        /home/bzz/.m2/repository/org/slf4j/slf4j-api/1.7.26/slf4j-api-1.7.26.jar
7f25bdd2f000-7f25bdd37000 r--s 00037000 fe:00 1013                       /home/bzz/.m2/repository/org/springframework/spring-tx/5.1.6.RELEASE/spring-tx-5.1.6.RELEASE.jar
7f25bdd37000-7f25bdd3b000 r--s 0002d000 fe:00 1011                       /home/bzz/.m2/repository/org/springframework/spring-orm/5.1.6.RELEASE/spring-orm-5.1.6.RELEASE.jar
7f25bdd3b000-7f25bdd53000 r--s 00106000 fe:00 1708246                    /home/bzz/.m2/repository/org/springframework/data/spring-data-commons/2.1.6.RELEASE/spring-data-commons-2.1.6.RELEASE.jar
7f25bdd53000-7f25bdd5b000 r--s 0004f000 fe:00 1452741                    /home/bzz/.m2/repository/org/springframework/data/spring-data-jpa/2.1.6.RELEASE/spring-data-jpa-2.1.6.RELEASE.jar
7f25bdd5b000-7f25bdd5e000 r--s 00010000 fe:00 1009                       /home/bzz/.m2/repository/org/hibernate/common/hibernate-commons-annotations/5.0.4.Final/hibernate-commons-annotations-5.0.4.Final.jar
7f25bdd5e000-7f25bdd63000 r--s 0004b000 fe:00 1007                       /home/bzz/.m2/repository/org/dom4j/dom4j/2.1.1/dom4j-2.1.1.jar
7f25bdd63000-7f25bdd66000 r--s 0002b000 fe:00 1005                       /home/bzz/.m2/repository/org/jboss/jandex/2.0.5.Final/jandex-2.0.5.Final.jar
7f25bdd66000-7f25bdd6b000 r--s 00068000 fe:00 1003                       /home/bzz/.m2/repository/antlr/antlr/2.7.7/antlr-2.7.7.jar
7f25bdd6b000-7f25bddb2000 r--s 002da000 fe:00 1001                       /home/bzz/.m2/repository/net/bytebuddy/byte-buddy/1.9.12/byte-buddy-1.9.12.jar
7f25bddb2000-7f25bddbd000 r--s 000b2000 fe:00 999                        /home/bzz/.m2/repository/org/javassist/javassist/3.23.1-GA/javassist-3.23.1-GA.jar
7f25bddbd000-7f25bddc3000 r--s 00023000 fe:00 997                        /home/bzz/.m2/repository/javax/persistence/javax.persistence-api/2.2/javax.persistence-api-2.2.jar
7f25bddc3000-7f25bde46000 r--s 00626000 fe:00 1835970                    /home/bzz/.m2/repository/org/hibernate/hibernate-core/5.3.9.Final/hibernate-core-5.3.9.Final.jar
7f25bde46000-7f25bde48000 r--s 0000c000 fe:00 1708244                    /home/bzz/.m2/repository/javax/activation/javax.activation-api/1.2.0/javax.activation-api-1.2.0.jar
7f25bde48000-7f25bde4c000 r--s 0001c000 fe:00 1574645                    /home/bzz/.m2/repository/javax/xml/bind/jaxb-api/2.3.1/jaxb-api-2.3.1.jar
7f25bde4c000-7f25bde4d000 r--s 00006000 fe:00 1452739                    /home/bzz/.m2/repository/javax/transaction/javax.transaction-api/1.3/javax.transaction-api-1.3.jar
7f25bde4d000-7f25bde56000 r--s 0005a000 fe:00 995                        /home/bzz/.m2/repository/org/springframework/spring-jdbc/5.1.6.RELEASE/spring-jdbc-5.1.6.RELEASE.jar
7f25bde56000-7f25bde5a000 r--s 00020000 fe:00 1307995                    /home/bzz/.m2/repository/com/zaxxer/HikariCP/3.2.0/HikariCP-3.2.0.jar
7f25bde5a000-7f25bde5b000 r--s 00000000 fe:00 993                        /home/bzz/.m2/repository/org/springframework/boot/spring-boot-starter-jdbc/2.1.4.RELEASE/spring-boot-starter-jdbc-2.1.4.RELEASE.jar
7f25bde5b000-7f25bde74000 r--s 001de000 fe:00 991                        /home/bzz/.m2/repository/org/aspectj/aspectjweaver/1.9.2/aspectjweaver-1.9.2.jar
7f25bde74000-7f25bde75000 r--s 00000000 fe:00 989                        /home/bzz/.m2/repository/org/springframework/boot/spring-boot-starter-aop/2.1.4.RELEASE/spring-boot-starter-aop-2.1.4.RELEASE.jar
7f25bde75000-7f25bde76000 r--s 00000000 fe:00 987                        /home/bzz/.m2/repository/org/springframework/boot/spring-boot-starter-data-jpa/2.1.4.RELEASE/spring-boot-starter-data-jpa-2.1.4.RELEASE.jar
7f25bde76000-7f25bde7b000 r--s 00040000 fe:00 892                        /home/bzz/.m2/repository/org/springframework/spring-expression/5.1.6.RELEASE/spring-expression-5.1.6.RELEASE.jar
7f25bde7b000-7f25bde95000 r--s 000f3000 fe:00 890                        /home/bzz/.m2/repository/org/springframework/spring-context/5.1.6.RELEASE/spring-context-5.1.6.RELEASE.jar
7f25bde95000-7f25bde9f000 r--s 00051000 fe:00 888                        /home/bzz/.m2/repository/org/springframework/spring-aop/5.1.6.RELEASE/spring-aop-5.1.6.RELEASE.jar
7f25bde9f000-7f25bdeae000 r--s 000b5000 fe:00 886                        /home/bzz/.m2/repository/org/springframework/spring-webmvc/5.1.6.RELEASE/spring-webmvc-5.1.6.RELEASE.jar
7f25bdeae000-7f25bdebb000 r--s 00098000 fe:00 884                        /home/bzz/.m2/repository/org/springframework/spring-beans/5.1.6.RELEASE/spring-beans-5.1.6.RELEASE.jar
7f25bdebb000-7f25bded7000 r--s 00137000 fe:00 882                        /home/bzz/.m2/repository/org/springframework/spring-web/5.1.6.RELEASE/spring-web-5.1.6.RELEASE.jar
7f25bded7000-7f25bded9000 r--s 0000f000 fe:00 1574627                    /home/bzz/.m2/repository/com/fasterxml/classmate/1.4.0/classmate-1.4.0.jar
7f25bded9000-7f25bdedb000 r--s 0000f000 fe:00 1448391                    /home/bzz/.m2/repository/org/jboss/logging/jboss-logging/3.3.2.Final/jboss-logging-3.3.2.Final.jar
7f25bdedb000-7f25bdee0000 r--s 00012000 fe:00 1448387                    /home/bzz/.m2/repository/javax/validation/validation-api/2.0.1.Final/validation-api-2.0.1.Final.jar
7f25bdee0000-7f25bdefd000 r--s 000fe000 fe:00 1452725                    /home/bzz/.m2/repository/org/hibernate/validator/hibernate-validator/6.0.16.Final/hibernate-validator-6.0.16.Final.jar
7f25bdefd000-7f25bdf02000 r--s 0003a000 fe:00 1087                       /home/bzz/.m2/repository/org/apache/tomcat/embed/tomcat-embed-websocket/8.5.37/tomcat-embed-websocket-8.5.37.jar
7f25bdf02000-7f25bdf04000 r--s 00001000 fe:00 872                        /home/bzz/.m2/repository/com/fasterxml/jackson/module/jackson-module-parameter-names/2.9.8/jackson-module-parameter-names-2.9.8.jar
7f25bdf04000-7f25bdf16000 r--s 00137000 fe:00 1708225                    /home/bzz/.m2/repository/com/fasterxml/jackson/core/jackson-databind/2.9.8/jackson-databind-2.9.8.jar
7f25bdf16000-7f25bdf2e000 r--s 00124000 fe:00 1835957                    /home/bzz/.m2/repository/org/springframework/spring-core/5.1.6.RELEASE/spring-core-5.1.6.RELEASE.jar
7f25bdf2e000-7f25bdf2f000 ---p 00000000 00:00 0 
7f25bdf2f000-7f25be02f000 rw-p 00000000 00:00 0 
7f25be02f000-7f25be032000 ---p 00000000 00:00 0 
7f25be032000-7f25be130000 rw-p 00000000 00:00 0 
7f25be130000-7f25c0000000 rw-p 00000000 00:00 0 
7f25c0000000-7f25c0021000 rw-p 00000000 00:00 0 
7f25c0021000-7f25c4000000 ---p 00000000 00:00 0 
7f25c4000000-7f25c4001000 r--s 00000000 fe:00 874                        /home/bzz/.m2/repository/org/springframework/boot/spring-boot-starter-tomcat/2.1.4.RELEASE/spring-boot-starter-tomcat-2.1.4.RELEASE.jar
7f25c4001000-7f25c4004000 r--s 00016000 fe:00 870                        /home/bzz/.m2/repository/com/fasterxml/jackson/datatype/jackson-datatype-jsr310/2.9.8/jackson-datatype-jsr310-2.9.8.jar
7f25c4004000-7f25c4006000 r--s 00007000 fe:00 868                        /home/bzz/.m2/repository/com/fasterxml/jackson/datatype/jackson-datatype-jdk8/2.9.8/jackson-datatype-jdk8-2.9.8.jar
7f25c4006000-7f25c400a000 r--s 0004c000 fe:00 866                        /home/bzz/.m2/repository/com/fasterxml/jackson/core/jackson-core/2.9.8/jackson-core-2.9.8.jar
7f25c400a000-7f25c400d000 r--s 0000e000 fe:00 864                        /home/bzz/.m2/repository/com/fasterxml/jackson/core/jackson-annotations/2.9.0/jackson-annotations-2.9.0.jar
7f25c400d000-7f25c400e000 r--s 00000000 fe:00 862                        /home/bzz/.m2/repository/org/springframework/boot/spring-boot-starter-json/2.1.4.RELEASE/spring-boot-starter-json-2.1.4.RELEASE.jar
7f25c400e000-7f25c4015000 r--s 00043000 fe:00 860                        /home/bzz/.m2/repository/org/yaml/snakeyaml/1.23/snakeyaml-1.23.jar
7f25c4015000-7f25c4016000 r--s 00005000 fe:00 1835959                    /home/bzz/.m2/repository/org/springframework/spring-jcl/5.1.6.RELEASE/spring-jcl-5.1.6.RELEASE.jar
7f25c4016000-7f25c4018000 r--s 00005000 fe:00 1574625                    /home/bzz/.m2/repository/javax/annotation/javax.annotation-api/1.3.2/javax.annotation-api-1.3.2.jar
7f25c4018000-7f25c401a000 r--s 00000000 fe:00 1177352                    /home/bzz/.m2/repository/org/slf4j/jul-to-slf4j/1.7.26/jul-to-slf4j-1.7.26.jar
7f25c401a000-7f25c4020000 r--s 0003c000 fe:00 858                        /home/bzz/.m2/repository/org/apache/logging/log4j/log4j-api/2.11.2/log4j-api-2.11.2.jar
7f25c4020000-7f25c4022000 r--s 00003000 fe:00 856                        /home/bzz/.m2/repository/org/apache/logging/log4j/log4j-to-slf4j/2.11.2/log4j-to-slf4j-2.11.2.jar
7f25c4022000-7f25c402d000 r--s 00069000 fe:00 852                        /home/bzz/.m2/repository/ch/qos/logback/logback-core/1.2.3/logback-core-1.2.3.jar
7f25c402d000-7f25c4033000 r--s 00041000 fe:00 850                        /home/bzz/.m2/repository/ch/qos/logback/logback-classic/1.2.3/logback-classic-1.2.3.jar
7f25c4033000-7f25c4057000 r--s 00111000 fe:00 846                        /home/bzz/.m2/repository/org/springframework/boot/spring-boot-autoconfigure/2.1.4.RELEASE/spring-boot-autoconfigure-2.1.4.RELEASE.jar
7f25c4057000-7f25c405a000 ---p 00000000 00:00 0 
7f25c405a000-7f25c4158000 rw-p 00000000 00:00 0 
7f25c4158000-7f25c415b000 ---p 00000000 00:00 0 
7f25c415b000-7f25c4259000 rw-p 00000000 00:00 0 
7f25c4259000-7f25c425c000 ---p 00000000 00:00 0 
7f25c425c000-7f25c435a000 rw-p 00000000 00:00 0 
7f25c435a000-7f25c44f5000 r--p 00000000 fe:00 392923                     /usr/lib/locale/locale-archive
7f25c44f5000-7f25c44f8000 ---p 00000000 00:00 0 
7f25c44f8000-7f25c45f6000 rw-p 00000000 00:00 0 
7f25c45f6000-7f25c45f9000 ---p 00000000 00:00 0 
7f25c45f9000-7f25c46f7000 rw-p 00000000 00:00 0 
7f25c46f7000-7f25c46f8000 ---p 00000000 00:00 0 
7f25c46f8000-7f25c5000000 rw-p 00000000 00:00 0 
7f25c5000000-7f25c5d10000 rwxp 00000000 00:00 0 
7f25c5d10000-7f25d4000000 ---p 00000000 00:00 0 
7f25d4000000-7f25d52d9000 rw-p 00000000 00:00 0 
7f25d52d9000-7f25d8000000 ---p 00000000 00:00 0 
7f25d8000000-7f25d8001000 r--s 00000000 fe:00 848                        /home/bzz/.m2/repository/org/springframework/boot/spring-boot-starter-logging/2.1.4.RELEASE/spring-boot-starter-logging-2.1.4.RELEASE.jar
7f25d8001000-7f25d8016000 r--s 000d4000 fe:00 844                        /home/bzz/.m2/repository/org/springframework/boot/spring-boot/2.1.4.RELEASE/spring-boot-2.1.4.RELEASE.jar
7f25d8016000-7f25d8017000 r--s 00000000 fe:00 842                        /home/bzz/.m2/repository/org/springframework/boot/spring-boot-starter/2.1.4.RELEASE/spring-boot-starter-2.1.4.RELEASE.jar
7f25d8017000-7f25d801a000 r--s 00015000 fe:00 1453168                    /home/bzz/.m2/repository/javax/servlet/javax.servlet-api/4.0.1/javax.servlet-api-4.0.1.jar
7f25d801a000-7f25d8033000 r--s 00220000 fe:00 1308322                    /home/bzz/Schreibtisch/mysql-connector-java-8.0.18.jar
7f25d8033000-7f25d8038000 r--s 00084000 fe:00 1183606                    /opt/java-jdk/jdk1.8.0_151/jre/lib/jfr.jar
7f25d8038000-7f25d803d000 r--s 002f9000 fe:00 1183633                    /opt/java-jdk/jdk1.8.0_151/jre/lib/charsets.jar
7f25d803d000-7f25d8042000 r--s 0009a000 fe:00 1183645                    /opt/java-jdk/jdk1.8.0_151/jre/lib/jsse.jar
7f25d8042000-7f25d84d7000 rw-p 00000000 00:00 0 
7f25d84d7000-7f25d86b0000 r--s 03d5a000 fe:00 1183635                    /opt/java-jdk/jdk1.8.0_151/jre/lib/rt.jar
7f25d86b0000-7f25d8726000 rw-p 00000000 00:00 0 
7f25d8726000-7f25d9113000 rw-p 00000000 00:00 0 
7f25d9113000-7f25d9114000 ---p 00000000 00:00 0 
7f25d9114000-7f25d9214000 rw-p 00000000 00:00 0 
7f25d9214000-7f25d9215000 ---p 00000000 00:00 0 
7f25d9215000-7f25d9315000 rw-p 00000000 00:00 0 
7f25d9315000-7f25d9316000 ---p 00000000 00:00 0 
7f25d9316000-7f25d9416000 rw-p 00000000 00:00 0 
7f25d9416000-7f25d942d000 rw-p 00000000 00:00 0 
7f25d942d000-7f25d955f000 ---p 00000000 00:00 0 
7f25d955f000-7f25d9576000 rw-p 00000000 00:00 0 
7f25d9576000-7f25d96a7000 ---p 00000000 00:00 0 
7f25d96a7000-7f25d970f000 rw-p 00000000 00:00 0 
7f25d970f000-7f25d974c000 ---p 00000000 00:00 0 
7f25d974c000-7f25d9782000 rw-p 00000000 00:00 0 
7f25d9782000-7f25d9b0d000 ---p 00000000 00:00 0 
7f25d9b0d000-7f25d9b28000 r-xp 00000000 fe:00 1183696                    /opt/java-jdk/jdk1.8.0_151/jre/lib/amd64/libzip.so
7f25d9b28000-7f25d9d28000 ---p 0001b000 fe:00 1183696                    /opt/java-jdk/jdk1.8.0_151/jre/lib/amd64/libzip.so
7f25d9d28000-7f25d9d29000 rw-p 0001b000 fe:00 1183696                    /opt/java-jdk/jdk1.8.0_151/jre/lib/amd64/libzip.so
7f25d9d29000-7f25d9d33000 r-xp 00000000 fe:00 1305618                    /lib/x86_64-linux-gnu/libnss_files-2.24.so
7f25d9d33000-7f25d9f33000 ---p 0000a000 fe:00 1305618                    /lib/x86_64-linux-gnu/libnss_files-2.24.so
7f25d9f33000-7f25d9f34000 r--p 0000a000 fe:00 1305618                    /lib/x86_64-linux-gnu/libnss_files-2.24.so
7f25d9f34000-7f25d9f35000 rw-p 0000b000 fe:00 1305618                    /lib/x86_64-linux-gnu/libnss_files-2.24.so
7f25d9f35000-7f25d9f3b000 rw-p 00000000 00:00 0 
7f25d9f3b000-7f25d9f46000 r-xp 00000000 fe:00 1305620                    /lib/x86_64-linux-gnu/libnss_nis-2.24.so
7f25d9f46000-7f25da145000 ---p 0000b000 fe:00 1305620                    /lib/x86_64-linux-gnu/libnss_nis-2.24.so
7f25da145000-7f25da146000 r--p 0000a000 fe:00 1305620                    /lib/x86_64-linux-gnu/libnss_nis-2.24.so
7f25da146000-7f25da147000 rw-p 0000b000 fe:00 1305620                    /lib/x86_64-linux-gnu/libnss_nis-2.24.so
7f25da147000-7f25da15b000 r-xp 00000000 fe:00 1305615                    /lib/x86_64-linux-gnu/libnsl-2.24.so
7f25da15b000-7f25da35b000 ---p 00014000 fe:00 1305615                    /lib/x86_64-linux-gnu/libnsl-2.24.so
7f25da35b000-7f25da35c000 r--p 00014000 fe:00 1305615                    /lib/x86_64-linux-gnu/libnsl-2.24.so
7f25da35c000-7f25da35d000 rw-p 00015000 fe:00 1305615                    /lib/x86_64-linux-gnu/libnsl-2.24.so
7f25da35d000-7f25da35f000 rw-p 00000000 00:00 0 
7f25da35f000-7f25da366000 r-xp 00000000 fe:00 1305616                    /lib/x86_64-linux-gnu/libnss_compat-2.24.so
7f25da366000-7f25da565000 ---p 00007000 fe:00 1305616                    /lib/x86_64-linux-gnu/libnss_compat-2.24.so
7f25da565000-7f25da566000 r--p 00006000 fe:00 1305616                    /lib/x86_64-linux-gnu/libnss_compat-2.24.so
7f25da566000-7f25da567000 rw-p 00007000 fe:00 1305616                    /lib/x86_64-linux-gnu/libnss_compat-2.24.so
7f25da567000-7f25da592000 r-xp 00000000 fe:00 1183690                    /opt/java-jdk/jdk1.8.0_151/jre/lib/amd64/libjava.so
7f25da592000-7f25da791000 ---p 0002b000 fe:00 1183690                    /opt/java-jdk/jdk1.8.0_151/jre/lib/amd64/libjava.so
7f25da791000-7f25da793000 rw-p 0002a000 fe:00 1183690                    /opt/java-jdk/jdk1.8.0_151/jre/lib/amd64/libjava.so
7f25da793000-7f25da7a0000 r-xp 00000000 fe:00 1183695                    /opt/java-jdk/jdk1.8.0_151/jre/lib/amd64/libverify.so
7f25da7a0000-7f25da9a0000 ---p 0000d000 fe:00 1183695                    /opt/java-jdk/jdk1.8.0_151/jre/lib/amd64/libverify.so
7f25da9a0000-7f25da9a2000 rw-p 0000d000 fe:00 1183695                    /opt/java-jdk/jdk1.8.0_151/jre/lib/amd64/libverify.so
7f25da9a2000-7f25da9a9000 r-xp 00000000 fe:00 1305625                    /lib/x86_64-linux-gnu/librt-2.24.so
7f25da9a9000-7f25daba8000 ---p 00007000 fe:00 1305625                    /lib/x86_64-linux-gnu/librt-2.24.so
7f25daba8000-7f25daba9000 r--p 00006000 fe:00 1305625                    /lib/x86_64-linux-gnu/librt-2.24.so
7f25daba9000-7f25dabaa000 rw-p 00007000 fe:00 1305625                    /lib/x86_64-linux-gnu/librt-2.24.so
7f25dabaa000-7f25dacad000 r-xp 00000000 fe:00 1305612                    /lib/x86_64-linux-gnu/libm-2.24.so
7f25dacad000-7f25daeac000 ---p 00103000 fe:00 1305612                    /lib/x86_64-linux-gnu/libm-2.24.so
7f25daeac000-7f25daead000 r--p 00102000 fe:00 1305612                    /lib/x86_64-linux-gnu/libm-2.24.so
7f25daead000-7f25daeae000 rw-p 00103000 fe:00 1305612                    /lib/x86_64-linux-gnu/libm-2.24.so
7f25daeae000-7f25dbb81000 r-xp 00000000 fe:00 1312866                    /opt/java-jdk/jdk1.8.0_151/jre/lib/amd64/server/libjvm.so
7f25dbb81000-7f25dbd80000 ---p 00cd3000 fe:00 1312866                    /opt/java-jdk/jdk1.8.0_151/jre/lib/amd64/server/libjvm.so
7f25dbd80000-7f25dbe5a000 rw-p 00cd2000 fe:00 1312866                    /opt/java-jdk/jdk1.8.0_151/jre/lib/amd64/server/libjvm.so
7f25dbe5a000-7f25dbea5000 rw-p 00000000 00:00 0 
7f25dbea5000-7f25dc03a000 r-xp 00000000 fe:00 1305608                    /lib/x86_64-linux-gnu/libc-2.24.so
7f25dc03a000-7f25dc23a000 ---p 00195000 fe:00 1305608                    /lib/x86_64-linux-gnu/libc-2.24.so
7f25dc23a000-7f25dc23e000 r--p 00195000 fe:00 1305608                    /lib/x86_64-linux-gnu/libc-2.24.so
7f25dc23e000-7f25dc240000 rw-p 00199000 fe:00 1305608                    /lib/x86_64-linux-gnu/libc-2.24.so
7f25dc240000-7f25dc244000 rw-p 00000000 00:00 0 
7f25dc244000-7f25dc247000 r-xp 00000000 fe:00 1305611                    /lib/x86_64-linux-gnu/libdl-2.24.so
7f25dc247000-7f25dc446000 ---p 00003000 fe:00 1305611                    /lib/x86_64-linux-gnu/libdl-2.24.so
7f25dc446000-7f25dc447000 r--p 00002000 fe:00 1305611                    /lib/x86_64-linux-gnu/libdl-2.24.so
7f25dc447000-7f25dc448000 rw-p 00003000 fe:00 1305611                    /lib/x86_64-linux-gnu/libdl-2.24.so
7f25dc448000-7f25dc45e000 r-xp 00000000 fe:00 802619                     /opt/java-jdk/jdk1.8.0_151/lib/amd64/jli/libjli.so
7f25dc45e000-7f25dc65d000 ---p 00016000 fe:00 802619                     /opt/java-jdk/jdk1.8.0_151/lib/amd64/jli/libjli.so
7f25dc65d000-7f25dc65e000 rw-p 00015000 fe:00 802619                     /opt/java-jdk/jdk1.8.0_151/lib/amd64/jli/libjli.so
7f25dc65e000-7f25dc676000 r-xp 00000000 fe:00 1305623                    /lib/x86_64-linux-gnu/libpthread-2.24.so
7f25dc676000-7f25dc875000 ---p 00018000 fe:00 1305623                    /lib/x86_64-linux-gnu/libpthread-2.24.so
7f25dc875000-7f25dc876000 r--p 00017000 fe:00 1305623                    /lib/x86_64-linux-gnu/libpthread-2.24.so
7f25dc876000-7f25dc877000 rw-p 00018000 fe:00 1305623                    /lib/x86_64-linux-gnu/libpthread-2.24.so
7f25dc877000-7f25dc87b000 rw-p 00000000 00:00 0 
7f25dc87b000-7f25dc89e000 r-xp 00000000 fe:00 1305603                    /lib/x86_64-linux-gnu/ld-2.24.so
7f25dc89e000-7f25dc89f000 r--s 00000000 fe:00 840                        /home/bzz/.m2/repository/org/springframework/boot/spring-boot-starter-web/2.1.4.RELEASE/spring-boot-starter-web-2.1.4.RELEASE.jar
7f25dc89f000-7f25dc8a2000 r--s 0001a000 fe:00 1183716                    /opt/java-jdk/jdk1.8.0_151/jre/lib/jce.jar
7f25dc8a2000-7f25dc967000 rw-p 00000000 00:00 0 
7f25dc967000-7f25dc97b000 rw-p 00000000 00:00 0 
7f25dc97b000-7f25dc97e000 ---p 00000000 00:00 0 
7f25dc97e000-7f25dca7e000 rw-p 00000000 00:00 0 
7f25dca7e000-7f25dca91000 r--s 00345000 fe:00 1183644                    /opt/java-jdk/jdk1.8.0_151/jre/lib/resources.jar
7f25dca91000-7f25dca99000 rw-s 00000000 fe:00 656484                     /tmp/hsperfdata_bzz/32997
7f25dca99000-7f25dca9a000 rw-p 00000000 00:00 0 
7f25dca9a000-7f25dca9b000 ---p 00000000 00:00 0 
7f25dca9b000-7f25dca9e000 rw-p 00000000 00:00 0 
7f25dca9e000-7f25dca9f000 r--p 00023000 fe:00 1305603                    /lib/x86_64-linux-gnu/ld-2.24.so
7f25dca9f000-7f25dcaa0000 rw-p 00024000 fe:00 1305603                    /lib/x86_64-linux-gnu/ld-2.24.so
7f25dcaa0000-7f25dcaa1000 rw-p 00000000 00:00 0 
7ffda5ec2000-7ffda5ee5000 rw-p 00000000 00:00 0                          [stack]
7ffda5f9b000-7ffda5f9d000 r--p 00000000 00:00 0                          [vvar]
7ffda5f9d000-7ffda5f9f000 r-xp 00000000 00:00 0                          [vdso]
ffffffffff600000-ffffffffff601000 r-xp 00000000 00:00 0                  [vsyscall]

VM Arguments:
jvm_args: -Dfile.encoding=UTF-8 
java_command: myprojects.angriff.App
java_class_path (initial): /opt/java-jdk/jdk1.8.0_151/jre/lib/resources.jar:/opt/java-jdk/jdk1.8.0_151/jre/lib/rt.jar:/opt/java-jdk/jdk1.8.0_151/jre/lib/jsse.jar:/opt/java-jdk/jdk1.8.0_151/jre/lib/jce.jar:/opt/java-jdk/jdk1.8.0_151/jre/lib/charsets.jar:/opt/java-jdk/jdk1.8.0_151/jre/lib/jfr.jar:/opt/java-jdk/jdk1.8.0_151/jre/lib/ext/sunjce_provider.jar:/opt/java-jdk/jdk1.8.0_151/jre/lib/ext/zipfs.jar:/opt/java-jdk/jdk1.8.0_151/jre/lib/ext/jaccess.jar:/opt/java-jdk/jdk1.8.0_151/jre/lib/ext/localedata.jar:/opt/java-jdk/jdk1.8.0_151/jre/lib/ext/dnsns.jar:/opt/java-jdk/jdk1.8.0_151/jre/lib/ext/jfxrt.jar:/opt/java-jdk/jdk1.8.0_151/jre/lib/ext/sunec.jar:/opt/java-jdk/jdk1.8.0_151/jre/lib/ext/cldrdata.jar:/opt/java-jdk/jdk1.8.0_151/jre/lib/ext/sunpkcs11.jar:/opt/java-jdk/jdk1.8.0_151/jre/lib/ext/nashorn.jar:/home/bzz/workspace/jsf/angriff/target/classes:/home/bzz/Schreibtisch/mysql-connector-java-8.0.18.jar:/home/bzz/.m2/repository/javax/servlet/javax.servlet-api/4.0.1/javax.servlet-api-4.0.1.jar:/home/bzz/.m2/repository/org/springframework/boot/spring-boot-starter-web/2.1.4.RELEASE/spring-boot-starter-web-2.1.4.RELEASE.jar:/home/bzz/.m2/repository/org/springframework/boot/spring-boot-starter/2.1.4.RELEASE/spring-boot-starter-2.1.4.RELEASE.jar:/home/bzz/.m2/repository/org/springframework/boot/spring-boot/2.1.4.RELEASE/spring-boot-2.1.4.RELEASE.jar:/home/bzz/.m2/repository/org/springframework/boot/spring-boot-autoconfigure/2.1.4.RELEASE/spring-boot-autoconfigure-2.1.4.RELEASE.jar:/home/bzz/.m2/repository/org/springframework/boot/spring-boot-starter-logging/2.1.4.RELEASE/spring-boot-starter-logging-2.1.4.RELEASE.jar:/home/bzz/.m2/repository/ch/qos/logback/logback-classic/1.2.3/logback-classic-1.2.3.jar:/home/bzz/.m2/repository/ch/qos/logback/logback-core/1.2.3/logback-core-1.2.3.jar:/home/bzz/.m2/repository/org/apache/logging/log4j/log4j-to-slf4j/2.11.2/log4j-to-slf4j-2.11.2.jar:/home/bzz/.m2/repository/org/apache/logging/log4j/log4j-api/2.11.2/log4j-api-2.11.2.jar:/home/b
Launcher Type: SUN_STANDARD

Environment Variables:
PATH=/usr/local/bin:/usr/bin:/bin:/usr/local/games:/usr/games
SHELL=/bin/bash
DISPLAY=:0

Signal Handlers:
SIGSEGV: [libjvm.so+0xacbe10], sa_mask[0]=11111111011111111101111111111110, sa_flags=SA_RESTART|SA_SIGINFO
SIGBUS: [libjvm.so+0xacbe10], sa_mask[0]=11111111011111111101111111111110, sa_flags=SA_RESTART|SA_SIGINFO
SIGFPE: [libjvm.so+0x924f90], sa_mask[0]=11111111011111111101111111111110, sa_flags=SA_RESTART|SA_SIGINFO
SIGPIPE: [libjvm.so+0x924f90], sa_mask[0]=11111111011111111101111111111110, sa_flags=SA_RESTART|SA_SIGINFO
SIGXFSZ: [libjvm.so+0x924f90], sa_mask[0]=11111111011111111101111111111110, sa_flags=SA_RESTART|SA_SIGINFO
SIGILL: [libjvm.so+0x924f90], sa_mask[0]=11111111011111111101111111111110, sa_flags=SA_RESTART|SA_SIGINFO
SIGUSR1: SIG_DFL, sa_mask[0]=00000000000000000000000000000000, sa_flags=none
SIGUSR2: [libjvm.so+0x9267d0], sa_mask[0]=00100000000000000000000000000000, sa_flags=SA_RESTART|SA_SIGINFO
SIGHUP: [libjvm.so+0x927bd0], sa_mask[0]=11111111011111111101111111111110, sa_flags=SA_RESTART|SA_SIGINFO
SIGINT: [libjvm.so+0x927bd0], sa_mask[0]=11111111011111111101111111111110, sa_flags=SA_RESTART|SA_SIGINFO
SIGTERM: [libjvm.so+0x927bd0], sa_mask[0]=11111111011111111101111111111110, sa_flags=SA_RESTART|SA_SIGINFO
SIGQUIT: [libjvm.so+0x927bd0], sa_mask[0]=11111111011111111101111111111110, sa_flags=SA_RESTART|SA_SIGINFO


---------------  S Y S T E M  ---------------

OS:PRETTY_NAME="Debian GNU/Linux 9 (stretch)"
NAME="Debian GNU/Linux"
VERSION_ID="9"
VERSION="9 (stretch)"
ID=debian
HOME_URL="https://www.debian.org/"
SUPPORT_URL="https://www.debian.org/support"
BUG_REPORT_URL="https://bugs.debian.org/"

uname:Linux 4.9.0-4-amd64 #1 SMP Debian 4.9.65-3+deb9u1 (2017-12-23) x86_64
libc:glibc 2.24 NPTL 2.24 
rlimit: STACK 8192k, CORE 0k, NPROC 15658, NOFILE 1048576, AS infinity
load average:5.66 3.04 1.83

/proc/meminfo:
MemTotal:        4032220 kB
MemFree:           86948 kB
MemAvailable:          0 kB
Buffers:             452 kB
Cached:            74596 kB
SwapCached:         5924 kB
Active:          3124036 kB
Inactive:         632936 kB
Active(anon):    3116924 kB
Inactive(anon):   625540 kB
Active(file):       7112 kB
Inactive(file):     7396 kB
Unevictable:          48 kB
Mlocked:              48 kB
SwapTotal:        524284 kB
SwapFree:              0 kB
Dirty:                44 kB
Writeback:            88 kB
AnonPages:       3676828 kB
Mapped:            63768 kB
Shmem:             60496 kB
Slab:              64136 kB
SReclaimable:      19764 kB
SUnreclaim:        44372 kB
KernelStack:       13744 kB
PageTables:        55204 kB
NFS_Unstable:          0 kB
Bounce:                0 kB
WritebackTmp:          0 kB
CommitLimit:     2540392 kB
Committed_AS:    7510672 kB
VmallocTotal:   34359738367 kB
VmallocUsed:           0 kB
VmallocChunk:          0 kB
HardwareCorrupted:     0 kB
AnonHugePages:         0 kB
ShmemHugePages:        0 kB
ShmemPmdMapped:        0 kB
HugePages_Total:       0
HugePages_Free:        0
HugePages_Rsvd:        0
HugePages_Surp:        0
Hugepagesize:       2048 kB
DirectMap4k:      139136 kB
DirectMap2M:     4055040 kB
DirectMap1G:     2097152 kB


CPU:total 3 (initial active 3) (3 cores per cpu, 1 threads per core) family 6 model 158 stepping 9, cmov, cx8, fxsr, mmx, sse, sse2, sse3, ssse3, sse4.1, sse4.2, popcnt, avx, avx2, aes, clmul, erms, 3dnowpref, lzcnt, tsc, tscinvbit, bmi1, bmi2, adx

/proc/cpuinfo:
processor	: 0
vendor_id	: GenuineIntel
cpu family	: 6
model		: 158
model name	: Intel(R) Core(TM) i7-7700HQ CPU @ 2.80GHz
stepping	: 9
microcode	: 0xb4
cpu MHz		: 2807.342
cache size	: 6144 KB
physical id	: 0
siblings	: 3
core id		: 0
cpu cores	: 3
apicid		: 0
initial apicid	: 0
fpu		: yes
fpu_exception	: yes
cpuid level	: 22
wp		: yes
flags		: fpu vme de pse tsc msr pae mce cx8 apic sep mtrr pge mca cmov pat pse36 clflush mmx fxsr sse sse2 ss ht syscall nx pdpe1gb rdtscp lm constant_tsc arch_perfmon nopl xtopology tsc_reliable nonstop_tsc eagerfpu pni pclmulqdq ssse3 fma cx16 pcid sse4_1 sse4_2 x2apic movbe popcnt tsc_deadline_timer aes xsave avx f16c rdrand hypervisor lahf_lm abm 3dnowprefetch fsgsbase tsc_adjust bmi1 avx2 smep bmi2 invpcid mpx rdseed adx smap clflushopt xsaveopt xsavec xsaves arat
bugs		:
bogomips	: 5615.47
clflush size	: 64
cache_alignment	: 64
address sizes	: 43 bits physical, 48 bits virtual
power management:

processor	: 1
vendor_id	: GenuineIntel
cpu family	: 6
model		: 158
model name	: Intel(R) Core(TM) i7-7700HQ CPU @ 2.80GHz
stepping	: 9
microcode	: 0xb4
cpu MHz		: 2807.342
cache size	: 6144 KB
physical id	: 0
siblings	: 3
core id		: 1
cpu cores	: 3
apicid		: 1
initial apicid	: 1
fpu		: yes
fpu_exception	: yes
cpuid level	: 22
wp		: yes
flags		: fpu vme de pse tsc msr pae mce cx8 apic sep mtrr pge mca cmov pat pse36 clflush mmx fxsr sse sse2 ss ht syscall nx pdpe1gb rdtscp lm constant_tsc arch_perfmon nopl xtopology tsc_reliable nonstop_tsc eagerfpu pni pclmulqdq ssse3 fma cx16 pcid sse4_1 sse4_2 x2apic movbe popcnt tsc_deadline_timer aes xsave avx f16c rdrand hypervisor lahf_lm abm 3dnowprefetch fsgsbase tsc_adjust bmi1 avx2 smep bmi2 invpcid mpx rdseed adx smap clflushopt xsaveopt xsavec xsaves arat
bugs		:
bogomips	: 5615.47
clflush size	: 64
cache_alignment	: 64
address sizes	: 43 bits physical, 48 bits virtual
power management:

processor	: 2
vendor_id	: GenuineIntel
cpu family	: 6
model		: 158
model name	: Intel(R) Core(TM) i7-7700HQ CPU @ 2.80GHz
stepping	: 9
microcode	: 0xb4
cpu MHz		: 2807.342
cache size	: 6144 KB
physical id	: 0
siblings	: 3
core id		: 2
cpu cores	: 3
apicid		: 2
initial apicid	: 2
fpu		: yes
fpu_exception	: yes
cpuid level	: 22
wp		: yes
flags		: fpu vme de pse tsc msr pae mce cx8 apic sep mtrr pge mca cmov pat pse36 clflush mmx fxsr sse sse2 ss ht syscall nx pdpe1gb rdtscp lm constant_tsc arch_perfmon nopl xtopology tsc_reliable nonstop_tsc eagerfpu pni pclmulqdq ssse3 fma cx16 pcid sse4_1 sse4_2 x2apic movbe popcnt tsc_deadline_timer aes xsave avx f16c rdrand hypervisor lahf_lm abm 3dnowprefetch fsgsbase tsc_adjust bmi1 avx2 smep bmi2 invpcid mpx rdseed adx smap clflushopt xsaveopt xsavec xsaves arat
bugs		:
bogomips	: 5615.47
clflush size	: 64
cache_alignment	: 64
address sizes	: 43 bits physical, 48 bits virtual
power management:



Memory: 4k page, physical 4032220k(86948k free), swap 524284k(0k free)

vm_info: Java HotSpot(TM) 64-Bit Server VM (25.151-b12) for linux-amd64 JRE (1.8.0_151-b12), built on Sep  5 2017 19:20:58 by "java_re" with gcc 4.3.0 20080428 (Red Hat 4.3.0-8)

time: Thu Nov  7 13:31:52 2019
elapsed time: 9 seconds (0d 0h 0m 9s)

